[35m[1mConsolidate compiler generated dependencies of target pid[0m
[100%] Built target pid
-- Install configuration: ""
-- Execute custom install script
-- Up-to-date symlink: /home/ricardo22/capture/src/install/pid/include/pid/pid.hpp
-- Up-to-date symlink: /home/ricardo22/capture/src/install/pid/share/pid/environment/library_path.sh
-- Up-to-date symlink: /home/ricardo22/capture/src/install/pid/share/pid/environment/library_path.dsv
-- Up-to-date symlink: /home/ricardo22/capture/src/install/pid/share/ament_index/resource_index/package_run_dependencies/pid
-- Up-to-date symlink: /home/ricardo22/capture/src/install/pid/share/ament_index/resource_index/parent_prefix_path/pid
-- Up-to-date symlink: /home/ricardo22/capture/src/install/pid/share/pid/environment/ament_prefix_path.sh
-- Up-to-date symlink: /home/ricardo22/capture/src/install/pid/share/pid/environment/ament_prefix_path.dsv
-- Up-to-date symlink: /home/ricardo22/capture/src/install/pid/share/pid/environment/path.sh
-- Up-to-date symlink: /home/ricardo22/capture/src/install/pid/share/pid/environment/path.dsv
-- Up-to-date symlink: /home/ricardo22/capture/src/install/pid/share/pid/local_setup.bash
-- Up-to-date symlink: /home/ricardo22/capture/src/install/pid/share/pid/local_setup.sh
-- Up-to-date symlink: /home/ricardo22/capture/src/install/pid/share/pid/local_setup.zsh
-- Up-to-date symlink: /home/ricardo22/capture/src/install/pid/share/pid/local_setup.dsv
-- Symlinking: /home/ricardo22/capture/src/install/pid/share/pid/package.dsv
-- Up-to-date symlink: /home/ricardo22/capture/src/install/pid/share/ament_index/resource_index/packages/pid
-- Up-to-date symlink: /home/ricardo22/capture/src/install/pid/share/pid/cmake/ament_cmake_export_targets-extras.cmake
-- Up-to-date symlink: /home/ricardo22/capture/src/install/pid/share/pid/cmake/pidConfig.cmake
-- Up-to-date symlink: /home/ricardo22/capture/src/install/pid/share/pid/cmake/pidConfig-version.cmake
-- Up-to-date symlink: /home/ricardo22/capture/src/install/pid/share/pid/package.xml
-- Up-to-date: /home/ricardo22/capture/src/install/pid/lib/libpid.a
-- Up-to-date: /home/ricardo22/capture/src/install/pid/share/pid/cmake/pidTargetsExport.cmake
-- Up-to-date: /home/ricardo22/capture/src/install/pid/share/pid/cmake/pidTargetsExport-noconfig.cmake
