[0.044s] Invoking command in '/home/ricardo22/capture/src/build/pegasus_console': AMENT_PREFIX_PATH=/home/ricardo22/capture/src/install/pegasus_utils:/home/ricardo22/capture/src/install/pegasus_msgs:${AMENT_PREFIX_PATH} CMAKE_PREFIX_PATH=/home/ricardo22/capture/src/install/pegasus_utils:/home/ricardo22/capture/src/install/pegasus_msgs:/home/ricardo22/capture/install/capture:/home/ricardo22/capture/install/pegasus:/home/ricardo22/capture/install/mavlink_interface:/home/ricardo22/capture/install/autopilot_controllers:/home/ricardo22/capture/install/thrust_curves:/home/ricardo22/capture/install/static_trajectories:/home/ricardo22/capture/install/static_trajectory_manager:/home/ricardo22/capture/install/pid:/home/ricardo22/capture/install/pegasus_console:/home/ricardo22/capture/install/capture_modes:/home/ricardo22/capture/install/autopilot_modes:/home/ricardo22/capture/install/pegasus_utils:/home/ricardo22/capture/install/box_geofencing:/home/ricardo22/capture/install/autopilot:/home/ricardo22/capture/install/pegasus_msgs:/home/ricardo22/capture/install/pegasus_gazebo:/home/ricardo22/capture/install/mocap_interface:/home/ricardo22/pegasus_external/install/vrpn_vendor:/home/ricardo22/pegasus_external/install/micro_xrce_vendor:/home/ricardo22/pegasus_external/install/mavsdk_vendor:/home/ricardo22/pegasus_external/install/casadi_vendor:/home/ricardo22/capture/install/pegasus_demos:/home/ricardo22/capture/install/capture_missions:/opt/ros/humble LD_LIBRARY_PATH=/home/ricardo22/capture/src/install/pegasus_msgs/lib:${LD_LIBRARY_PATH} PYTHONPATH=/home/ricardo22/capture/src/install/pegasus_msgs/local/lib/python3.10/dist-packages:${PYTHONPATH} /usr/bin/cmake /home/ricardo22/capture/src/pegasus/pegasus_console -DAMENT_CMAKE_SYMLINK_INSTALL=1 -DCMAKE_INSTALL_PREFIX=/home/ricardo22/capture/src/install/pegasus_console
[0.456s] -- The C compiler identification is GNU 11.4.0
[0.456s] -- The CXX compiler identification is GNU 11.4.0
[0.456s] -- Detecting C compiler ABI info
[0.456s] -- Detecting C compiler ABI info - done
[0.456s] -- Check for working C compiler: /usr/bin/cc - skipped
[0.456s] -- Detecting C compile features
[0.457s] -- Detecting C compile features - done
[0.457s] -- Detecting CXX compiler ABI info
[0.515s] -- Detecting CXX compiler ABI info - done
[0.528s] -- Check for working CXX compiler: /usr/bin/c++ - skipped
[0.528s] -- Detecting CXX compile features
[0.529s] -- Detecting CXX compile features - done
[0.537s] -- Found ament_cmake: 1.3.9 (/opt/ros/humble/share/ament_cmake/cmake)
[0.784s] -- Found Python3: /usr/bin/python3 (found version "3.10.12") found components: Interpreter 
[0.891s] -- Override CMake install command with custom implementation using symlinks instead of copying resources
[0.975s] -- Found rclcpp: 16.0.9 (/opt/ros/humble/share/rclcpp/cmake)
[1.066s] -- Found rosidl_generator_c: 3.1.5 (/opt/ros/humble/share/rosidl_generator_c/cmake)
[1.079s] -- Found rosidl_adapter: 3.1.5 (/opt/ros/humble/share/rosidl_adapter/cmake)
[1.096s] -- Found rosidl_generator_cpp: 3.1.5 (/opt/ros/humble/share/rosidl_generator_cpp/cmake)
[1.123s] -- Using all available rosidl_typesupport_c: rosidl_typesupport_fastrtps_c;rosidl_typesupport_introspection_c
[1.162s] -- Using all available rosidl_typesupport_cpp: rosidl_typesupport_fastrtps_cpp;rosidl_typesupport_introspection_cpp
[1.285s] -- Found rmw_implementation_cmake: 6.1.2 (/opt/ros/humble/share/rmw_implementation_cmake/cmake)
[1.293s] -- Found rmw_fastrtps_cpp: 6.2.6 (/opt/ros/humble/share/rmw_fastrtps_cpp/cmake)
[1.493s] -- Found OpenSSL: /usr/lib/x86_64-linux-gnu/libcrypto.so (found version "3.0.2")  
[1.538s] -- Found FastRTPS: /opt/ros/humble/include  
[1.616s] -- Using RMW implementation 'rmw_fastrtps_cpp' as default
[1.642s] -- Looking for pthread.h
[1.773s] -- Looking for pthread.h - found
[1.774s] -- Performing Test CMAKE_HAVE_LIBC_PTHREAD
[1.906s] -- Performing Test CMAKE_HAVE_LIBC_PTHREAD - Success
[1.908s] -- Found Threads: TRUE  
[2.183s] -- Found nav_msgs: 4.2.4 (/opt/ros/humble/share/nav_msgs/cmake)
[2.359s] -- Found pegasus_msgs: 1.0.0 (/home/ricardo22/capture/src/install/pegasus_msgs/share/pegasus_msgs/cmake)
[2.473s] -- Found pegasus_utils: 1.0.0 (/home/ricardo22/capture/src/install/pegasus_utils/share/pegasus_utils/cmake)
[8.485s] -- clang-tidy not found.
[8.485s] -- ftxui_set_options screen
[8.485s] -- ftxui_set_options dom
[8.486s] -- ftxui_set_options component
[8.546s] -- Could NOT find Doxygen (missing: DOXYGEN_EXECUTABLE) 
[8.547s] [0mDoxygen need to be installed to generate the doxygen documentation[0m
[8.559s] -- Found ament_lint_auto: 0.12.11 (/opt/ros/humble/share/ament_lint_auto/cmake)
[8.790s] -- Added test 'copyright' to check source files copyright and LICENSE
[8.793s] -- Added test 'cppcheck' to perform static code analysis on C / C++ code
[8.794s] -- Configured cppcheck include dirs: /home/ricardo22/capture/src/pegasus/pegasus_console/include/pegasus_console
[8.794s] -- Configured cppcheck exclude dirs and/or files: 
[8.797s] -- Added test 'cpplint' to check C / C++ code against the Google style
[8.797s] -- Configured cpplint exclude dirs and/or files: 
[8.799s] -- Added test 'flake8' to check Python code syntax and style conventions
[8.801s] -- Added test 'lint_cmake' to check CMake code style
[8.802s] -- Added test 'pep257' to check Python code against some of the docstring style conventions in PEP 257
[8.806s] -- Added test 'uncrustify' to check C / C++ code style
[8.806s] -- Configured uncrustify additional arguments: 
[8.807s] -- Added test 'xmllint' to check XML markup files
[8.812s] -- Configuring done
[9.068s] -- Generating done
[9.086s] -- Build files have been written to: /home/ricardo22/capture/src/build/pegasus_console
[9.115s] Invoked command in '/home/ricardo22/capture/src/build/pegasus_console' returned '0': AMENT_PREFIX_PATH=/home/ricardo22/capture/src/install/pegasus_utils:/home/ricardo22/capture/src/install/pegasus_msgs:${AMENT_PREFIX_PATH} CMAKE_PREFIX_PATH=/home/ricardo22/capture/src/install/pegasus_utils:/home/ricardo22/capture/src/install/pegasus_msgs:/home/ricardo22/capture/install/capture:/home/ricardo22/capture/install/pegasus:/home/ricardo22/capture/install/mavlink_interface:/home/ricardo22/capture/install/autopilot_controllers:/home/ricardo22/capture/install/thrust_curves:/home/ricardo22/capture/install/static_trajectories:/home/ricardo22/capture/install/static_trajectory_manager:/home/ricardo22/capture/install/pid:/home/ricardo22/capture/install/pegasus_console:/home/ricardo22/capture/install/capture_modes:/home/ricardo22/capture/install/autopilot_modes:/home/ricardo22/capture/install/pegasus_utils:/home/ricardo22/capture/install/box_geofencing:/home/ricardo22/capture/install/autopilot:/home/ricardo22/capture/install/pegasus_msgs:/home/ricardo22/capture/install/pegasus_gazebo:/home/ricardo22/capture/install/mocap_interface:/home/ricardo22/pegasus_external/install/vrpn_vendor:/home/ricardo22/pegasus_external/install/micro_xrce_vendor:/home/ricardo22/pegasus_external/install/mavsdk_vendor:/home/ricardo22/pegasus_external/install/casadi_vendor:/home/ricardo22/capture/install/pegasus_demos:/home/ricardo22/capture/install/capture_missions:/opt/ros/humble LD_LIBRARY_PATH=/home/ricardo22/capture/src/install/pegasus_msgs/lib:${LD_LIBRARY_PATH} PYTHONPATH=/home/ricardo22/capture/src/install/pegasus_msgs/local/lib/python3.10/dist-packages:${PYTHONPATH} /usr/bin/cmake /home/ricardo22/capture/src/pegasus/pegasus_console -DAMENT_CMAKE_SYMLINK_INSTALL=1 -DCMAKE_INSTALL_PREFIX=/home/ricardo22/capture/src/install/pegasus_console
[9.118s] Invoking command in '/home/ricardo22/capture/src/build/pegasus_console': AMENT_PREFIX_PATH=/home/ricardo22/capture/src/install/pegasus_utils:/home/ricardo22/capture/src/install/pegasus_msgs:${AMENT_PREFIX_PATH} CMAKE_PREFIX_PATH=/home/ricardo22/capture/src/install/pegasus_utils:/home/ricardo22/capture/src/install/pegasus_msgs:/home/ricardo22/capture/install/capture:/home/ricardo22/capture/install/pegasus:/home/ricardo22/capture/install/mavlink_interface:/home/ricardo22/capture/install/autopilot_controllers:/home/ricardo22/capture/install/thrust_curves:/home/ricardo22/capture/install/static_trajectories:/home/ricardo22/capture/install/static_trajectory_manager:/home/ricardo22/capture/install/pid:/home/ricardo22/capture/install/pegasus_console:/home/ricardo22/capture/install/capture_modes:/home/ricardo22/capture/install/autopilot_modes:/home/ricardo22/capture/install/pegasus_utils:/home/ricardo22/capture/install/box_geofencing:/home/ricardo22/capture/install/autopilot:/home/ricardo22/capture/install/pegasus_msgs:/home/ricardo22/capture/install/pegasus_gazebo:/home/ricardo22/capture/install/mocap_interface:/home/ricardo22/pegasus_external/install/vrpn_vendor:/home/ricardo22/pegasus_external/install/micro_xrce_vendor:/home/ricardo22/pegasus_external/install/mavsdk_vendor:/home/ricardo22/pegasus_external/install/casadi_vendor:/home/ricardo22/capture/install/pegasus_demos:/home/ricardo22/capture/install/capture_missions:/opt/ros/humble LD_LIBRARY_PATH=/home/ricardo22/capture/src/install/pegasus_msgs/lib:${LD_LIBRARY_PATH} PYTHONPATH=/home/ricardo22/capture/src/install/pegasus_msgs/local/lib/python3.10/dist-packages:${PYTHONPATH} /usr/bin/cmake --build /home/ricardo22/capture/src/build/pegasus_console -- -j8 -l8
[9.284s] [  0%] [32mBuilding CXX object _deps/ftxui-build/CMakeFiles/screen.dir/src/ftxui/screen/color.cpp.o[0m
[9.285s] [  3%] [32mBuilding CXX object _deps/ftxui-build/CMakeFiles/screen.dir/src/ftxui/screen/box.cpp.o[0m
[9.289s] [  3%] [32mBuilding CXX object _deps/ftxui-build/CMakeFiles/screen.dir/src/ftxui/screen/screen.cpp.o[0m
[9.309s] [  9%] [32mBuilding CXX object _deps/ftxui-build/CMakeFiles/screen.dir/src/ftxui/screen/color_info.cpp.o[0m
[9.310s] [  9%] [32mBuilding CXX object _deps/ftxui-build/CMakeFiles/screen.dir/src/ftxui/screen/string.cpp.o[0m
[9.314s] [  9%] [32mBuilding CXX object _deps/ftxui-build/CMakeFiles/screen.dir/src/ftxui/screen/terminal.cpp.o[0m
[11.344s] [ 12%] [32m[1mLinking CXX static library libftxui-screen.a[0m
[11.458s] [ 12%] Built target screen
[11.503s] [ 12%] [32mBuilding CXX object _deps/ftxui-build/CMakeFiles/dom.dir/src/ftxui/dom/bold.cpp.o[0m
[11.503s] [ 15%] [32mBuilding CXX object _deps/ftxui-build/CMakeFiles/dom.dir/src/ftxui/dom/blink.cpp.o[0m
[11.508s] [ 15%] [32mBuilding CXX object _deps/ftxui-build/CMakeFiles/dom.dir/src/ftxui/dom/box_helper.cpp.o[0m
[11.513s] [ 18%] [32mBuilding CXX object _deps/ftxui-build/CMakeFiles/dom.dir/src/ftxui/dom/border.cpp.o[0m
[11.529s] [ 21%] [32mBuilding CXX object _deps/ftxui-build/CMakeFiles/dom.dir/src/ftxui/dom/canvas.cpp.o[0m
[11.531s] [ 21%] [32mBuilding CXX object _deps/ftxui-build/CMakeFiles/dom.dir/src/ftxui/dom/automerge.cpp.o[0m
[11.541s] [ 25%] [32mBuilding CXX object _deps/ftxui-build/CMakeFiles/dom.dir/src/ftxui/dom/color.cpp.o[0m
[11.542s] [ 25%] [32mBuilding CXX object _deps/ftxui-build/CMakeFiles/dom.dir/src/ftxui/dom/clear_under.cpp.o[0m
[13.352s] [ 25%] [32mBuilding CXX object _deps/ftxui-build/CMakeFiles/dom.dir/src/ftxui/dom/composite_decorator.cpp.o[0m
[13.527s] [ 25%] [32mBuilding CXX object _deps/ftxui-build/CMakeFiles/dom.dir/src/ftxui/dom/dbox.cpp.o[0m
[13.760s] [ 28%] [32mBuilding CXX object _deps/ftxui-build/CMakeFiles/dom.dir/src/ftxui/dom/dim.cpp.o[0m
[13.941s] [ 28%] [32mBuilding CXX object _deps/ftxui-build/CMakeFiles/dom.dir/src/ftxui/dom/flex.cpp.o[0m
[13.980s] [ 31%] [32mBuilding CXX object _deps/ftxui-build/CMakeFiles/dom.dir/src/ftxui/dom/flexbox.cpp.o[0m
[14.447s] [ 31%] [32mBuilding CXX object _deps/ftxui-build/CMakeFiles/dom.dir/src/ftxui/dom/flexbox_config.cpp.o[0m
[14.658s] [ 34%] [32mBuilding CXX object _deps/ftxui-build/CMakeFiles/dom.dir/src/ftxui/dom/flexbox_helper.cpp.o[0m
[15.004s] [ 34%] [32mBuilding CXX object _deps/ftxui-build/CMakeFiles/dom.dir/src/ftxui/dom/focus.cpp.o[0m
[15.628s] [ 34%] [32mBuilding CXX object _deps/ftxui-build/CMakeFiles/dom.dir/src/ftxui/dom/frame.cpp.o[0m
[15.722s] [ 37%] [32mBuilding CXX object _deps/ftxui-build/CMakeFiles/dom.dir/src/ftxui/dom/gauge.cpp.o[0m
[15.743s] [ 37%] [32mBuilding CXX object _deps/ftxui-build/CMakeFiles/dom.dir/src/ftxui/dom/graph.cpp.o[0m
[15.927s] [ 40%] [32mBuilding CXX object _deps/ftxui-build/CMakeFiles/dom.dir/src/ftxui/dom/gridbox.cpp.o[0m
[16.003s] [ 40%] [32mBuilding CXX object _deps/ftxui-build/CMakeFiles/dom.dir/src/ftxui/dom/hbox.cpp.o[0m
[16.948s] [ 43%] [32mBuilding CXX object _deps/ftxui-build/CMakeFiles/dom.dir/src/ftxui/dom/inverted.cpp.o[0m
[17.486s] [ 43%] [32mBuilding CXX object _deps/ftxui-build/CMakeFiles/dom.dir/src/ftxui/dom/linear_gradient.cpp.o[0m
[17.652s] [ 46%] [32mBuilding CXX object _deps/ftxui-build/CMakeFiles/dom.dir/src/ftxui/dom/node.cpp.o[0m
[17.841s] [ 46%] [32mBuilding CXX object _deps/ftxui-build/CMakeFiles/dom.dir/src/ftxui/dom/node_decorator.cpp.o[0m
[17.908s] [ 46%] [32mBuilding CXX object _deps/ftxui-build/CMakeFiles/dom.dir/src/ftxui/dom/paragraph.cpp.o[0m
[18.149s] [ 50%] [32mBuilding CXX object _deps/ftxui-build/CMakeFiles/dom.dir/src/ftxui/dom/reflect.cpp.o[0m
[18.379s] [ 50%] [32mBuilding CXX object _deps/ftxui-build/CMakeFiles/dom.dir/src/ftxui/dom/scroll_indicator.cpp.o[0m
[18.458s] [ 53%] [32mBuilding CXX object _deps/ftxui-build/CMakeFiles/dom.dir/src/ftxui/dom/separator.cpp.o[0m
[18.839s] [ 53%] [32mBuilding CXX object _deps/ftxui-build/CMakeFiles/dom.dir/src/ftxui/dom/size.cpp.o[0m
[19.421s] [ 53%] [32mBuilding CXX object _deps/ftxui-build/CMakeFiles/dom.dir/src/ftxui/dom/strikethrough.cpp.o[0m
[19.479s] [ 56%] [32mBuilding CXX object _deps/ftxui-build/CMakeFiles/dom.dir/src/ftxui/dom/spinner.cpp.o[0m
[20.188s] [ 59%] [32mBuilding CXX object _deps/ftxui-build/CMakeFiles/dom.dir/src/ftxui/dom/table.cpp.o[0m
[20.207s] [ 59%] [32mBuilding CXX object _deps/ftxui-build/CMakeFiles/dom.dir/src/ftxui/dom/text.cpp.o[0m
[20.487s] [ 59%] [32mBuilding CXX object _deps/ftxui-build/CMakeFiles/dom.dir/src/ftxui/dom/underlined.cpp.o[0m
[20.670s] [ 62%] [32mBuilding CXX object _deps/ftxui-build/CMakeFiles/dom.dir/src/ftxui/dom/underlined_double.cpp.o[0m
[20.851s] [ 62%] [32mBuilding CXX object _deps/ftxui-build/CMakeFiles/dom.dir/src/ftxui/dom/util.cpp.o[0m
[21.251s] [ 65%] [32mBuilding CXX object _deps/ftxui-build/CMakeFiles/dom.dir/src/ftxui/dom/vbox.cpp.o[0m
[23.618s] [ 65%] [32m[1mLinking CXX static library libftxui-dom.a[0m
[23.747s] [ 65%] Built target dom
[23.789s] [ 65%] [32mBuilding CXX object _deps/ftxui-build/CMakeFiles/component.dir/src/ftxui/component/button.cpp.o[0m
[23.790s] [ 71%] [32mBuilding CXX object _deps/ftxui-build/CMakeFiles/component.dir/src/ftxui/component/catch_event.cpp.o[0m
[23.790s] [ 71%] [32mBuilding CXX object _deps/ftxui-build/CMakeFiles/component.dir/src/ftxui/component/collapsible.cpp.o[0m
[23.790s] [ 71%] [32mBuilding CXX object _deps/ftxui-build/CMakeFiles/component.dir/src/ftxui/component/checkbox.cpp.o[0m
[23.794s] [ 71%] [32mBuilding CXX object _deps/ftxui-build/CMakeFiles/component.dir/src/ftxui/component/animation.cpp.o[0m
[23.797s] [ 71%] [32mBuilding CXX object _deps/ftxui-build/CMakeFiles/component.dir/src/ftxui/component/component.cpp.o[0m
[23.806s] [ 75%] [32mBuilding CXX object _deps/ftxui-build/CMakeFiles/component.dir/src/ftxui/component/component_options.cpp.o[0m
[23.813s] [ 75%] [32mBuilding CXX object _deps/ftxui-build/CMakeFiles/component.dir/src/ftxui/component/container.cpp.o[0m
[25.921s] [ 75%] [32mBuilding CXX object _deps/ftxui-build/CMakeFiles/component.dir/src/ftxui/component/dropdown.cpp.o[0m
[26.341s] [ 78%] [32mBuilding CXX object _deps/ftxui-build/CMakeFiles/component.dir/src/ftxui/component/event.cpp.o[0m
[26.760s] [ 78%] [32mBuilding CXX object _deps/ftxui-build/CMakeFiles/component.dir/src/ftxui/component/hoverable.cpp.o[0m
[26.802s] [ 81%] [32mBuilding CXX object _deps/ftxui-build/CMakeFiles/component.dir/src/ftxui/component/input.cpp.o[0m
[26.834s] [ 81%] [32mBuilding CXX object _deps/ftxui-build/CMakeFiles/component.dir/src/ftxui/component/loop.cpp.o[0m
[26.995s] [ 84%] [32mBuilding CXX object _deps/ftxui-build/CMakeFiles/component.dir/src/ftxui/component/maybe.cpp.o[0m
[27.397s] [ 84%] [32mBuilding CXX object _deps/ftxui-build/CMakeFiles/component.dir/src/ftxui/component/menu.cpp.o[0m
[27.491s] [ 87%] [32mBuilding CXX object _deps/ftxui-build/CMakeFiles/component.dir/src/ftxui/component/modal.cpp.o[0m
[28.373s] [ 87%] [32mBuilding CXX object _deps/ftxui-build/CMakeFiles/component.dir/src/ftxui/component/radiobox.cpp.o[0m
[29.155s] [ 87%] [32mBuilding CXX object _deps/ftxui-build/CMakeFiles/component.dir/src/ftxui/component/renderer.cpp.o[0m
[29.525s] [ 90%] [32mBuilding CXX object _deps/ftxui-build/CMakeFiles/component.dir/src/ftxui/component/resizable_split.cpp.o[0m
[29.558s] [ 90%] [32mBuilding CXX object _deps/ftxui-build/CMakeFiles/component.dir/src/ftxui/component/screen_interactive.cpp.o[0m
[30.129s] [ 93%] [32mBuilding CXX object _deps/ftxui-build/CMakeFiles/component.dir/src/ftxui/component/slider.cpp.o[0m
[30.383s] [ 93%] [32mBuilding CXX object _deps/ftxui-build/CMakeFiles/component.dir/src/ftxui/component/terminal_input_parser.cpp.o[0m
[31.407s] [ 96%] [32mBuilding CXX object _deps/ftxui-build/CMakeFiles/component.dir/src/ftxui/component/util.cpp.o[0m
[34.970s] [ 96%] [32m[1mLinking CXX static library libftxui-component.a[0m
[35.081s] [ 96%] Built target component
[35.128s] [100%] [32mBuilding CXX object CMakeFiles/pegasus_console.dir/src/console_node.cpp.o[0m
[35.130s] [100%] [32mBuilding CXX object CMakeFiles/pegasus_console.dir/src/console_ui.cpp.o[0m
[35.130s] [100%] [32mBuilding CXX object CMakeFiles/pegasus_console.dir/src/main.cpp.o[0m
[94.104s] [100%] [32m[1mLinking CXX executable pegasus_console[0m
[94.495s] [100%] Built target pegasus_console
