[35m[1mConsolidate compiler generated dependencies of target gen[0m
[35m[1mConsolidate compiler generated dependencies of target capture_modes[0m
[ 50%] Built target gen
[100%] Built target capture_modes
-- Install configuration: ""
-- Execute custom install script
-- Symlinking: /home/ricardo22/capture/src/install/capture_modes/share/capture_modes//autopilot_mode_plugins.xml
-- Symlinking: /home/ricardo22/capture/src/install/capture_modes/include/capture_modes/gen.h
-- Symlinking: /home/ricardo22/capture/src/install/capture_modes/include/capture_modes/mode_capture_target.hpp
-- Symlinking: /home/ricardo22/capture/src/install/capture_modes/share/capture_modes/environment/library_path.sh
-- Symlinking: /home/ricardo22/capture/src/install/capture_modes/share/capture_modes/environment/library_path.dsv
-- Symlinking: /home/ricardo22/capture/src/install/capture_modes/share/ament_index/resource_index/package_run_dependencies/capture_modes
-- Symlinking: /home/ricardo22/capture/src/install/capture_modes/share/ament_index/resource_index/parent_prefix_path/capture_modes
-- Symlinking: /home/ricardo22/capture/src/install/capture_modes/share/capture_modes/environment/ament_prefix_path.sh
-- Symlinking: /home/ricardo22/capture/src/install/capture_modes/share/capture_modes/environment/ament_prefix_path.dsv
-- Symlinking: /home/ricardo22/capture/src/install/capture_modes/share/capture_modes/environment/path.sh
-- Symlinking: /home/ricardo22/capture/src/install/capture_modes/share/capture_modes/environment/path.dsv
-- Symlinking: /home/ricardo22/capture/src/install/capture_modes/share/capture_modes/local_setup.bash
-- Symlinking: /home/ricardo22/capture/src/install/capture_modes/share/capture_modes/local_setup.sh
-- Symlinking: /home/ricardo22/capture/src/install/capture_modes/share/capture_modes/local_setup.zsh
-- Symlinking: /home/ricardo22/capture/src/install/capture_modes/share/capture_modes/local_setup.dsv
-- Symlinking: /home/ricardo22/capture/src/install/capture_modes/share/capture_modes/package.dsv
-- Symlinking: /home/ricardo22/capture/src/install/capture_modes/share/ament_index/resource_index/packages/capture_modes
-- Symlinking: /home/ricardo22/capture/src/install/capture_modes/share/ament_index/resource_index/autopilot__pluginlib__plugin/capture_modes
-- Symlinking: /home/ricardo22/capture/src/install/capture_modes/share/capture_modes/cmake/ament_cmake_export_include_directories-extras.cmake
-- Symlinking: /home/ricardo22/capture/src/install/capture_modes/share/capture_modes/cmake/ament_cmake_export_libraries-extras.cmake
-- Symlinking: /home/ricardo22/capture/src/install/capture_modes/share/capture_modes/cmake/ament_cmake_export_dependencies-extras.cmake
-- Symlinking: /home/ricardo22/capture/src/install/capture_modes/share/capture_modes/cmake/ament_cmake_export_targets-extras.cmake
-- Symlinking: /home/ricardo22/capture/src/install/capture_modes/share/capture_modes/cmake/capture_modesConfig.cmake
-- Symlinking: /home/ricardo22/capture/src/install/capture_modes/share/capture_modes/cmake/capture_modesConfig-version.cmake
-- Symlinking: /home/ricardo22/capture/src/install/capture_modes/share/capture_modes/package.xml
-- Installing: /home/ricardo22/capture/src/install/capture_modes/lib/libcapture_modes.so
-- Set runtime path of "/home/ricardo22/capture/src/install/capture_modes/lib/libcapture_modes.so" to ""
-- Installing: /home/ricardo22/capture/src/install/capture_modes/lib/libgen.so
-- Set runtime path of "/home/ricardo22/capture/src/install/capture_modes/lib/libgen.so" to ""
-- Installing: /home/ricardo22/capture/src/install/capture_modes/share/capture_modes/cmake/export_capture_modesExport.cmake
-- Installing: /home/ricardo22/capture/src/install/capture_modes/share/capture_modes/cmake/export_capture_modesExport-noconfig.cmake
