[35m[1mConsolidate compiler generated dependencies of target autopilot_modes[0m
[ 11%] [32mBuilding CXX object CMakeFiles/autopilot_modes.dir/src/mode_waypoint.cpp.o[0m
[ 22%] [32m[1mLinking CXX shared library libautopilot_modes.so[0m
[100%] Built target autopilot_modes
-- Install configuration: ""
-- Execute custom install script
-- Symlinking: /home/ricardo22/capture/src/install/autopilot_modes/share/autopilot_modes//autopilot_mode_plugins.xml
-- Symlinking: /home/ricardo22/capture/src/install/autopilot_modes/include/autopilot_modes/mode_arm.hpp
-- Symlinking: /home/ricardo22/capture/src/install/autopilot_modes/include/autopilot_modes/mode_disarm.hpp
-- Symlinking: /home/ricardo22/capture/src/install/autopilot_modes/include/autopilot_modes/mode_follow_trajectory.hpp
-- Symlinking: /home/ricardo22/capture/src/install/autopilot_modes/include/autopilot_modes/mode_hold.hpp
-- Symlinking: /home/ricardo22/capture/src/install/autopilot_modes/include/autopilot_modes/mode_land.hpp
-- Symlinking: /home/ricardo22/capture/src/install/autopilot_modes/include/autopilot_modes/mode_pass_through.hpp
-- Symlinking: /home/ricardo22/capture/src/install/autopilot_modes/include/autopilot_modes/mode_takeoff.hpp
-- Symlinking: /home/ricardo22/capture/src/install/autopilot_modes/include/autopilot_modes/mode_waypoint.hpp
-- Symlinking: /home/ricardo22/capture/src/install/autopilot_modes/include/autopilot_modes/visibility_control.h
-- Symlinking: /home/ricardo22/capture/src/install/autopilot_modes/share/autopilot_modes/environment/library_path.sh
-- Symlinking: /home/ricardo22/capture/src/install/autopilot_modes/share/autopilot_modes/environment/library_path.dsv
-- Symlinking: /home/ricardo22/capture/src/install/autopilot_modes/share/ament_index/resource_index/package_run_dependencies/autopilot_modes
-- Symlinking: /home/ricardo22/capture/src/install/autopilot_modes/share/ament_index/resource_index/parent_prefix_path/autopilot_modes
-- Symlinking: /home/ricardo22/capture/src/install/autopilot_modes/share/autopilot_modes/environment/ament_prefix_path.sh
-- Symlinking: /home/ricardo22/capture/src/install/autopilot_modes/share/autopilot_modes/environment/ament_prefix_path.dsv
-- Symlinking: /home/ricardo22/capture/src/install/autopilot_modes/share/autopilot_modes/environment/path.sh
-- Symlinking: /home/ricardo22/capture/src/install/autopilot_modes/share/autopilot_modes/environment/path.dsv
-- Symlinking: /home/ricardo22/capture/src/install/autopilot_modes/share/autopilot_modes/local_setup.bash
-- Symlinking: /home/ricardo22/capture/src/install/autopilot_modes/share/autopilot_modes/local_setup.sh
-- Symlinking: /home/ricardo22/capture/src/install/autopilot_modes/share/autopilot_modes/local_setup.zsh
-- Symlinking: /home/ricardo22/capture/src/install/autopilot_modes/share/autopilot_modes/local_setup.dsv
-- Symlinking: /home/ricardo22/capture/src/install/autopilot_modes/share/autopilot_modes/package.dsv
-- Symlinking: /home/ricardo22/capture/src/install/autopilot_modes/share/ament_index/resource_index/packages/autopilot_modes
-- Symlinking: /home/ricardo22/capture/src/install/autopilot_modes/share/ament_index/resource_index/autopilot__pluginlib__plugin/autopilot_modes
-- Symlinking: /home/ricardo22/capture/src/install/autopilot_modes/share/autopilot_modes/cmake/ament_cmake_export_include_directories-extras.cmake
-- Symlinking: /home/ricardo22/capture/src/install/autopilot_modes/share/autopilot_modes/cmake/ament_cmake_export_libraries-extras.cmake
-- Symlinking: /home/ricardo22/capture/src/install/autopilot_modes/share/autopilot_modes/cmake/ament_cmake_export_dependencies-extras.cmake
-- Symlinking: /home/ricardo22/capture/src/install/autopilot_modes/share/autopilot_modes/cmake/ament_cmake_export_targets-extras.cmake
-- Symlinking: /home/ricardo22/capture/src/install/autopilot_modes/share/autopilot_modes/cmake/autopilot_modesConfig.cmake
-- Symlinking: /home/ricardo22/capture/src/install/autopilot_modes/share/autopilot_modes/cmake/autopilot_modesConfig-version.cmake
-- Symlinking: /home/ricardo22/capture/src/install/autopilot_modes/share/autopilot_modes/package.xml
-- Installing: /home/ricardo22/capture/src/install/autopilot_modes/lib/libautopilot_modes.so
-- Set runtime path of "/home/ricardo22/capture/src/install/autopilot_modes/lib/libautopilot_modes.so" to ""
-- Installing: /home/ricardo22/capture/src/install/autopilot_modes/share/autopilot_modes/cmake/export_autopilot_modesExport.cmake
-- Installing: /home/ricardo22/capture/src/install/autopilot_modes/share/autopilot_modes/cmake/export_autopilot_modesExport-noconfig.cmake
