[0.068s] Invoking command in '/home/ricardo22/capture/src/build/autopilot_modes': AMENT_PREFIX_PATH=/home/ricardo22/capture/src/install/autopilot:/home/ricardo22/capture/src/install/pegasus_utils:/home/ricardo22/capture/src/install/pegasus_msgs:${AMENT_PREFIX_PATH} CMAKE_PREFIX_PATH=/home/ricardo22/capture/src/install/autopilot:/home/ricardo22/capture/src/install/pegasus_utils:/home/ricardo22/capture/src/install/pegasus_msgs:/home/ricardo22/capture/install/capture:/home/ricardo22/capture/install/pegasus:/home/ricardo22/capture/install/mavlink_interface:/home/ricardo22/capture/install/autopilot_controllers:/home/ricardo22/capture/install/thrust_curves:/home/ricardo22/capture/install/static_trajectories:/home/ricardo22/capture/install/static_trajectory_manager:/home/ricardo22/capture/install/pid:/home/ricardo22/capture/install/pegasus_console:/home/ricardo22/capture/install/capture_modes:/home/ricardo22/capture/install/autopilot_modes:/home/ricardo22/capture/install/pegasus_utils:/home/ricardo22/capture/install/box_geofencing:/home/ricardo22/capture/install/autopilot:/home/ricardo22/capture/install/pegasus_msgs:/home/ricardo22/capture/install/pegasus_gazebo:/home/ricardo22/capture/install/mocap_interface:/home/ricardo22/pegasus_external/install/vrpn_vendor:/home/ricardo22/pegasus_external/install/micro_xrce_vendor:/home/ricardo22/pegasus_external/install/mavsdk_vendor:/home/ricardo22/pegasus_external/install/casadi_vendor:/home/ricardo22/capture/install/pegasus_demos:/home/ricardo22/capture/install/capture_missions:/opt/ros/humble LD_LIBRARY_PATH=/home/ricardo22/capture/src/install/pegasus_msgs/lib:${LD_LIBRARY_PATH} PYTHONPATH=/home/ricardo22/capture/src/install/pegasus_msgs/local/lib/python3.10/dist-packages:${PYTHONPATH} /usr/bin/cmake --build /home/ricardo22/capture/src/build/autopilot_modes -- -j8 -l8
[0.232s] [ 11%] [32mBuilding CXX object CMakeFiles/autopilot_modes.dir/src/mode_waypoint.cpp.o[0m
[6.828s] [ 22%] [32m[1mLinking CXX shared library libautopilot_modes.so[0m
[7.122s] [100%] Built target autopilot_modes
[7.141s] Invoked command in '/home/ricardo22/capture/src/build/autopilot_modes' returned '0': AMENT_PREFIX_PATH=/home/ricardo22/capture/src/install/autopilot:/home/ricardo22/capture/src/install/pegasus_utils:/home/ricardo22/capture/src/install/pegasus_msgs:${AMENT_PREFIX_PATH} CMAKE_PREFIX_PATH=/home/ricardo22/capture/src/install/autopilot:/home/ricardo22/capture/src/install/pegasus_utils:/home/ricardo22/capture/src/install/pegasus_msgs:/home/ricardo22/capture/install/capture:/home/ricardo22/capture/install/pegasus:/home/ricardo22/capture/install/mavlink_interface:/home/ricardo22/capture/install/autopilot_controllers:/home/ricardo22/capture/install/thrust_curves:/home/ricardo22/capture/install/static_trajectories:/home/ricardo22/capture/install/static_trajectory_manager:/home/ricardo22/capture/install/pid:/home/ricardo22/capture/install/pegasus_console:/home/ricardo22/capture/install/capture_modes:/home/ricardo22/capture/install/autopilot_modes:/home/ricardo22/capture/install/pegasus_utils:/home/ricardo22/capture/install/box_geofencing:/home/ricardo22/capture/install/autopilot:/home/ricardo22/capture/install/pegasus_msgs:/home/ricardo22/capture/install/pegasus_gazebo:/home/ricardo22/capture/install/mocap_interface:/home/ricardo22/pegasus_external/install/vrpn_vendor:/home/ricardo22/pegasus_external/install/micro_xrce_vendor:/home/ricardo22/pegasus_external/install/mavsdk_vendor:/home/ricardo22/pegasus_external/install/casadi_vendor:/home/ricardo22/capture/install/pegasus_demos:/home/ricardo22/capture/install/capture_missions:/opt/ros/humble LD_LIBRARY_PATH=/home/ricardo22/capture/src/install/pegasus_msgs/lib:${LD_LIBRARY_PATH} PYTHONPATH=/home/ricardo22/capture/src/install/pegasus_msgs/local/lib/python3.10/dist-packages:${PYTHONPATH} /usr/bin/cmake --build /home/ricardo22/capture/src/build/autopilot_modes -- -j8 -l8
[7.292s] Invoking command in '/home/ricardo22/capture/src/build/autopilot_modes': AMENT_PREFIX_PATH=/home/ricardo22/capture/src/install/autopilot:/home/ricardo22/capture/src/install/pegasus_utils:/home/ricardo22/capture/src/install/pegasus_msgs:${AMENT_PREFIX_PATH} CMAKE_PREFIX_PATH=/home/ricardo22/capture/src/install/autopilot:/home/ricardo22/capture/src/install/pegasus_utils:/home/ricardo22/capture/src/install/pegasus_msgs:/home/ricardo22/capture/install/capture:/home/ricardo22/capture/install/pegasus:/home/ricardo22/capture/install/mavlink_interface:/home/ricardo22/capture/install/autopilot_controllers:/home/ricardo22/capture/install/thrust_curves:/home/ricardo22/capture/install/static_trajectories:/home/ricardo22/capture/install/static_trajectory_manager:/home/ricardo22/capture/install/pid:/home/ricardo22/capture/install/pegasus_console:/home/ricardo22/capture/install/capture_modes:/home/ricardo22/capture/install/autopilot_modes:/home/ricardo22/capture/install/pegasus_utils:/home/ricardo22/capture/install/box_geofencing:/home/ricardo22/capture/install/autopilot:/home/ricardo22/capture/install/pegasus_msgs:/home/ricardo22/capture/install/pegasus_gazebo:/home/ricardo22/capture/install/mocap_interface:/home/ricardo22/pegasus_external/install/vrpn_vendor:/home/ricardo22/pegasus_external/install/micro_xrce_vendor:/home/ricardo22/pegasus_external/install/mavsdk_vendor:/home/ricardo22/pegasus_external/install/casadi_vendor:/home/ricardo22/capture/install/pegasus_demos:/home/ricardo22/capture/install/capture_missions:/opt/ros/humble LD_LIBRARY_PATH=/home/ricardo22/capture/src/install/pegasus_msgs/lib:${LD_LIBRARY_PATH} PYTHONPATH=/home/ricardo22/capture/src/install/pegasus_msgs/local/lib/python3.10/dist-packages:${PYTHONPATH} /usr/bin/cmake --install /home/ricardo22/capture/src/build/autopilot_modes
[7.303s] -- Install configuration: ""
[7.304s] -- Execute custom install script
[7.305s] -- Up-to-date symlink: /home/ricardo22/capture/src/install/autopilot_modes/share/autopilot_modes//autopilot_mode_plugins.xml
[7.306s] -- Up-to-date symlink: /home/ricardo22/capture/src/install/autopilot_modes/include/autopilot_modes/mode_arm.hpp
[7.306s] -- Up-to-date symlink: /home/ricardo22/capture/src/install/autopilot_modes/include/autopilot_modes/mode_disarm.hpp
[7.306s] -- Up-to-date symlink: /home/ricardo22/capture/src/install/autopilot_modes/include/autopilot_modes/mode_follow_trajectory.hpp
[7.306s] -- Up-to-date symlink: /home/ricardo22/capture/src/install/autopilot_modes/include/autopilot_modes/mode_hold.hpp
[7.307s] -- Up-to-date symlink: /home/ricardo22/capture/src/install/autopilot_modes/include/autopilot_modes/mode_land.hpp
[7.307s] -- Up-to-date symlink: /home/ricardo22/capture/src/install/autopilot_modes/include/autopilot_modes/mode_pass_through.hpp
[7.307s] -- Up-to-date symlink: /home/ricardo22/capture/src/install/autopilot_modes/include/autopilot_modes/mode_takeoff.hpp
[7.308s] -- Up-to-date symlink: /home/ricardo22/capture/src/install/autopilot_modes/include/autopilot_modes/mode_waypoint.hpp
[7.308s] -- Up-to-date symlink: /home/ricardo22/capture/src/install/autopilot_modes/include/autopilot_modes/visibility_control.h
[7.308s] -- Up-to-date symlink: /home/ricardo22/capture/src/install/autopilot_modes/share/autopilot_modes/environment/library_path.sh
[7.308s] -- Up-to-date symlink: /home/ricardo22/capture/src/install/autopilot_modes/share/autopilot_modes/environment/library_path.dsv
[7.308s] -- Up-to-date symlink: /home/ricardo22/capture/src/install/autopilot_modes/share/ament_index/resource_index/package_run_dependencies/autopilot_modes
[7.309s] -- Up-to-date symlink: /home/ricardo22/capture/src/install/autopilot_modes/share/ament_index/resource_index/parent_prefix_path/autopilot_modes
[7.309s] -- Up-to-date symlink: /home/ricardo22/capture/src/install/autopilot_modes/share/autopilot_modes/environment/ament_prefix_path.sh
[7.309s] -- Up-to-date symlink: /home/ricardo22/capture/src/install/autopilot_modes/share/autopilot_modes/environment/ament_prefix_path.dsv
[7.309s] -- Up-to-date symlink: /home/ricardo22/capture/src/install/autopilot_modes/share/autopilot_modes/environment/path.sh
[7.310s] -- Up-to-date symlink: /home/ricardo22/capture/src/install/autopilot_modes/share/autopilot_modes/environment/path.dsv
[7.310s] -- Up-to-date symlink: /home/ricardo22/capture/src/install/autopilot_modes/share/autopilot_modes/local_setup.bash
[7.310s] -- Up-to-date symlink: /home/ricardo22/capture/src/install/autopilot_modes/share/autopilot_modes/local_setup.sh
[7.310s] -- Up-to-date symlink: /home/ricardo22/capture/src/install/autopilot_modes/share/autopilot_modes/local_setup.zsh
[7.310s] -- Up-to-date symlink: /home/ricardo22/capture/src/install/autopilot_modes/share/autopilot_modes/local_setup.dsv
[7.311s] -- Symlinking: /home/ricardo22/capture/src/install/autopilot_modes/share/autopilot_modes/package.dsv
[7.325s] -- Up-to-date symlink: /home/ricardo22/capture/src/install/autopilot_modes/share/ament_index/resource_index/packages/autopilot_modes
[7.326s] -- Up-to-date symlink: /home/ricardo22/capture/src/install/autopilot_modes/share/ament_index/resource_index/autopilot__pluginlib__plugin/autopilot_modes
[7.326s] -- Up-to-date symlink: /home/ricardo22/capture/src/install/autopilot_modes/share/autopilot_modes/cmake/ament_cmake_export_include_directories-extras.cmake
[7.327s] -- Up-to-date symlink: /home/ricardo22/capture/src/install/autopilot_modes/share/autopilot_modes/cmake/ament_cmake_export_libraries-extras.cmake
[7.327s] -- Up-to-date symlink: /home/ricardo22/capture/src/install/autopilot_modes/share/autopilot_modes/cmake/ament_cmake_export_dependencies-extras.cmake
[7.327s] -- Up-to-date symlink: /home/ricardo22/capture/src/install/autopilot_modes/share/autopilot_modes/cmake/ament_cmake_export_targets-extras.cmake
[7.328s] -- Up-to-date symlink: /home/ricardo22/capture/src/install/autopilot_modes/share/autopilot_modes/cmake/autopilot_modesConfig.cmake
[7.328s] -- Up-to-date symlink: /home/ricardo22/capture/src/install/autopilot_modes/share/autopilot_modes/cmake/autopilot_modesConfig-version.cmake
[7.329s] -- Up-to-date symlink: /home/ricardo22/capture/src/install/autopilot_modes/share/autopilot_modes/package.xml
[7.330s] -- Installing: /home/ricardo22/capture/src/install/autopilot_modes/lib/libautopilot_modes.so
[7.332s] -- Set runtime path of "/home/ricardo22/capture/src/install/autopilot_modes/lib/libautopilot_modes.so" to ""
[7.333s] -- Up-to-date: /home/ricardo22/capture/src/install/autopilot_modes/share/autopilot_modes/cmake/export_autopilot_modesExport.cmake
[7.333s] -- Up-to-date: /home/ricardo22/capture/src/install/autopilot_modes/share/autopilot_modes/cmake/export_autopilot_modesExport-noconfig.cmake
[7.337s] Invoked command in '/home/ricardo22/capture/src/build/autopilot_modes' returned '0': AMENT_PREFIX_PATH=/home/ricardo22/capture/src/install/autopilot:/home/ricardo22/capture/src/install/pegasus_utils:/home/ricardo22/capture/src/install/pegasus_msgs:${AMENT_PREFIX_PATH} CMAKE_PREFIX_PATH=/home/ricardo22/capture/src/install/autopilot:/home/ricardo22/capture/src/install/pegasus_utils:/home/ricardo22/capture/src/install/pegasus_msgs:/home/ricardo22/capture/install/capture:/home/ricardo22/capture/install/pegasus:/home/ricardo22/capture/install/mavlink_interface:/home/ricardo22/capture/install/autopilot_controllers:/home/ricardo22/capture/install/thrust_curves:/home/ricardo22/capture/install/static_trajectories:/home/ricardo22/capture/install/static_trajectory_manager:/home/ricardo22/capture/install/pid:/home/ricardo22/capture/install/pegasus_console:/home/ricardo22/capture/install/capture_modes:/home/ricardo22/capture/install/autopilot_modes:/home/ricardo22/capture/install/pegasus_utils:/home/ricardo22/capture/install/box_geofencing:/home/ricardo22/capture/install/autopilot:/home/ricardo22/capture/install/pegasus_msgs:/home/ricardo22/capture/install/pegasus_gazebo:/home/ricardo22/capture/install/mocap_interface:/home/ricardo22/pegasus_external/install/vrpn_vendor:/home/ricardo22/pegasus_external/install/micro_xrce_vendor:/home/ricardo22/pegasus_external/install/mavsdk_vendor:/home/ricardo22/pegasus_external/install/casadi_vendor:/home/ricardo22/capture/install/pegasus_demos:/home/ricardo22/capture/install/capture_missions:/opt/ros/humble LD_LIBRARY_PATH=/home/ricardo22/capture/src/install/pegasus_msgs/lib:${LD_LIBRARY_PATH} PYTHONPATH=/home/ricardo22/capture/src/install/pegasus_msgs/local/lib/python3.10/dist-packages:${PYTHONPATH} /usr/bin/cmake --install /home/ricardo22/capture/src/build/autopilot_modes
