[0.049s] Invoking command in '/home/ricardo22/capture/src/build/pid': CMAKE_PREFIX_PATH=${CMAKE_PREFIX_PATH}:/home/ricardo22/capture/install/pegasus_demos:/home/ricardo22/capture/install/capture_missions:/opt/ros/humble /usr/bin/cmake --build /home/ricardo22/capture/src/build/pid -- -j8 -l8
[0.200s] [100%] Built target pid
[0.225s] Invoked command in '/home/ricardo22/capture/src/build/pid' returned '0': CMAKE_PREFIX_PATH=${CMAKE_PREFIX_PATH}:/home/ricardo22/capture/install/pegasus_demos:/home/ricardo22/capture/install/capture_missions:/opt/ros/humble /usr/bin/cmake --build /home/ricardo22/capture/src/build/pid -- -j8 -l8
[0.403s] Invoking command in '/home/ricardo22/capture/src/build/pid': CMAKE_PREFIX_PATH=${CMAKE_PREFIX_PATH}:/home/ricardo22/capture/install/pegasus_demos:/home/ricardo22/capture/install/capture_missions:/opt/ros/humble /usr/bin/cmake --install /home/ricardo22/capture/src/build/pid
[0.418s] -- Install configuration: ""
[0.419s] -- Execute custom install script
[0.419s] -- Up-to-date symlink: /home/ricardo22/capture/src/install/pid/include/pid/pid.hpp
[0.420s] -- Up-to-date symlink: /home/ricardo22/capture/src/install/pid/share/pid/environment/library_path.sh
[0.421s] -- Up-to-date symlink: /home/ricardo22/capture/src/install/pid/share/pid/environment/library_path.dsv
[0.421s] -- Up-to-date symlink: /home/ricardo22/capture/src/install/pid/share/ament_index/resource_index/package_run_dependencies/pid
[0.422s] -- Up-to-date symlink: /home/ricardo22/capture/src/install/pid/share/ament_index/resource_index/parent_prefix_path/pid
[0.425s] -- Up-to-date symlink: /home/ricardo22/capture/src/install/pid/share/pid/environment/ament_prefix_path.sh
[0.425s] -- Up-to-date symlink: /home/ricardo22/capture/src/install/pid/share/pid/environment/ament_prefix_path.dsv
[0.427s] -- Up-to-date symlink: /home/ricardo22/capture/src/install/pid/share/pid/environment/path.sh
[0.428s] -- Up-to-date symlink: /home/ricardo22/capture/src/install/pid/share/pid/environment/path.dsv
[0.428s] -- Up-to-date symlink: /home/ricardo22/capture/src/install/pid/share/pid/local_setup.bash
[0.429s] -- Up-to-date symlink: /home/ricardo22/capture/src/install/pid/share/pid/local_setup.sh
[0.429s] -- Up-to-date symlink: /home/ricardo22/capture/src/install/pid/share/pid/local_setup.zsh
[0.430s] -- Up-to-date symlink: /home/ricardo22/capture/src/install/pid/share/pid/local_setup.dsv
[0.430s] -- Symlinking: /home/ricardo22/capture/src/install/pid/share/pid/package.dsv
[0.463s] -- Up-to-date symlink: /home/ricardo22/capture/src/install/pid/share/ament_index/resource_index/packages/pid
[0.463s] -- Up-to-date symlink: /home/ricardo22/capture/src/install/pid/share/pid/cmake/ament_cmake_export_targets-extras.cmake
[0.463s] -- Up-to-date symlink: /home/ricardo22/capture/src/install/pid/share/pid/cmake/pidConfig.cmake
[0.464s] -- Up-to-date symlink: /home/ricardo22/capture/src/install/pid/share/pid/cmake/pidConfig-version.cmake
[0.464s] -- Up-to-date symlink: /home/ricardo22/capture/src/install/pid/share/pid/package.xml
[0.464s] -- Up-to-date: /home/ricardo22/capture/src/install/pid/lib/libpid.a
[0.465s] -- Up-to-date: /home/ricardo22/capture/src/install/pid/share/pid/cmake/pidTargetsExport.cmake
[0.465s] -- Up-to-date: /home/ricardo22/capture/src/install/pid/share/pid/cmake/pidTargetsExport-noconfig.cmake
[0.472s] Invoked command in '/home/ricardo22/capture/src/build/pid' returned '0': CMAKE_PREFIX_PATH=${CMAKE_PREFIX_PATH}:/home/ricardo22/capture/install/pegasus_demos:/home/ricardo22/capture/install/capture_missions:/opt/ros/humble /usr/bin/cmake --install /home/ricardo22/capture/src/build/pid
