[100%] Built target box_geofencing
-- Install configuration: ""
-- Execute custom install script
-- Up-to-date symlink: /home/ricardo22/capture/src/install/box_geofencing/share/box_geofencing//autopilot_geofencing_plugins.xml
-- Up-to-date symlink: /home/ricardo22/capture/src/install/box_geofencing/include/box_geofencing/box_geofencing.hpp
-- Up-to-date symlink: /home/ricardo22/capture/src/install/box_geofencing/share/box_geofencing/environment/library_path.sh
-- Up-to-date symlink: /home/ricardo22/capture/src/install/box_geofencing/share/box_geofencing/environment/library_path.dsv
-- Up-to-date symlink: /home/ricardo22/capture/src/install/box_geofencing/share/ament_index/resource_index/package_run_dependencies/box_geofencing
-- Up-to-date symlink: /home/ricardo22/capture/src/install/box_geofencing/share/ament_index/resource_index/parent_prefix_path/box_geofencing
-- Up-to-date symlink: /home/ricardo22/capture/src/install/box_geofencing/share/box_geofencing/environment/ament_prefix_path.sh
-- Up-to-date symlink: /home/ricardo22/capture/src/install/box_geofencing/share/box_geofencing/environment/ament_prefix_path.dsv
-- Up-to-date symlink: /home/ricardo22/capture/src/install/box_geofencing/share/box_geofencing/environment/path.sh
-- Up-to-date symlink: /home/ricardo22/capture/src/install/box_geofencing/share/box_geofencing/environment/path.dsv
-- Up-to-date symlink: /home/ricardo22/capture/src/install/box_geofencing/share/box_geofencing/local_setup.bash
-- Up-to-date symlink: /home/ricardo22/capture/src/install/box_geofencing/share/box_geofencing/local_setup.sh
-- Up-to-date symlink: /home/ricardo22/capture/src/install/box_geofencing/share/box_geofencing/local_setup.zsh
-- Up-to-date symlink: /home/ricardo22/capture/src/install/box_geofencing/share/box_geofencing/local_setup.dsv
-- Symlinking: /home/ricardo22/capture/src/install/box_geofencing/share/box_geofencing/package.dsv
-- Up-to-date symlink: /home/ricardo22/capture/src/install/box_geofencing/share/ament_index/resource_index/packages/box_geofencing
-- Up-to-date symlink: /home/ricardo22/capture/src/install/box_geofencing/share/ament_index/resource_index/autopilot__pluginlib__plugin/box_geofencing
-- Up-to-date symlink: /home/ricardo22/capture/src/install/box_geofencing/share/box_geofencing/cmake/ament_cmake_export_include_directories-extras.cmake
-- Up-to-date symlink: /home/ricardo22/capture/src/install/box_geofencing/share/box_geofencing/cmake/ament_cmake_export_libraries-extras.cmake
-- Up-to-date symlink: /home/ricardo22/capture/src/install/box_geofencing/share/box_geofencing/cmake/ament_cmake_export_dependencies-extras.cmake
-- Up-to-date symlink: /home/ricardo22/capture/src/install/box_geofencing/share/box_geofencing/cmake/ament_cmake_export_targets-extras.cmake
-- Up-to-date symlink: /home/ricardo22/capture/src/install/box_geofencing/share/box_geofencing/cmake/box_geofencingConfig.cmake
-- Up-to-date symlink: /home/ricardo22/capture/src/install/box_geofencing/share/box_geofencing/cmake/box_geofencingConfig-version.cmake
-- Up-to-date symlink: /home/ricardo22/capture/src/install/box_geofencing/share/box_geofencing/package.xml
-- Up-to-date: /home/ricardo22/capture/src/install/box_geofencing/lib/libbox_geofencing.so
-- Up-to-date: /home/ricardo22/capture/src/install/box_geofencing/share/box_geofencing/cmake/export_box_geofencingExport.cmake
-- Up-to-date: /home/ricardo22/capture/src/install/box_geofencing/share/box_geofencing/cmake/export_box_geofencingExport-noconfig.cmake
