[0.072s] Invoking command in '/home/ricardo22/capture/src/build/autopilot_modes': AMENT_PREFIX_PATH=/home/ricardo22/capture/src/install/autopilot:/home/ricardo22/capture/src/install/pegasus_utils:/home/ricardo22/capture/src/install/pegasus_msgs:${AMENT_PREFIX_PATH} CMAKE_PREFIX_PATH=/home/ricardo22/capture/src/install/autopilot:/home/ricardo22/capture/src/install/pegasus_utils:/home/ricardo22/capture/src/install/pegasus_msgs:/home/ricardo22/capture/install/capture:/home/ricardo22/capture/install/pegasus:/home/ricardo22/capture/install/mavlink_interface:/home/ricardo22/capture/install/autopilot_controllers:/home/ricardo22/capture/install/thrust_curves:/home/ricardo22/capture/install/static_trajectories:/home/ricardo22/capture/install/static_trajectory_manager:/home/ricardo22/capture/install/pid:/home/ricardo22/capture/install/pegasus_console:/home/ricardo22/capture/install/capture_modes:/home/ricardo22/capture/install/autopilot_modes:/home/ricardo22/capture/install/pegasus_utils:/home/ricardo22/capture/install/box_geofencing:/home/ricardo22/capture/install/autopilot:/home/ricardo22/capture/install/pegasus_msgs:/home/ricardo22/capture/install/pegasus_gazebo:/home/ricardo22/capture/install/mocap_interface:/home/ricardo22/pegasus_external/install/vrpn_vendor:/home/ricardo22/pegasus_external/install/micro_xrce_vendor:/home/ricardo22/pegasus_external/install/mavsdk_vendor:/home/ricardo22/pegasus_external/install/casadi_vendor:/home/ricardo22/capture/install/pegasus_demos:/home/ricardo22/capture/install/capture_missions:/opt/ros/humble LD_LIBRARY_PATH=/home/ricardo22/capture/src/install/pegasus_msgs/lib:${LD_LIBRARY_PATH} PYTHONPATH=/home/ricardo22/capture/src/install/pegasus_msgs/local/lib/python3.10/dist-packages:${PYTHONPATH} /usr/bin/cmake --build /home/ricardo22/capture/src/build/autopilot_modes -- -j8 -l8
[0.183s] [35m[1mConsolidate compiler generated dependencies of target autopilot_modes[0m
[0.300s] [100%] Built target autopilot_modes
[0.339s] Invoked command in '/home/ricardo22/capture/src/build/autopilot_modes' returned '0': AMENT_PREFIX_PATH=/home/ricardo22/capture/src/install/autopilot:/home/ricardo22/capture/src/install/pegasus_utils:/home/ricardo22/capture/src/install/pegasus_msgs:${AMENT_PREFIX_PATH} CMAKE_PREFIX_PATH=/home/ricardo22/capture/src/install/autopilot:/home/ricardo22/capture/src/install/pegasus_utils:/home/ricardo22/capture/src/install/pegasus_msgs:/home/ricardo22/capture/install/capture:/home/ricardo22/capture/install/pegasus:/home/ricardo22/capture/install/mavlink_interface:/home/ricardo22/capture/install/autopilot_controllers:/home/ricardo22/capture/install/thrust_curves:/home/ricardo22/capture/install/static_trajectories:/home/ricardo22/capture/install/static_trajectory_manager:/home/ricardo22/capture/install/pid:/home/ricardo22/capture/install/pegasus_console:/home/ricardo22/capture/install/capture_modes:/home/ricardo22/capture/install/autopilot_modes:/home/ricardo22/capture/install/pegasus_utils:/home/ricardo22/capture/install/box_geofencing:/home/ricardo22/capture/install/autopilot:/home/ricardo22/capture/install/pegasus_msgs:/home/ricardo22/capture/install/pegasus_gazebo:/home/ricardo22/capture/install/mocap_interface:/home/ricardo22/pegasus_external/install/vrpn_vendor:/home/ricardo22/pegasus_external/install/micro_xrce_vendor:/home/ricardo22/pegasus_external/install/mavsdk_vendor:/home/ricardo22/pegasus_external/install/casadi_vendor:/home/ricardo22/capture/install/pegasus_demos:/home/ricardo22/capture/install/capture_missions:/opt/ros/humble LD_LIBRARY_PATH=/home/ricardo22/capture/src/install/pegasus_msgs/lib:${LD_LIBRARY_PATH} PYTHONPATH=/home/ricardo22/capture/src/install/pegasus_msgs/local/lib/python3.10/dist-packages:${PYTHONPATH} /usr/bin/cmake --build /home/ricardo22/capture/src/build/autopilot_modes -- -j8 -l8
[0.488s] Invoking command in '/home/ricardo22/capture/src/build/autopilot_modes': AMENT_PREFIX_PATH=/home/ricardo22/capture/src/install/autopilot:/home/ricardo22/capture/src/install/pegasus_utils:/home/ricardo22/capture/src/install/pegasus_msgs:${AMENT_PREFIX_PATH} CMAKE_PREFIX_PATH=/home/ricardo22/capture/src/install/autopilot:/home/ricardo22/capture/src/install/pegasus_utils:/home/ricardo22/capture/src/install/pegasus_msgs:/home/ricardo22/capture/install/capture:/home/ricardo22/capture/install/pegasus:/home/ricardo22/capture/install/mavlink_interface:/home/ricardo22/capture/install/autopilot_controllers:/home/ricardo22/capture/install/thrust_curves:/home/ricardo22/capture/install/static_trajectories:/home/ricardo22/capture/install/static_trajectory_manager:/home/ricardo22/capture/install/pid:/home/ricardo22/capture/install/pegasus_console:/home/ricardo22/capture/install/capture_modes:/home/ricardo22/capture/install/autopilot_modes:/home/ricardo22/capture/install/pegasus_utils:/home/ricardo22/capture/install/box_geofencing:/home/ricardo22/capture/install/autopilot:/home/ricardo22/capture/install/pegasus_msgs:/home/ricardo22/capture/install/pegasus_gazebo:/home/ricardo22/capture/install/mocap_interface:/home/ricardo22/pegasus_external/install/vrpn_vendor:/home/ricardo22/pegasus_external/install/micro_xrce_vendor:/home/ricardo22/pegasus_external/install/mavsdk_vendor:/home/ricardo22/pegasus_external/install/casadi_vendor:/home/ricardo22/capture/install/pegasus_demos:/home/ricardo22/capture/install/capture_missions:/opt/ros/humble LD_LIBRARY_PATH=/home/ricardo22/capture/src/install/pegasus_msgs/lib:${LD_LIBRARY_PATH} PYTHONPATH=/home/ricardo22/capture/src/install/pegasus_msgs/local/lib/python3.10/dist-packages:${PYTHONPATH} /usr/bin/cmake --install /home/ricardo22/capture/src/build/autopilot_modes
[0.501s] -- Install configuration: ""
[0.504s] -- Execute custom install script
[0.504s] -- Up-to-date symlink: /home/ricardo22/capture/src/install/autopilot_modes/share/autopilot_modes//autopilot_mode_plugins.xml
[0.504s] -- Up-to-date symlink: /home/ricardo22/capture/src/install/autopilot_modes/include/autopilot_modes/mode_arm.hpp
[0.507s] -- Up-to-date symlink: /home/ricardo22/capture/src/install/autopilot_modes/include/autopilot_modes/mode_disarm.hpp
[0.507s] -- Up-to-date symlink: /home/ricardo22/capture/src/install/autopilot_modes/include/autopilot_modes/mode_follow_trajectory.hpp
[0.507s] -- Up-to-date symlink: /home/ricardo22/capture/src/install/autopilot_modes/include/autopilot_modes/mode_hold.hpp
[0.508s] -- Up-to-date symlink: /home/ricardo22/capture/src/install/autopilot_modes/include/autopilot_modes/mode_land.hpp
[0.509s] -- Up-to-date symlink: /home/ricardo22/capture/src/install/autopilot_modes/include/autopilot_modes/mode_pass_through.hpp
[0.509s] -- Up-to-date symlink: /home/ricardo22/capture/src/install/autopilot_modes/include/autopilot_modes/mode_takeoff.hpp
[0.509s] -- Up-to-date symlink: /home/ricardo22/capture/src/install/autopilot_modes/include/autopilot_modes/mode_waypoint.hpp
[0.509s] -- Up-to-date symlink: /home/ricardo22/capture/src/install/autopilot_modes/include/autopilot_modes/visibility_control.h
[0.510s] -- Up-to-date symlink: /home/ricardo22/capture/src/install/autopilot_modes/share/autopilot_modes/environment/library_path.sh
[0.510s] -- Up-to-date symlink: /home/ricardo22/capture/src/install/autopilot_modes/share/autopilot_modes/environment/library_path.dsv
[0.511s] -- Up-to-date symlink: /home/ricardo22/capture/src/install/autopilot_modes/share/ament_index/resource_index/package_run_dependencies/autopilot_modes
[0.511s] -- Up-to-date symlink: /home/ricardo22/capture/src/install/autopilot_modes/share/ament_index/resource_index/parent_prefix_path/autopilot_modes
[0.511s] -- Up-to-date symlink: /home/ricardo22/capture/src/install/autopilot_modes/share/autopilot_modes/environment/ament_prefix_path.sh
[0.511s] -- Up-to-date symlink: /home/ricardo22/capture/src/install/autopilot_modes/share/autopilot_modes/environment/ament_prefix_path.dsv
[0.512s] -- Up-to-date symlink: /home/ricardo22/capture/src/install/autopilot_modes/share/autopilot_modes/environment/path.sh
[0.512s] -- Up-to-date symlink: /home/ricardo22/capture/src/install/autopilot_modes/share/autopilot_modes/environment/path.dsv
[0.512s] -- Up-to-date symlink: /home/ricardo22/capture/src/install/autopilot_modes/share/autopilot_modes/local_setup.bash
[0.513s] -- Up-to-date symlink: /home/ricardo22/capture/src/install/autopilot_modes/share/autopilot_modes/local_setup.sh
[0.513s] -- Up-to-date symlink: /home/ricardo22/capture/src/install/autopilot_modes/share/autopilot_modes/local_setup.zsh
[0.514s] -- Up-to-date symlink: /home/ricardo22/capture/src/install/autopilot_modes/share/autopilot_modes/local_setup.dsv
[0.514s] -- Symlinking: /home/ricardo22/capture/src/install/autopilot_modes/share/autopilot_modes/package.dsv
[0.525s] -- Up-to-date symlink: /home/ricardo22/capture/src/install/autopilot_modes/share/ament_index/resource_index/packages/autopilot_modes
[0.525s] -- Up-to-date symlink: /home/ricardo22/capture/src/install/autopilot_modes/share/ament_index/resource_index/autopilot__pluginlib__plugin/autopilot_modes
[0.526s] -- Up-to-date symlink: /home/ricardo22/capture/src/install/autopilot_modes/share/autopilot_modes/cmake/ament_cmake_export_include_directories-extras.cmake
[0.526s] -- Up-to-date symlink: /home/ricardo22/capture/src/install/autopilot_modes/share/autopilot_modes/cmake/ament_cmake_export_libraries-extras.cmake
[0.526s] -- Up-to-date symlink: /home/ricardo22/capture/src/install/autopilot_modes/share/autopilot_modes/cmake/ament_cmake_export_dependencies-extras.cmake
[0.527s] -- Up-to-date symlink: /home/ricardo22/capture/src/install/autopilot_modes/share/autopilot_modes/cmake/ament_cmake_export_targets-extras.cmake
[0.527s] -- Up-to-date symlink: /home/ricardo22/capture/src/install/autopilot_modes/share/autopilot_modes/cmake/autopilot_modesConfig.cmake
[0.528s] -- Up-to-date symlink: /home/ricardo22/capture/src/install/autopilot_modes/share/autopilot_modes/cmake/autopilot_modesConfig-version.cmake
[0.528s] -- Up-to-date symlink: /home/ricardo22/capture/src/install/autopilot_modes/share/autopilot_modes/package.xml
[0.528s] -- Up-to-date: /home/ricardo22/capture/src/install/autopilot_modes/lib/libautopilot_modes.so
[0.529s] -- Up-to-date: /home/ricardo22/capture/src/install/autopilot_modes/share/autopilot_modes/cmake/export_autopilot_modesExport.cmake
[0.530s] -- Up-to-date: /home/ricardo22/capture/src/install/autopilot_modes/share/autopilot_modes/cmake/export_autopilot_modesExport-noconfig.cmake
[0.554s] Invoked command in '/home/ricardo22/capture/src/build/autopilot_modes' returned '0': AMENT_PREFIX_PATH=/home/ricardo22/capture/src/install/autopilot:/home/ricardo22/capture/src/install/pegasus_utils:/home/ricardo22/capture/src/install/pegasus_msgs:${AMENT_PREFIX_PATH} CMAKE_PREFIX_PATH=/home/ricardo22/capture/src/install/autopilot:/home/ricardo22/capture/src/install/pegasus_utils:/home/ricardo22/capture/src/install/pegasus_msgs:/home/ricardo22/capture/install/capture:/home/ricardo22/capture/install/pegasus:/home/ricardo22/capture/install/mavlink_interface:/home/ricardo22/capture/install/autopilot_controllers:/home/ricardo22/capture/install/thrust_curves:/home/ricardo22/capture/install/static_trajectories:/home/ricardo22/capture/install/static_trajectory_manager:/home/ricardo22/capture/install/pid:/home/ricardo22/capture/install/pegasus_console:/home/ricardo22/capture/install/capture_modes:/home/ricardo22/capture/install/autopilot_modes:/home/ricardo22/capture/install/pegasus_utils:/home/ricardo22/capture/install/box_geofencing:/home/ricardo22/capture/install/autopilot:/home/ricardo22/capture/install/pegasus_msgs:/home/ricardo22/capture/install/pegasus_gazebo:/home/ricardo22/capture/install/mocap_interface:/home/ricardo22/pegasus_external/install/vrpn_vendor:/home/ricardo22/pegasus_external/install/micro_xrce_vendor:/home/ricardo22/pegasus_external/install/mavsdk_vendor:/home/ricardo22/pegasus_external/install/casadi_vendor:/home/ricardo22/capture/install/pegasus_demos:/home/ricardo22/capture/install/capture_missions:/opt/ros/humble LD_LIBRARY_PATH=/home/ricardo22/capture/src/install/pegasus_msgs/lib:${LD_LIBRARY_PATH} PYTHONPATH=/home/ricardo22/capture/src/install/pegasus_msgs/local/lib/python3.10/dist-packages:${PYTHONPATH} /usr/bin/cmake --install /home/ricardo22/capture/src/build/autopilot_modes
