[0.052s] Invoking command in '/home/ricardo22/capture/src/build/thrust_curves': CMAKE_PREFIX_PATH=${CMAKE_PREFIX_PATH}:/home/ricardo22/capture/install/pegasus_demos:/home/ricardo22/capture/install/capture_missions:/opt/ros/humble /usr/bin/cmake --build /home/ricardo22/capture/src/build/thrust_curves -- -j8 -l8
[0.214s] [100%] Built target thrust_curves
[0.286s] Invoked command in '/home/ricardo22/capture/src/build/thrust_curves' returned '0': CMAKE_PREFIX_PATH=${CMAKE_PREFIX_PATH}:/home/ricardo22/capture/install/pegasus_demos:/home/ricardo22/capture/install/capture_missions:/opt/ros/humble /usr/bin/cmake --build /home/ricardo22/capture/src/build/thrust_curves -- -j8 -l8
[0.414s] Invoking command in '/home/ricardo22/capture/src/build/thrust_curves': CMAKE_PREFIX_PATH=${CMAKE_PREFIX_PATH}:/home/ricardo22/capture/install/pegasus_demos:/home/ricardo22/capture/install/capture_missions:/opt/ros/humble /usr/bin/cmake --install /home/ricardo22/capture/src/build/thrust_curves
[0.431s] -- Install configuration: ""
[0.432s] -- Execute custom install script
[0.434s] -- Up-to-date symlink: /home/ricardo22/capture/src/install/thrust_curves/include/thrust_curves/thrust_curves.hpp
[0.434s] -- Up-to-date symlink: /home/ricardo22/capture/src/install/thrust_curves/share/thrust_curves/environment/library_path.sh
[0.435s] -- Up-to-date symlink: /home/ricardo22/capture/src/install/thrust_curves/share/thrust_curves/environment/library_path.dsv
[0.436s] -- Up-to-date symlink: /home/ricardo22/capture/src/install/thrust_curves/share/ament_index/resource_index/package_run_dependencies/thrust_curves
[0.437s] -- Up-to-date symlink: /home/ricardo22/capture/src/install/thrust_curves/share/ament_index/resource_index/parent_prefix_path/thrust_curves
[0.437s] -- Up-to-date symlink: /home/ricardo22/capture/src/install/thrust_curves/share/thrust_curves/environment/ament_prefix_path.sh
[0.438s] -- Up-to-date symlink: /home/ricardo22/capture/src/install/thrust_curves/share/thrust_curves/environment/ament_prefix_path.dsv
[0.439s] -- Up-to-date symlink: /home/ricardo22/capture/src/install/thrust_curves/share/thrust_curves/environment/path.sh
[0.439s] -- Up-to-date symlink: /home/ricardo22/capture/src/install/thrust_curves/share/thrust_curves/environment/path.dsv
[0.441s] -- Up-to-date symlink: /home/ricardo22/capture/src/install/thrust_curves/share/thrust_curves/local_setup.bash
[0.442s] -- Up-to-date symlink: /home/ricardo22/capture/src/install/thrust_curves/share/thrust_curves/local_setup.sh
[0.445s] -- Up-to-date symlink: /home/ricardo22/capture/src/install/thrust_curves/share/thrust_curves/local_setup.zsh
[0.445s] -- Up-to-date symlink: /home/ricardo22/capture/src/install/thrust_curves/share/thrust_curves/local_setup.dsv
[0.445s] -- Symlinking: /home/ricardo22/capture/src/install/thrust_curves/share/thrust_curves/package.dsv
[0.461s] -- Up-to-date symlink: /home/ricardo22/capture/src/install/thrust_curves/share/ament_index/resource_index/packages/thrust_curves
[0.462s] -- Up-to-date symlink: /home/ricardo22/capture/src/install/thrust_curves/share/thrust_curves/cmake/ament_cmake_export_dependencies-extras.cmake
[0.462s] -- Up-to-date symlink: /home/ricardo22/capture/src/install/thrust_curves/share/thrust_curves/cmake/ament_cmake_export_targets-extras.cmake
[0.463s] -- Up-to-date symlink: /home/ricardo22/capture/src/install/thrust_curves/share/thrust_curves/cmake/thrust_curvesConfig.cmake
[0.463s] -- Up-to-date symlink: /home/ricardo22/capture/src/install/thrust_curves/share/thrust_curves/cmake/thrust_curvesConfig-version.cmake
[0.464s] -- Up-to-date symlink: /home/ricardo22/capture/src/install/thrust_curves/share/thrust_curves/package.xml
[0.464s] -- Up-to-date: /home/ricardo22/capture/src/install/thrust_curves/lib/libthrust_curves.a
[0.464s] -- Up-to-date: /home/ricardo22/capture/src/install/thrust_curves/share/thrust_curves/cmake/thrust_curvesTargetsExport.cmake
[0.465s] -- Up-to-date: /home/ricardo22/capture/src/install/thrust_curves/share/thrust_curves/cmake/thrust_curvesTargetsExport-noconfig.cmake
[0.470s] Invoked command in '/home/ricardo22/capture/src/build/thrust_curves' returned '0': CMAKE_PREFIX_PATH=${CMAKE_PREFIX_PATH}:/home/ricardo22/capture/install/pegasus_demos:/home/ricardo22/capture/install/capture_missions:/opt/ros/humble /usr/bin/cmake --install /home/ricardo22/capture/src/build/thrust_curves
