[0.035s] Invoking command in '/home/ricardo22/capture/src/build/capture_modes': AMENT_PREFIX_PATH=/home/ricardo22/capture/src/install/autopilot:/home/ricardo22/capture/src/install/pegasus_utils:/home/ricardo22/capture/src/install/pegasus_msgs:${AMENT_PREFIX_PATH} CMAKE_PREFIX_PATH=/home/ricardo22/capture/src/install/autopilot:/home/ricardo22/capture/src/install/pegasus_utils:/home/ricardo22/capture/src/install/pegasus_msgs:/home/ricardo22/capture/install/capture:/home/ricardo22/capture/install/pegasus:/home/ricardo22/capture/install/mavlink_interface:/home/ricardo22/capture/install/autopilot_controllers:/home/ricardo22/capture/install/thrust_curves:/home/ricardo22/capture/install/static_trajectories:/home/ricardo22/capture/install/static_trajectory_manager:/home/ricardo22/capture/install/pid:/home/ricardo22/capture/install/pegasus_console:/home/ricardo22/capture/install/capture_modes:/home/ricardo22/capture/install/autopilot_modes:/home/ricardo22/capture/install/pegasus_utils:/home/ricardo22/capture/install/box_geofencing:/home/ricardo22/capture/install/autopilot:/home/ricardo22/capture/install/pegasus_msgs:/home/ricardo22/capture/install/pegasus_gazebo:/home/ricardo22/capture/install/mocap_interface:/home/ricardo22/pegasus_external/install/vrpn_vendor:/home/ricardo22/pegasus_external/install/micro_xrce_vendor:/home/ricardo22/pegasus_external/install/mavsdk_vendor:/home/ricardo22/pegasus_external/install/casadi_vendor:/home/ricardo22/capture/install/pegasus_demos:/home/ricardo22/capture/install/capture_missions:/opt/ros/humble LD_LIBRARY_PATH=/home/ricardo22/capture/src/install/pegasus_msgs/lib:${LD_LIBRARY_PATH} PYTHONPATH=/home/ricardo22/capture/src/install/pegasus_msgs/local/lib/python3.10/dist-packages:${PYTHONPATH} /usr/bin/cmake /home/ricardo22/capture/src/capture_modes -DAMENT_CMAKE_SYMLINK_INSTALL=1 -DCMAKE_INSTALL_PREFIX=/home/ricardo22/capture/src/install/capture_modes
[3.566s] -- The C compiler identification is GNU 11.4.0
[3.566s] -- The CXX compiler identification is GNU 11.4.0
[3.566s] -- Detecting C compiler ABI info
[3.566s] -- Detecting C compiler ABI info - done
[3.566s] -- Check for working C compiler: /usr/bin/cc - skipped
[3.566s] -- Detecting C compile features
[3.566s] -- Detecting C compile features - done
[3.566s] -- Detecting CXX compiler ABI info
[3.566s] -- Detecting CXX compiler ABI info - done
[3.566s] -- Check for working CXX compiler: /usr/bin/c++ - skipped
[3.567s] -- Detecting CXX compile features
[3.567s] -- Detecting CXX compile features - done
[3.568s] -- Found ament_cmake: 1.3.9 (/opt/ros/humble/share/ament_cmake/cmake)
[3.568s] -- Found Python3: /usr/bin/python3 (found version "3.10.12") found components: Interpreter 
[3.568s] -- Override CMake install command with custom implementation using symlinks instead of copying resources
[3.568s] -- Found ament_cmake_ros: 0.10.0 (/opt/ros/humble/share/ament_cmake_ros/cmake)
[3.568s] -- Found autopilot: 1.0.0 (/home/ricardo22/capture/src/install/autopilot/share/autopilot/cmake)
[3.568s] -- Found rosidl_generator_c: 3.1.5 (/opt/ros/humble/share/rosidl_generator_c/cmake)
[3.569s] -- Found rosidl_adapter: 3.1.5 (/opt/ros/humble/share/rosidl_adapter/cmake)
[3.569s] -- Found rosidl_generator_cpp: 3.1.5 (/opt/ros/humble/share/rosidl_generator_cpp/cmake)
[3.569s] -- Using all available rosidl_typesupport_c: rosidl_typesupport_fastrtps_c;rosidl_typesupport_introspection_c
[3.569s] -- Using all available rosidl_typesupport_cpp: rosidl_typesupport_fastrtps_cpp;rosidl_typesupport_introspection_cpp
[3.569s] -- Found rmw_implementation_cmake: 6.1.2 (/opt/ros/humble/share/rmw_implementation_cmake/cmake)
[3.569s] -- Found rmw_fastrtps_cpp: 6.2.6 (/opt/ros/humble/share/rmw_fastrtps_cpp/cmake)
[3.569s] -- Found OpenSSL: /usr/lib/x86_64-linux-gnu/libcrypto.so (found version "3.0.2")  
[3.569s] -- Found FastRTPS: /opt/ros/humble/include  
[3.569s] -- Using RMW implementation 'rmw_fastrtps_cpp' as default
[3.569s] -- Looking for pthread.h
[3.570s] -- Looking for pthread.h - found
[3.570s] -- Performing Test CMAKE_HAVE_LIBC_PTHREAD
[3.570s] -- Performing Test CMAKE_HAVE_LIBC_PTHREAD - Success
[3.570s] -- Found Threads: TRUE  
[3.570s] -- Found pegasus_utils: 1.0.0 (/home/ricardo22/capture/src/install/pegasus_utils/share/pegasus_utils/cmake)
[3.570s] -- Found casadi_vendor: 3.5.1 (/home/ricardo22/pegasus_external/install/casadi_vendor/share/casadi_vendor/cmake)
[3.646s] -- Found ament_lint_auto: 0.12.11 (/opt/ros/humble/share/ament_lint_auto/cmake)
[3.902s] -- Added test 'cppcheck' to perform static code analysis on C / C++ code
[3.903s] -- Configured cppcheck include dirs: $<BUILD_INTERFACE:/home/ricardo22/capture/src/capture_modes/include>
[3.903s] -- Configured cppcheck exclude dirs and/or files: 
[3.905s] -- Added test 'lint_cmake' to check CMake code style
[3.908s] -- Added test 'uncrustify' to check C / C++ code style
[3.908s] -- Configured uncrustify additional arguments: 
[3.926s] -- Added test 'xmllint' to check XML markup files
[3.936s] -- Configuring done
[4.029s] -- Generating done
[4.054s] -- Build files have been written to: /home/ricardo22/capture/src/build/capture_modes
[4.094s] Invoked command in '/home/ricardo22/capture/src/build/capture_modes' returned '0': AMENT_PREFIX_PATH=/home/ricardo22/capture/src/install/autopilot:/home/ricardo22/capture/src/install/pegasus_utils:/home/ricardo22/capture/src/install/pegasus_msgs:${AMENT_PREFIX_PATH} CMAKE_PREFIX_PATH=/home/ricardo22/capture/src/install/autopilot:/home/ricardo22/capture/src/install/pegasus_utils:/home/ricardo22/capture/src/install/pegasus_msgs:/home/ricardo22/capture/install/capture:/home/ricardo22/capture/install/pegasus:/home/ricardo22/capture/install/mavlink_interface:/home/ricardo22/capture/install/autopilot_controllers:/home/ricardo22/capture/install/thrust_curves:/home/ricardo22/capture/install/static_trajectories:/home/ricardo22/capture/install/static_trajectory_manager:/home/ricardo22/capture/install/pid:/home/ricardo22/capture/install/pegasus_console:/home/ricardo22/capture/install/capture_modes:/home/ricardo22/capture/install/autopilot_modes:/home/ricardo22/capture/install/pegasus_utils:/home/ricardo22/capture/install/box_geofencing:/home/ricardo22/capture/install/autopilot:/home/ricardo22/capture/install/pegasus_msgs:/home/ricardo22/capture/install/pegasus_gazebo:/home/ricardo22/capture/install/mocap_interface:/home/ricardo22/pegasus_external/install/vrpn_vendor:/home/ricardo22/pegasus_external/install/micro_xrce_vendor:/home/ricardo22/pegasus_external/install/mavsdk_vendor:/home/ricardo22/pegasus_external/install/casadi_vendor:/home/ricardo22/capture/install/pegasus_demos:/home/ricardo22/capture/install/capture_missions:/opt/ros/humble LD_LIBRARY_PATH=/home/ricardo22/capture/src/install/pegasus_msgs/lib:${LD_LIBRARY_PATH} PYTHONPATH=/home/ricardo22/capture/src/install/pegasus_msgs/local/lib/python3.10/dist-packages:${PYTHONPATH} /usr/bin/cmake /home/ricardo22/capture/src/capture_modes -DAMENT_CMAKE_SYMLINK_INSTALL=1 -DCMAKE_INSTALL_PREFIX=/home/ricardo22/capture/src/install/capture_modes
[4.095s] Invoking command in '/home/ricardo22/capture/src/build/capture_modes': AMENT_PREFIX_PATH=/home/ricardo22/capture/src/install/autopilot:/home/ricardo22/capture/src/install/pegasus_utils:/home/ricardo22/capture/src/install/pegasus_msgs:${AMENT_PREFIX_PATH} CMAKE_PREFIX_PATH=/home/ricardo22/capture/src/install/autopilot:/home/ricardo22/capture/src/install/pegasus_utils:/home/ricardo22/capture/src/install/pegasus_msgs:/home/ricardo22/capture/install/capture:/home/ricardo22/capture/install/pegasus:/home/ricardo22/capture/install/mavlink_interface:/home/ricardo22/capture/install/autopilot_controllers:/home/ricardo22/capture/install/thrust_curves:/home/ricardo22/capture/install/static_trajectories:/home/ricardo22/capture/install/static_trajectory_manager:/home/ricardo22/capture/install/pid:/home/ricardo22/capture/install/pegasus_console:/home/ricardo22/capture/install/capture_modes:/home/ricardo22/capture/install/autopilot_modes:/home/ricardo22/capture/install/pegasus_utils:/home/ricardo22/capture/install/box_geofencing:/home/ricardo22/capture/install/autopilot:/home/ricardo22/capture/install/pegasus_msgs:/home/ricardo22/capture/install/pegasus_gazebo:/home/ricardo22/capture/install/mocap_interface:/home/ricardo22/pegasus_external/install/vrpn_vendor:/home/ricardo22/pegasus_external/install/micro_xrce_vendor:/home/ricardo22/pegasus_external/install/mavsdk_vendor:/home/ricardo22/pegasus_external/install/casadi_vendor:/home/ricardo22/capture/install/pegasus_demos:/home/ricardo22/capture/install/capture_missions:/opt/ros/humble LD_LIBRARY_PATH=/home/ricardo22/capture/src/install/pegasus_msgs/lib:${LD_LIBRARY_PATH} PYTHONPATH=/home/ricardo22/capture/src/install/pegasus_msgs/local/lib/python3.10/dist-packages:${PYTHONPATH} /usr/bin/cmake --build /home/ricardo22/capture/src/build/capture_modes -- -j8 -l8
[4.486s] [ 25%] [32mBuilding CXX object CMakeFiles/capture_modes.dir/src/mode_capture_target.cpp.o[0m
[4.524s] [ 50%] [32mBuilding CXX object CMakeFiles/gen.dir/src/gen.cpp.o[0m
[40.911s] [ 75%] [32m[1mLinking CXX shared library libcapture_modes.so[0m
[41.312s] [ 75%] Built target capture_modes
[99.484s] [100%] [32m[1mLinking CXX shared library libgen.so[0m
[99.601s] [100%] Built target gen
