[0.050s] Invoking command in '/home/ricardo22/capture/src/build/pegasus_utils': CMAKE_PREFIX_PATH=${CMAKE_PREFIX_PATH}:/home/ricardo22/capture/install/pegasus_demos:/home/ricardo22/capture/install/capture_missions:/opt/ros/humble /usr/bin/cmake --build /home/ricardo22/capture/src/build/pegasus_utils -- -j8 -l8
[0.123s] Invoked command in '/home/ricardo22/capture/src/build/pegasus_utils' returned '0': CMAKE_PREFIX_PATH=${CMAKE_PREFIX_PATH}:/home/ricardo22/capture/install/pegasus_demos:/home/ricardo22/capture/install/capture_missions:/opt/ros/humble /usr/bin/cmake --build /home/ricardo22/capture/src/build/pegasus_utils -- -j8 -l8
[0.203s] Invoking command in '/home/ricardo22/capture/src/build/pegasus_utils': CMAKE_PREFIX_PATH=${CMAKE_PREFIX_PATH}:/home/ricardo22/capture/install/pegasus_demos:/home/ricardo22/capture/install/capture_missions:/opt/ros/humble /usr/bin/cmake --install /home/ricardo22/capture/src/build/pegasus_utils
[0.225s] -- Install configuration: ""
[0.226s] -- Execute custom install script
[0.227s] -- Up-to-date symlink: /home/ricardo22/capture/src/install/pegasus_utils/include/pegasus_utils/frames.hpp
[0.228s] -- Up-to-date symlink: /home/ricardo22/capture/src/install/pegasus_utils/include/pegasus_utils/rotations.hpp
[0.229s] -- Up-to-date symlink: /home/ricardo22/capture/src/install/pegasus_utils/share/ament_index/resource_index/package_run_dependencies/pegasus_utils
[0.230s] -- Up-to-date symlink: /home/ricardo22/capture/src/install/pegasus_utils/share/ament_index/resource_index/parent_prefix_path/pegasus_utils
[0.232s] -- Up-to-date symlink: /home/ricardo22/capture/src/install/pegasus_utils/share/pegasus_utils/environment/ament_prefix_path.sh
[0.240s] -- Up-to-date symlink: /home/ricardo22/capture/src/install/pegasus_utils/share/pegasus_utils/environment/ament_prefix_path.dsv
[0.241s] -- Up-to-date symlink: /home/ricardo22/capture/src/install/pegasus_utils/share/pegasus_utils/environment/path.sh
[0.241s] -- Up-to-date symlink: /home/ricardo22/capture/src/install/pegasus_utils/share/pegasus_utils/environment/path.dsv
[0.241s] -- Up-to-date symlink: /home/ricardo22/capture/src/install/pegasus_utils/share/pegasus_utils/local_setup.bash
[0.241s] -- Up-to-date symlink: /home/ricardo22/capture/src/install/pegasus_utils/share/pegasus_utils/local_setup.sh
[0.241s] -- Up-to-date symlink: /home/ricardo22/capture/src/install/pegasus_utils/share/pegasus_utils/local_setup.zsh
[0.242s] -- Up-to-date symlink: /home/ricardo22/capture/src/install/pegasus_utils/share/pegasus_utils/local_setup.dsv
[0.242s] -- Symlinking: /home/ricardo22/capture/src/install/pegasus_utils/share/pegasus_utils/package.dsv
[0.269s] -- Up-to-date symlink: /home/ricardo22/capture/src/install/pegasus_utils/share/ament_index/resource_index/packages/pegasus_utils
[0.272s] -- Up-to-date symlink: /home/ricardo22/capture/src/install/pegasus_utils/share/pegasus_utils/cmake/ament_cmake_export_dependencies-extras.cmake
[0.274s] -- Up-to-date symlink: /home/ricardo22/capture/src/install/pegasus_utils/share/pegasus_utils/cmake/ament_cmake_export_targets-extras.cmake
[0.275s] -- Up-to-date symlink: /home/ricardo22/capture/src/install/pegasus_utils/share/pegasus_utils/cmake/pegasus_utilsConfig.cmake
[0.282s] -- Up-to-date symlink: /home/ricardo22/capture/src/install/pegasus_utils/share/pegasus_utils/cmake/pegasus_utilsConfig-version.cmake
[0.282s] -- Up-to-date symlink: /home/ricardo22/capture/src/install/pegasus_utils/share/pegasus_utils/package.xml
[0.282s] -- Up-to-date: /home/ricardo22/capture/src/install/pegasus_utils/share/pegasus_utils/cmake/export_pegasus_utilsExport.cmake
[0.283s] Invoked command in '/home/ricardo22/capture/src/build/pegasus_utils' returned '0': CMAKE_PREFIX_PATH=${CMAKE_PREFIX_PATH}:/home/ricardo22/capture/install/pegasus_demos:/home/ricardo22/capture/install/capture_missions:/opt/ros/humble /usr/bin/cmake --install /home/ricardo22/capture/src/build/pegasus_utils
