-- The C compiler identification is GNU 11.4.0
-- The CXX compiler identification is GNU 11.4.0
-- Detecting C compiler ABI info
-- Detecting C compiler ABI info - done
-- Check for working C compiler: /usr/bin/cc - skipped
-- Detecting C compile features
-- Detecting C compile features - done
-- Detecting CXX compiler ABI info
-- Detecting CXX compiler ABI info - done
-- Check for working CXX compiler: /usr/bin/c++ - skipped
-- Detecting CXX compile features
-- Detecting CXX compile features - done
-- Found ament_cmake: 1.3.9 (/opt/ros/humble/share/ament_cmake/cmake)
-- Found Python3: /usr/bin/python3 (found version "3.10.12") found components: Interpreter 
-- Override CMake install command with custom implementation using symlinks instead of copying resources
-- Found ament_lint_auto: 0.12.11 (/opt/ros/humble/share/ament_lint_auto/cmake)
-- Added test 'copyright' to check source files copyright and LICENSE
-- Added test 'cppcheck' to perform static code analysis on C / C++ code
-- Configured cppcheck include dirs: $<BUILD_INTERFACE:/home/ricardo22/capture/src/pegasus/pegasus_addons/pid/include>
-- Configured cppcheck exclude dirs and/or files: 
-- Added test 'cpplint' to check C / C++ code against the Google style
-- Configured cpplint exclude dirs and/or files: 
-- Added test 'lint_cmake' to check CMake code style
-- Added test 'uncrustify' to check C / C++ code style
-- Configured uncrustify additional arguments: 
-- Added test 'xmllint' to check XML markup files
-- Configuring done
-- Generating done
-- Build files have been written to: /home/ricardo22/capture/src/build/pid
[ 50%] [32mBuilding CXX object CMakeFiles/pid.dir/src/pid.cpp.o[0m
[100%] [32m[1mLinking CXX static library libpid.a[0m
[100%] Built target pid
-- Install configuration: ""
-- Execute custom install script
-- Symlinking: /home/ricardo22/capture/src/install/pid/include/pid/pid.hpp
-- Symlinking: /home/ricardo22/capture/src/install/pid/share/pid/environment/library_path.sh
-- Symlinking: /home/ricardo22/capture/src/install/pid/share/pid/environment/library_path.dsv
-- Symlinking: /home/ricardo22/capture/src/install/pid/share/ament_index/resource_index/package_run_dependencies/pid
-- Symlinking: /home/ricardo22/capture/src/install/pid/share/ament_index/resource_index/parent_prefix_path/pid
-- Symlinking: /home/ricardo22/capture/src/install/pid/share/pid/environment/ament_prefix_path.sh
-- Symlinking: /home/ricardo22/capture/src/install/pid/share/pid/environment/ament_prefix_path.dsv
-- Symlinking: /home/ricardo22/capture/src/install/pid/share/pid/environment/path.sh
-- Symlinking: /home/ricardo22/capture/src/install/pid/share/pid/environment/path.dsv
-- Symlinking: /home/ricardo22/capture/src/install/pid/share/pid/local_setup.bash
-- Symlinking: /home/ricardo22/capture/src/install/pid/share/pid/local_setup.sh
-- Symlinking: /home/ricardo22/capture/src/install/pid/share/pid/local_setup.zsh
-- Symlinking: /home/ricardo22/capture/src/install/pid/share/pid/local_setup.dsv
-- Symlinking: /home/ricardo22/capture/src/install/pid/share/pid/package.dsv
-- Symlinking: /home/ricardo22/capture/src/install/pid/share/ament_index/resource_index/packages/pid
-- Symlinking: /home/ricardo22/capture/src/install/pid/share/pid/cmake/ament_cmake_export_targets-extras.cmake
-- Symlinking: /home/ricardo22/capture/src/install/pid/share/pid/cmake/pidConfig.cmake
-- Symlinking: /home/ricardo22/capture/src/install/pid/share/pid/cmake/pidConfig-version.cmake
-- Symlinking: /home/ricardo22/capture/src/install/pid/share/pid/package.xml
-- Installing: /home/ricardo22/capture/src/install/pid/lib/libpid.a
-- Installing: /home/ricardo22/capture/src/install/pid/share/pid/cmake/pidTargetsExport.cmake
-- Installing: /home/ricardo22/capture/src/install/pid/share/pid/cmake/pidTargetsExport-noconfig.cmake
