[0.032s] Invoking command in '/home/ricardo22/capture/src/build/pid': CMAKE_PREFIX_PATH=${CMAKE_PREFIX_PATH}:/home/ricardo22/capture/install/pegasus_demos:/home/ricardo22/capture/install/capture_missions:/opt/ros/humble /usr/bin/cmake /home/ricardo22/capture/src/pegasus/pegasus_addons/pid -DAMENT_CMAKE_SYMLINK_INSTALL=1 -DCMAKE_INSTALL_PREFIX=/home/ricardo22/capture/src/install/pid
[0.149s] -- The C compiler identification is GNU 11.4.0
[0.264s] -- The CXX compiler identification is GNU 11.4.0
[0.278s] -- Detecting C compiler ABI info
[0.423s] -- Detecting C compiler ABI info - done
[0.443s] -- Check for working C compiler: /usr/bin/cc - skipped
[0.444s] -- Detecting C compile features
[0.445s] -- Detecting C compile features - done
[0.455s] -- Detecting CXX compiler ABI info
[0.603s] -- Detecting CXX compiler ABI info - done
[0.616s] -- Check for working CXX compiler: /usr/bin/c++ - skipped
[0.617s] -- Detecting CXX compile features
[0.617s] -- Detecting CXX compile features - done
[0.627s] -- Found ament_cmake: 1.3.9 (/opt/ros/humble/share/ament_cmake/cmake)
[0.937s] -- Found Python3: /usr/bin/python3 (found version "3.10.12") found components: Interpreter 
[1.073s] -- Override CMake install command with custom implementation using symlinks instead of copying resources
[1.181s] -- Found ament_lint_auto: 0.12.11 (/opt/ros/humble/share/ament_lint_auto/cmake)
[1.373s] -- Added test 'copyright' to check source files copyright and LICENSE
[1.375s] -- Added test 'cppcheck' to perform static code analysis on C / C++ code
[1.376s] -- Configured cppcheck include dirs: $<BUILD_INTERFACE:/home/ricardo22/capture/src/pegasus/pegasus_addons/pid/include>
[1.376s] -- Configured cppcheck exclude dirs and/or files: 
[1.378s] -- Added test 'cpplint' to check C / C++ code against the Google style
[1.378s] -- Configured cpplint exclude dirs and/or files: 
[1.380s] -- Added test 'lint_cmake' to check CMake code style
[1.397s] -- Added test 'uncrustify' to check C / C++ code style
[1.397s] -- Configured uncrustify additional arguments: 
[1.397s] -- Added test 'xmllint' to check XML markup files
[1.398s] -- Configuring done
[1.399s] -- Generating done
[1.400s] -- Build files have been written to: /home/ricardo22/capture/src/build/pid
[1.410s] Invoked command in '/home/ricardo22/capture/src/build/pid' returned '0': CMAKE_PREFIX_PATH=${CMAKE_PREFIX_PATH}:/home/ricardo22/capture/install/pegasus_demos:/home/ricardo22/capture/install/capture_missions:/opt/ros/humble /usr/bin/cmake /home/ricardo22/capture/src/pegasus/pegasus_addons/pid -DAMENT_CMAKE_SYMLINK_INSTALL=1 -DCMAKE_INSTALL_PREFIX=/home/ricardo22/capture/src/install/pid
[1.411s] Invoking command in '/home/ricardo22/capture/src/build/pid': CMAKE_PREFIX_PATH=${CMAKE_PREFIX_PATH}:/home/ricardo22/capture/install/pegasus_demos:/home/ricardo22/capture/install/capture_missions:/opt/ros/humble /usr/bin/cmake --build /home/ricardo22/capture/src/build/pid -- -j8 -l8
[1.502s] [ 50%] [32mBuilding CXX object CMakeFiles/pid.dir/src/pid.cpp.o[0m
[2.021s] [100%] [32m[1mLinking CXX static library libpid.a[0m
[2.082s] [100%] Built target pid
[2.104s] Invoked command in '/home/ricardo22/capture/src/build/pid' returned '0': CMAKE_PREFIX_PATH=${CMAKE_PREFIX_PATH}:/home/ricardo22/capture/install/pegasus_demos:/home/ricardo22/capture/install/capture_missions:/opt/ros/humble /usr/bin/cmake --build /home/ricardo22/capture/src/build/pid -- -j8 -l8
[2.167s] Invoking command in '/home/ricardo22/capture/src/build/pid': CMAKE_PREFIX_PATH=${CMAKE_PREFIX_PATH}:/home/ricardo22/capture/install/pegasus_demos:/home/ricardo22/capture/install/capture_missions:/opt/ros/humble /usr/bin/cmake --install /home/ricardo22/capture/src/build/pid
[2.183s] -- Install configuration: ""
[2.184s] -- Execute custom install script
[2.185s] -- Symlinking: /home/ricardo22/capture/src/install/pid/include/pid/pid.hpp
[2.209s] -- Symlinking: /home/ricardo22/capture/src/install/pid/share/pid/environment/library_path.sh
[2.228s] -- Symlinking: /home/ricardo22/capture/src/install/pid/share/pid/environment/library_path.dsv
[2.250s] -- Symlinking: /home/ricardo22/capture/src/install/pid/share/ament_index/resource_index/package_run_dependencies/pid
[2.271s] -- Symlinking: /home/ricardo22/capture/src/install/pid/share/ament_index/resource_index/parent_prefix_path/pid
[2.290s] -- Symlinking: /home/ricardo22/capture/src/install/pid/share/pid/environment/ament_prefix_path.sh
[2.313s] -- Symlinking: /home/ricardo22/capture/src/install/pid/share/pid/environment/ament_prefix_path.dsv
[2.331s] -- Symlinking: /home/ricardo22/capture/src/install/pid/share/pid/environment/path.sh
[2.346s] -- Symlinking: /home/ricardo22/capture/src/install/pid/share/pid/environment/path.dsv
[2.362s] -- Symlinking: /home/ricardo22/capture/src/install/pid/share/pid/local_setup.bash
[2.376s] -- Symlinking: /home/ricardo22/capture/src/install/pid/share/pid/local_setup.sh
[2.390s] -- Symlinking: /home/ricardo22/capture/src/install/pid/share/pid/local_setup.zsh
[2.406s] -- Symlinking: /home/ricardo22/capture/src/install/pid/share/pid/local_setup.dsv
[2.424s] -- Symlinking: /home/ricardo22/capture/src/install/pid/share/pid/package.dsv
[2.440s] -- Symlinking: /home/ricardo22/capture/src/install/pid/share/ament_index/resource_index/packages/pid
[2.455s] -- Symlinking: /home/ricardo22/capture/src/install/pid/share/pid/cmake/ament_cmake_export_targets-extras.cmake
[2.469s] -- Symlinking: /home/ricardo22/capture/src/install/pid/share/pid/cmake/pidConfig.cmake
[2.483s] -- Symlinking: /home/ricardo22/capture/src/install/pid/share/pid/cmake/pidConfig-version.cmake
[2.498s] -- Symlinking: /home/ricardo22/capture/src/install/pid/share/pid/package.xml
[2.514s] -- Installing: /home/ricardo22/capture/src/install/pid/lib/libpid.a
[2.514s] -- Installing: /home/ricardo22/capture/src/install/pid/share/pid/cmake/pidTargetsExport.cmake
[2.514s] -- Installing: /home/ricardo22/capture/src/install/pid/share/pid/cmake/pidTargetsExport-noconfig.cmake
[2.518s] Invoked command in '/home/ricardo22/capture/src/build/pid' returned '0': CMAKE_PREFIX_PATH=${CMAKE_PREFIX_PATH}:/home/ricardo22/capture/install/pegasus_demos:/home/ricardo22/capture/install/capture_missions:/opt/ros/humble /usr/bin/cmake --install /home/ricardo22/capture/src/build/pid
