[0.035s] Invoking command in '/home/ricardo22/capture/src/build/pegasus_gazebo': CMAKE_PREFIX_PATH=${CMAKE_PREFIX_PATH}:/home/ricardo22/capture/install/pegasus_demos:/home/ricardo22/capture/install/capture_missions:/opt/ros/humble /usr/bin/cmake /home/ricardo22/capture/src/pegasus_gazebo -DAMENT_CMAKE_SYMLINK_INSTALL=1 -DCMAKE_INSTALL_PREFIX=/home/ricardo22/capture/src/install/pegasus_gazebo
[0.143s] -- The C compiler identification is GNU 11.4.0
[0.265s] -- The CXX compiler identification is GNU 11.4.0
[0.276s] -- Detecting C compiler ABI info
[0.435s] -- Detecting C compiler ABI info - done
[0.449s] -- Check for working C compiler: /usr/bin/cc - skipped
[0.449s] -- Detecting C compile features
[0.449s] -- Detecting C compile features - done
[0.453s] -- Detecting CXX compiler ABI info
[0.614s] -- Detecting CXX compiler ABI info - done
[0.624s] -- Check for working CXX compiler: /usr/bin/c++ - skipped
[0.625s] -- Detecting CXX compile features
[0.625s] -- Detecting CXX compile features - done
[0.633s] -- Found ament_cmake_auto: 1.3.9 (/opt/ros/humble/share/ament_cmake_auto/cmake)
[0.981s] -- Found Python3: /usr/bin/python3 (found version "3.10.12") found components: Interpreter 
[1.090s] -- Override CMake install command with custom implementation using symlinks instead of copying resources
[1.403s] -- Found rosidl_generator_c: 3.1.5 (/opt/ros/humble/share/rosidl_generator_c/cmake)
[1.418s] -- Found rosidl_adapter: 3.1.5 (/opt/ros/humble/share/rosidl_adapter/cmake)
[1.441s] -- Found rosidl_generator_cpp: 3.1.5 (/opt/ros/humble/share/rosidl_generator_cpp/cmake)
[1.473s] -- Using all available rosidl_typesupport_c: rosidl_typesupport_fastrtps_c;rosidl_typesupport_introspection_c
[1.519s] -- Using all available rosidl_typesupport_cpp: rosidl_typesupport_fastrtps_cpp;rosidl_typesupport_introspection_cpp
[1.677s] -- Found rmw_implementation_cmake: 6.1.2 (/opt/ros/humble/share/rmw_implementation_cmake/cmake)
[1.688s] -- Found rmw_fastrtps_cpp: 6.2.6 (/opt/ros/humble/share/rmw_fastrtps_cpp/cmake)
[1.959s] -- Found OpenSSL: /usr/lib/x86_64-linux-gnu/libcrypto.so (found version "3.0.2")  
[2.021s] -- Found FastRTPS: /opt/ros/humble/include  
[2.113s] -- Using RMW implementation 'rmw_fastrtps_cpp' as default
[2.140s] -- Looking for pthread.h
[2.288s] -- Looking for pthread.h - found
[2.290s] -- Performing Test CMAKE_HAVE_LIBC_PTHREAD
[2.414s] -- Performing Test CMAKE_HAVE_LIBC_PTHREAD - Success
[2.416s] -- Found Threads: TRUE  
[2.686s] -- Found ament_lint_auto: 0.12.11 (/opt/ros/humble/share/ament_lint_auto/cmake)
[2.743s] -- Added test 'copyright' to check source files copyright and LICENSE
[2.750s] -- Added test 'flake8' to check Python code syntax and style conventions
[2.752s] -- Added test 'lint_cmake' to check CMake code style
[2.754s] -- Added test 'pep257' to check Python code against some of the docstring style conventions in PEP 257
[2.758s] -- Added test 'xmllint' to check XML markup files
[2.762s] -- Configuring done
[2.769s] -- Generating done
[2.771s] -- Build files have been written to: /home/ricardo22/capture/src/build/pegasus_gazebo
[2.785s] Invoked command in '/home/ricardo22/capture/src/build/pegasus_gazebo' returned '0': CMAKE_PREFIX_PATH=${CMAKE_PREFIX_PATH}:/home/ricardo22/capture/install/pegasus_demos:/home/ricardo22/capture/install/capture_missions:/opt/ros/humble /usr/bin/cmake /home/ricardo22/capture/src/pegasus_gazebo -DAMENT_CMAKE_SYMLINK_INSTALL=1 -DCMAKE_INSTALL_PREFIX=/home/ricardo22/capture/src/install/pegasus_gazebo
[2.787s] Invoking command in '/home/ricardo22/capture/src/build/pegasus_gazebo': CMAKE_PREFIX_PATH=${CMAKE_PREFIX_PATH}:/home/ricardo22/capture/install/pegasus_demos:/home/ricardo22/capture/install/capture_missions:/opt/ros/humble /usr/bin/cmake --build /home/ricardo22/capture/src/build/pegasus_gazebo -- -j8 -l8
[2.850s] Invoked command in '/home/ricardo22/capture/src/build/pegasus_gazebo' returned '0': CMAKE_PREFIX_PATH=${CMAKE_PREFIX_PATH}:/home/ricardo22/capture/install/pegasus_demos:/home/ricardo22/capture/install/capture_missions:/opt/ros/humble /usr/bin/cmake --build /home/ricardo22/capture/src/build/pegasus_gazebo -- -j8 -l8
[2.893s] Invoking command in '/home/ricardo22/capture/src/build/pegasus_gazebo': CMAKE_PREFIX_PATH=${CMAKE_PREFIX_PATH}:/home/ricardo22/capture/install/pegasus_demos:/home/ricardo22/capture/install/capture_missions:/opt/ros/humble /usr/bin/cmake --install /home/ricardo22/capture/src/build/pegasus_gazebo
[2.905s] -- Install configuration: ""
[2.905s] -- Execute custom install script
[2.906s] -- Symlinking: /home/ricardo22/capture/src/install/pegasus_gazebo/share/pegasus_gazebo/launch/vehicles/iris.launch.py
[2.922s] -- Symlinking: /home/ricardo22/capture/src/install/pegasus_gazebo/share/pegasus_gazebo/launch/vehicles/iris_fpv.launch.py
[2.938s] -- Symlinking: /home/ricardo22/capture/src/install/pegasus_gazebo/share/pegasus_gazebo/launch/worlds/empty.launch.py
[2.956s] -- Symlinking: /home/ricardo22/capture/src/install/pegasus_gazebo/share/pegasus_gazebo/launch/worlds/racetrack.launch.py
[2.971s] -- Symlinking: /home/ricardo22/capture/src/install/pegasus_gazebo/share/pegasus_gazebo/launch/worlds/taguspark.launch.py
[2.986s] -- Symlinking: /home/ricardo22/capture/src/install/pegasus_gazebo/share/pegasus_gazebo/models/pegasus_fpv_cam/model.config
[3.000s] -- Symlinking: /home/ricardo22/capture/src/install/pegasus_gazebo/share/pegasus_gazebo/models/pegasus_fpv_cam/pegasus_fpv_cam.sdf
[3.016s] -- Symlinking: /home/ricardo22/capture/src/install/pegasus_gazebo/share/pegasus_gazebo/models/pegasus_iris/meshes/iris.stl
[3.031s] -- Symlinking: /home/ricardo22/capture/src/install/pegasus_gazebo/share/pegasus_gazebo/models/pegasus_iris/meshes/iris_prop_ccw.dae
[3.046s] -- Symlinking: /home/ricardo22/capture/src/install/pegasus_gazebo/share/pegasus_gazebo/models/pegasus_iris/meshes/iris_prop_cw.dae
[3.062s] -- Symlinking: /home/ricardo22/capture/src/install/pegasus_gazebo/share/pegasus_gazebo/models/pegasus_iris/model.config
[3.078s] -- Symlinking: /home/ricardo22/capture/src/install/pegasus_gazebo/share/pegasus_gazebo/models/pegasus_iris/pegasus_iris.sdf.jinja
[3.097s] -- Symlinking: /home/ricardo22/capture/src/install/pegasus_gazebo/share/pegasus_gazebo/models/pegasus_iris_fpv/model.config
[3.118s] -- Symlinking: /home/ricardo22/capture/src/install/pegasus_gazebo/share/pegasus_gazebo/models/pegasus_iris_fpv/pegasus_iris_fpv.sdf
[3.139s] -- Symlinking: /home/ricardo22/capture/src/install/pegasus_gazebo/share/pegasus_gazebo/models/racetrack/meshes/Asphalt_baseColor.jpg
[3.159s] -- Symlinking: /home/ricardo22/capture/src/install/pegasus_gazebo/share/pegasus_gazebo/models/racetrack/meshes/Decals_baseColor.jpg
[3.181s] -- Symlinking: /home/ricardo22/capture/src/install/pegasus_gazebo/share/pegasus_gazebo/models/racetrack/meshes/Ground_baseColor.jpg
[3.198s] -- Symlinking: /home/ricardo22/capture/src/install/pegasus_gazebo/share/pegasus_gazebo/models/racetrack/meshes/RaceTrack.dae
[3.215s] -- Symlinking: /home/ricardo22/capture/src/install/pegasus_gazebo/share/pegasus_gazebo/models/racetrack/model.config
[3.231s] -- Symlinking: /home/ricardo22/capture/src/install/pegasus_gazebo/share/pegasus_gazebo/models/racetrack/model.sdf
[3.249s] -- Symlinking: /home/ricardo22/capture/src/install/pegasus_gazebo/share/pegasus_gazebo/models/taguspark_arena/meshes/Taguspark.dae
[3.264s] -- Symlinking: /home/ricardo22/capture/src/install/pegasus_gazebo/share/pegasus_gazebo/models/taguspark_arena/model.config
[3.280s] -- Symlinking: /home/ricardo22/capture/src/install/pegasus_gazebo/share/pegasus_gazebo/models/taguspark_arena/taguspark_arena.sdf
[3.298s] -- Symlinking: /home/ricardo22/capture/src/install/pegasus_gazebo/share/pegasus_gazebo/worlds/empty.world
[3.313s] -- Symlinking: /home/ricardo22/capture/src/install/pegasus_gazebo/share/pegasus_gazebo/worlds/racetrack.world
[3.328s] -- Symlinking: /home/ricardo22/capture/src/install/pegasus_gazebo/share/pegasus_gazebo/worlds/taguspark.world
[3.343s] -- Symlinking: /home/ricardo22/capture/src/install/pegasus_gazebo/share/pegasus_gazebo/worlds/taguspark_obstacles.world
[3.357s] -- Symlinking: /home/ricardo22/capture/src/install/pegasus_gazebo/share/ament_index/resource_index/package_run_dependencies/pegasus_gazebo
[3.373s] -- Symlinking: /home/ricardo22/capture/src/install/pegasus_gazebo/share/ament_index/resource_index/parent_prefix_path/pegasus_gazebo
[3.389s] -- Symlinking: /home/ricardo22/capture/src/install/pegasus_gazebo/share/pegasus_gazebo/environment/ament_prefix_path.sh
[3.405s] -- Symlinking: /home/ricardo22/capture/src/install/pegasus_gazebo/share/pegasus_gazebo/environment/ament_prefix_path.dsv
[3.421s] -- Symlinking: /home/ricardo22/capture/src/install/pegasus_gazebo/share/pegasus_gazebo/environment/path.sh
[3.437s] -- Symlinking: /home/ricardo22/capture/src/install/pegasus_gazebo/share/pegasus_gazebo/environment/path.dsv
[3.452s] -- Symlinking: /home/ricardo22/capture/src/install/pegasus_gazebo/share/pegasus_gazebo/local_setup.bash
[3.467s] -- Symlinking: /home/ricardo22/capture/src/install/pegasus_gazebo/share/pegasus_gazebo/local_setup.sh
[3.482s] -- Symlinking: /home/ricardo22/capture/src/install/pegasus_gazebo/share/pegasus_gazebo/local_setup.zsh
[3.497s] -- Symlinking: /home/ricardo22/capture/src/install/pegasus_gazebo/share/pegasus_gazebo/local_setup.dsv
[3.512s] -- Symlinking: /home/ricardo22/capture/src/install/pegasus_gazebo/share/pegasus_gazebo/package.dsv
[3.527s] -- Symlinking: /home/ricardo22/capture/src/install/pegasus_gazebo/share/ament_index/resource_index/packages/pegasus_gazebo
[3.542s] -- Symlinking: /home/ricardo22/capture/src/install/pegasus_gazebo/share/pegasus_gazebo/cmake/ament_cmake_export_dependencies-extras.cmake
[3.556s] -- Symlinking: /home/ricardo22/capture/src/install/pegasus_gazebo/share/pegasus_gazebo/cmake/pegasus_gazeboConfig.cmake
[3.571s] -- Symlinking: /home/ricardo22/capture/src/install/pegasus_gazebo/share/pegasus_gazebo/cmake/pegasus_gazeboConfig-version.cmake
[3.585s] -- Symlinking: /home/ricardo22/capture/src/install/pegasus_gazebo/share/pegasus_gazebo/package.xml
[3.610s] Invoked command in '/home/ricardo22/capture/src/build/pegasus_gazebo' returned '0': CMAKE_PREFIX_PATH=${CMAKE_PREFIX_PATH}:/home/ricardo22/capture/install/pegasus_demos:/home/ricardo22/capture/install/capture_missions:/opt/ros/humble /usr/bin/cmake --install /home/ricardo22/capture/src/build/pegasus_gazebo
