[35m[1mConsolidate compiler generated dependencies of target thrust_curves[0m
[100%] Built target thrust_curves
-- Install configuration: ""
-- Execute custom install script
-- Up-to-date symlink: /home/ricardo22/capture/src/install/thrust_curves/include/thrust_curves/thrust_curves.hpp
-- Up-to-date symlink: /home/ricardo22/capture/src/install/thrust_curves/share/thrust_curves/environment/library_path.sh
-- Up-to-date symlink: /home/ricardo22/capture/src/install/thrust_curves/share/thrust_curves/environment/library_path.dsv
-- Up-to-date symlink: /home/ricardo22/capture/src/install/thrust_curves/share/ament_index/resource_index/package_run_dependencies/thrust_curves
-- Up-to-date symlink: /home/ricardo22/capture/src/install/thrust_curves/share/ament_index/resource_index/parent_prefix_path/thrust_curves
-- Up-to-date symlink: /home/ricardo22/capture/src/install/thrust_curves/share/thrust_curves/environment/ament_prefix_path.sh
-- Up-to-date symlink: /home/ricardo22/capture/src/install/thrust_curves/share/thrust_curves/environment/ament_prefix_path.dsv
-- Up-to-date symlink: /home/ricardo22/capture/src/install/thrust_curves/share/thrust_curves/environment/path.sh
-- Up-to-date symlink: /home/ricardo22/capture/src/install/thrust_curves/share/thrust_curves/environment/path.dsv
-- Up-to-date symlink: /home/ricardo22/capture/src/install/thrust_curves/share/thrust_curves/local_setup.bash
-- Up-to-date symlink: /home/ricardo22/capture/src/install/thrust_curves/share/thrust_curves/local_setup.sh
-- Up-to-date symlink: /home/ricardo22/capture/src/install/thrust_curves/share/thrust_curves/local_setup.zsh
-- Up-to-date symlink: /home/ricardo22/capture/src/install/thrust_curves/share/thrust_curves/local_setup.dsv
-- Symlinking: /home/ricardo22/capture/src/install/thrust_curves/share/thrust_curves/package.dsv
-- Up-to-date symlink: /home/ricardo22/capture/src/install/thrust_curves/share/ament_index/resource_index/packages/thrust_curves
-- Up-to-date symlink: /home/ricardo22/capture/src/install/thrust_curves/share/thrust_curves/cmake/ament_cmake_export_dependencies-extras.cmake
-- Up-to-date symlink: /home/ricardo22/capture/src/install/thrust_curves/share/thrust_curves/cmake/ament_cmake_export_targets-extras.cmake
-- Up-to-date symlink: /home/ricardo22/capture/src/install/thrust_curves/share/thrust_curves/cmake/thrust_curvesConfig.cmake
-- Up-to-date symlink: /home/ricardo22/capture/src/install/thrust_curves/share/thrust_curves/cmake/thrust_curvesConfig-version.cmake
-- Up-to-date symlink: /home/ricardo22/capture/src/install/thrust_curves/share/thrust_curves/package.xml
-- Up-to-date: /home/ricardo22/capture/src/install/thrust_curves/lib/libthrust_curves.a
-- Up-to-date: /home/ricardo22/capture/src/install/thrust_curves/share/thrust_curves/cmake/thrust_curvesTargetsExport.cmake
-- Up-to-date: /home/ricardo22/capture/src/install/thrust_curves/share/thrust_curves/cmake/thrust_curvesTargetsExport-noconfig.cmake
