[0.048s] Invoking command in '/home/ricardo22/capture/src/build/thrust_curves': CMAKE_PREFIX_PATH=${CMAKE_PREFIX_PATH}:/home/ricardo22/capture/install/pegasus_demos:/home/ricardo22/capture/install/capture_missions:/opt/ros/humble /usr/bin/cmake --build /home/ricardo22/capture/src/build/thrust_curves -- -j8 -l8
[0.127s] [35m[1mConsolidate compiler generated dependencies of target thrust_curves[0m
[0.165s] [100%] Built target thrust_curves
[0.226s] Invoked command in '/home/ricardo22/capture/src/build/thrust_curves' returned '0': CMAKE_PREFIX_PATH=${CMAKE_PREFIX_PATH}:/home/ricardo22/capture/install/pegasus_demos:/home/ricardo22/capture/install/capture_missions:/opt/ros/humble /usr/bin/cmake --build /home/ricardo22/capture/src/build/thrust_curves -- -j8 -l8
[0.384s] Invoking command in '/home/ricardo22/capture/src/build/thrust_curves': CMAKE_PREFIX_PATH=${CMAKE_PREFIX_PATH}:/home/ricardo22/capture/install/pegasus_demos:/home/ricardo22/capture/install/capture_missions:/opt/ros/humble /usr/bin/cmake --install /home/ricardo22/capture/src/build/thrust_curves
[0.405s] -- Install configuration: ""
[0.405s] -- Execute custom install script
[0.405s] -- Up-to-date symlink: /home/ricardo22/capture/src/install/thrust_curves/include/thrust_curves/thrust_curves.hpp
[0.405s] -- Up-to-date symlink: /home/ricardo22/capture/src/install/thrust_curves/share/thrust_curves/environment/library_path.sh
[0.405s] -- Up-to-date symlink: /home/ricardo22/capture/src/install/thrust_curves/share/thrust_curves/environment/library_path.dsv
[0.405s] -- Up-to-date symlink: /home/ricardo22/capture/src/install/thrust_curves/share/ament_index/resource_index/package_run_dependencies/thrust_curves
[0.406s] -- Up-to-date symlink: /home/ricardo22/capture/src/install/thrust_curves/share/ament_index/resource_index/parent_prefix_path/thrust_curves
[0.406s] -- Up-to-date symlink: /home/ricardo22/capture/src/install/thrust_curves/share/thrust_curves/environment/ament_prefix_path.sh
[0.406s] -- Up-to-date symlink: /home/ricardo22/capture/src/install/thrust_curves/share/thrust_curves/environment/ament_prefix_path.dsv
[0.407s] -- Up-to-date symlink: /home/ricardo22/capture/src/install/thrust_curves/share/thrust_curves/environment/path.sh
[0.407s] -- Up-to-date symlink: /home/ricardo22/capture/src/install/thrust_curves/share/thrust_curves/environment/path.dsv
[0.407s] -- Up-to-date symlink: /home/ricardo22/capture/src/install/thrust_curves/share/thrust_curves/local_setup.bash
[0.407s] -- Up-to-date symlink: /home/ricardo22/capture/src/install/thrust_curves/share/thrust_curves/local_setup.sh
[0.408s] -- Up-to-date symlink: /home/ricardo22/capture/src/install/thrust_curves/share/thrust_curves/local_setup.zsh
[0.408s] -- Up-to-date symlink: /home/ricardo22/capture/src/install/thrust_curves/share/thrust_curves/local_setup.dsv
[0.409s] -- Symlinking: /home/ricardo22/capture/src/install/thrust_curves/share/thrust_curves/package.dsv
[0.435s] -- Up-to-date symlink: /home/ricardo22/capture/src/install/thrust_curves/share/ament_index/resource_index/packages/thrust_curves
[0.435s] -- Up-to-date symlink: /home/ricardo22/capture/src/install/thrust_curves/share/thrust_curves/cmake/ament_cmake_export_dependencies-extras.cmake
[0.435s] -- Up-to-date symlink: /home/ricardo22/capture/src/install/thrust_curves/share/thrust_curves/cmake/ament_cmake_export_targets-extras.cmake
[0.435s] -- Up-to-date symlink: /home/ricardo22/capture/src/install/thrust_curves/share/thrust_curves/cmake/thrust_curvesConfig.cmake
[0.435s] -- Up-to-date symlink: /home/ricardo22/capture/src/install/thrust_curves/share/thrust_curves/cmake/thrust_curvesConfig-version.cmake
[0.435s] -- Up-to-date symlink: /home/ricardo22/capture/src/install/thrust_curves/share/thrust_curves/package.xml
[0.435s] -- Up-to-date: /home/ricardo22/capture/src/install/thrust_curves/lib/libthrust_curves.a
[0.436s] -- Up-to-date: /home/ricardo22/capture/src/install/thrust_curves/share/thrust_curves/cmake/thrust_curvesTargetsExport.cmake
[0.436s] -- Up-to-date: /home/ricardo22/capture/src/install/thrust_curves/share/thrust_curves/cmake/thrust_curvesTargetsExport-noconfig.cmake
[0.447s] Invoked command in '/home/ricardo22/capture/src/build/thrust_curves' returned '0': CMAKE_PREFIX_PATH=${CMAKE_PREFIX_PATH}:/home/ricardo22/capture/install/pegasus_demos:/home/ricardo22/capture/install/capture_missions:/opt/ros/humble /usr/bin/cmake --install /home/ricardo22/capture/src/build/thrust_curves
