-- The C compiler identification is GNU 11.4.0
-- The CXX compiler identification is GNU 11.4.0
-- Detecting C compiler ABI info
-- Detecting C compiler ABI info - done
-- Check for working C compiler: /usr/bin/cc - skipped
-- Detecting C compile features
-- Detecting C compile features - done
-- Detecting CXX compiler ABI info
-- Detecting CXX compiler ABI info - done
-- Check for working CXX compiler: /usr/bin/c++ - skipped
-- Detecting CXX compile features
-- Detecting CXX compile features - done
-- Found ament_cmake: 1.3.9 (/opt/ros/humble/share/ament_cmake/cmake)
-- Found Python3: /usr/bin/python3 (found version "3.10.12") found components: Interpreter 
-- Override CMake install command with custom implementation using symlinks instead of copying resources
-- Found ament_cmake_ros: 0.10.0 (/opt/ros/humble/share/ament_cmake_ros/cmake)
-- Found autopilot: 1.0.0 (/home/ricardo22/capture/src/install/autopilot/share/autopilot/cmake)
-- Found rosidl_generator_c: 3.1.5 (/opt/ros/humble/share/rosidl_generator_c/cmake)
-- Found rosidl_adapter: 3.1.5 (/opt/ros/humble/share/rosidl_adapter/cmake)
-- Found rosidl_generator_cpp: 3.1.5 (/opt/ros/humble/share/rosidl_generator_cpp/cmake)
-- Using all available rosidl_typesupport_c: rosidl_typesupport_fastrtps_c;rosidl_typesupport_introspection_c
-- Using all available rosidl_typesupport_cpp: rosidl_typesupport_fastrtps_cpp;rosidl_typesupport_introspection_cpp
-- Found rmw_implementation_cmake: 6.1.2 (/opt/ros/humble/share/rmw_implementation_cmake/cmake)
-- Found rmw_fastrtps_cpp: 6.2.6 (/opt/ros/humble/share/rmw_fastrtps_cpp/cmake)
-- Found OpenSSL: /usr/lib/x86_64-linux-gnu/libcrypto.so (found version "3.0.2")  
-- Found FastRTPS: /opt/ros/humble/include  
-- Using RMW implementation 'rmw_fastrtps_cpp' as default
-- Looking for pthread.h
-- Looking for pthread.h - found
-- Performing Test CMAKE_HAVE_LIBC_PTHREAD
-- Performing Test CMAKE_HAVE_LIBC_PTHREAD - Success
-- Found Threads: TRUE  
-- Found ament_lint_auto: 0.12.11 (/opt/ros/humble/share/ament_lint_auto/cmake)
-- Added test 'cppcheck' to perform static code analysis on C / C++ code
-- Configured cppcheck include dirs: $<BUILD_INTERFACE:/home/ricardo22/capture/src/pegasus/pegasus_autopilot/box_geofencing/include>
-- Configured cppcheck exclude dirs and/or files: 
-- Added test 'lint_cmake' to check CMake code style
-- Added test 'uncrustify' to check C / C++ code style
-- Configured uncrustify additional arguments: 
-- Added test 'xmllint' to check XML markup files
-- Configuring done
-- Generating done
-- Build files have been written to: /home/ricardo22/capture/src/build/box_geofencing
[ 50%] [32mBuilding CXX object CMakeFiles/box_geofencing.dir/src/box_geofencing.cpp.o[0m
[100%] [32m[1mLinking CXX shared library libbox_geofencing.so[0m
[100%] Built target box_geofencing
-- Install configuration: ""
-- Execute custom install script
-- Symlinking: /home/ricardo22/capture/src/install/box_geofencing/share/box_geofencing//autopilot_geofencing_plugins.xml
-- Symlinking: /home/ricardo22/capture/src/install/box_geofencing/include/box_geofencing/box_geofencing.hpp
-- Symlinking: /home/ricardo22/capture/src/install/box_geofencing/share/box_geofencing/environment/library_path.sh
-- Symlinking: /home/ricardo22/capture/src/install/box_geofencing/share/box_geofencing/environment/library_path.dsv
-- Symlinking: /home/ricardo22/capture/src/install/box_geofencing/share/ament_index/resource_index/package_run_dependencies/box_geofencing
-- Symlinking: /home/ricardo22/capture/src/install/box_geofencing/share/ament_index/resource_index/parent_prefix_path/box_geofencing
-- Symlinking: /home/ricardo22/capture/src/install/box_geofencing/share/box_geofencing/environment/ament_prefix_path.sh
-- Symlinking: /home/ricardo22/capture/src/install/box_geofencing/share/box_geofencing/environment/ament_prefix_path.dsv
-- Symlinking: /home/ricardo22/capture/src/install/box_geofencing/share/box_geofencing/environment/path.sh
-- Symlinking: /home/ricardo22/capture/src/install/box_geofencing/share/box_geofencing/environment/path.dsv
-- Symlinking: /home/ricardo22/capture/src/install/box_geofencing/share/box_geofencing/local_setup.bash
-- Symlinking: /home/ricardo22/capture/src/install/box_geofencing/share/box_geofencing/local_setup.sh
-- Symlinking: /home/ricardo22/capture/src/install/box_geofencing/share/box_geofencing/local_setup.zsh
-- Symlinking: /home/ricardo22/capture/src/install/box_geofencing/share/box_geofencing/local_setup.dsv
-- Symlinking: /home/ricardo22/capture/src/install/box_geofencing/share/box_geofencing/package.dsv
-- Symlinking: /home/ricardo22/capture/src/install/box_geofencing/share/ament_index/resource_index/packages/box_geofencing
-- Symlinking: /home/ricardo22/capture/src/install/box_geofencing/share/ament_index/resource_index/autopilot__pluginlib__plugin/box_geofencing
-- Symlinking: /home/ricardo22/capture/src/install/box_geofencing/share/box_geofencing/cmake/ament_cmake_export_include_directories-extras.cmake
-- Symlinking: /home/ricardo22/capture/src/install/box_geofencing/share/box_geofencing/cmake/ament_cmake_export_libraries-extras.cmake
-- Symlinking: /home/ricardo22/capture/src/install/box_geofencing/share/box_geofencing/cmake/ament_cmake_export_dependencies-extras.cmake
-- Symlinking: /home/ricardo22/capture/src/install/box_geofencing/share/box_geofencing/cmake/ament_cmake_export_targets-extras.cmake
-- Symlinking: /home/ricardo22/capture/src/install/box_geofencing/share/box_geofencing/cmake/box_geofencingConfig.cmake
-- Symlinking: /home/ricardo22/capture/src/install/box_geofencing/share/box_geofencing/cmake/box_geofencingConfig-version.cmake
-- Symlinking: /home/ricardo22/capture/src/install/box_geofencing/share/box_geofencing/package.xml
-- Installing: /home/ricardo22/capture/src/install/box_geofencing/lib/libbox_geofencing.so
-- Set runtime path of "/home/ricardo22/capture/src/install/box_geofencing/lib/libbox_geofencing.so" to ""
-- Installing: /home/ricardo22/capture/src/install/box_geofencing/share/box_geofencing/cmake/export_box_geofencingExport.cmake
-- Installing: /home/ricardo22/capture/src/install/box_geofencing/share/box_geofencing/cmake/export_box_geofencingExport-noconfig.cmake
