[0.037s] Invoking command in '/home/ricardo22/capture/src/build/box_geofencing': AMENT_PREFIX_PATH=/home/ricardo22/capture/src/install/autopilot:/home/ricardo22/capture/src/install/pegasus_msgs:${AMENT_PREFIX_PATH} CMAKE_PREFIX_PATH=/home/ricardo22/capture/src/install/autopilot:/home/ricardo22/capture/src/install/pegasus_msgs:/home/ricardo22/capture/install/capture:/home/ricardo22/capture/install/pegasus:/home/ricardo22/capture/install/mavlink_interface:/home/ricardo22/capture/install/autopilot_controllers:/home/ricardo22/capture/install/thrust_curves:/home/ricardo22/capture/install/static_trajectories:/home/ricardo22/capture/install/static_trajectory_manager:/home/ricardo22/capture/install/pid:/home/ricardo22/capture/install/pegasus_console:/home/ricardo22/capture/install/capture_modes:/home/ricardo22/capture/install/autopilot_modes:/home/ricardo22/capture/install/pegasus_utils:/home/ricardo22/capture/install/box_geofencing:/home/ricardo22/capture/install/autopilot:/home/ricardo22/capture/install/pegasus_msgs:/home/ricardo22/capture/install/pegasus_gazebo:/home/ricardo22/capture/install/mocap_interface:/home/ricardo22/pegasus_external/install/vrpn_vendor:/home/ricardo22/pegasus_external/install/micro_xrce_vendor:/home/ricardo22/pegasus_external/install/mavsdk_vendor:/home/ricardo22/pegasus_external/install/casadi_vendor:/home/ricardo22/capture/install/pegasus_demos:/home/ricardo22/capture/install/capture_missions:/opt/ros/humble LD_LIBRARY_PATH=/home/ricardo22/capture/src/install/pegasus_msgs/lib:${LD_LIBRARY_PATH} PYTHONPATH=/home/ricardo22/capture/src/install/pegasus_msgs/local/lib/python3.10/dist-packages:${PYTHONPATH} /usr/bin/cmake /home/ricardo22/capture/src/pegasus/pegasus_autopilot/box_geofencing -DAMENT_CMAKE_SYMLINK_INSTALL=1 -DCMAKE_INSTALL_PREFIX=/home/ricardo22/capture/src/install/box_geofencing
[0.159s] -- The C compiler identification is GNU 11.4.0
[0.278s] -- The CXX compiler identification is GNU 11.4.0
[0.292s] -- Detecting C compiler ABI info
[0.451s] -- Detecting C compiler ABI info - done
[0.466s] -- Check for working C compiler: /usr/bin/cc - skipped
[0.466s] -- Detecting C compile features
[0.467s] -- Detecting C compile features - done
[0.473s] -- Detecting CXX compiler ABI info
[0.670s] -- Detecting CXX compiler ABI info - done
[0.697s] -- Check for working CXX compiler: /usr/bin/c++ - skipped
[0.697s] -- Detecting CXX compile features
[0.698s] -- Detecting CXX compile features - done
[0.711s] -- Found ament_cmake: 1.3.9 (/opt/ros/humble/share/ament_cmake/cmake)
[1.052s] -- Found Python3: /usr/bin/python3 (found version "3.10.12") found components: Interpreter 
[1.187s] -- Override CMake install command with custom implementation using symlinks instead of copying resources
[1.315s] -- Found ament_cmake_ros: 0.10.0 (/opt/ros/humble/share/ament_cmake_ros/cmake)
[1.343s] -- Found autopilot: 1.0.0 (/home/ricardo22/capture/src/install/autopilot/share/autopilot/cmake)
[1.499s] -- Found rosidl_generator_c: 3.1.5 (/opt/ros/humble/share/rosidl_generator_c/cmake)
[1.519s] -- Found rosidl_adapter: 3.1.5 (/opt/ros/humble/share/rosidl_adapter/cmake)
[1.548s] -- Found rosidl_generator_cpp: 3.1.5 (/opt/ros/humble/share/rosidl_generator_cpp/cmake)
[1.591s] -- Using all available rosidl_typesupport_c: rosidl_typesupport_fastrtps_c;rosidl_typesupport_introspection_c
[1.650s] -- Using all available rosidl_typesupport_cpp: rosidl_typesupport_fastrtps_cpp;rosidl_typesupport_introspection_cpp
[1.845s] -- Found rmw_implementation_cmake: 6.1.2 (/opt/ros/humble/share/rmw_implementation_cmake/cmake)
[1.857s] -- Found rmw_fastrtps_cpp: 6.2.6 (/opt/ros/humble/share/rmw_fastrtps_cpp/cmake)
[2.127s] -- Found OpenSSL: /usr/lib/x86_64-linux-gnu/libcrypto.so (found version "3.0.2")  
[2.192s] -- Found FastRTPS: /opt/ros/humble/include  
[2.300s] -- Using RMW implementation 'rmw_fastrtps_cpp' as default
[2.337s] -- Looking for pthread.h
[2.512s] -- Looking for pthread.h - found
[2.513s] -- Performing Test CMAKE_HAVE_LIBC_PTHREAD
[2.680s] -- Performing Test CMAKE_HAVE_LIBC_PTHREAD - Success
[2.683s] -- Found Threads: TRUE  
[3.656s] -- Found ament_lint_auto: 0.12.11 (/opt/ros/humble/share/ament_lint_auto/cmake)
[3.992s] -- Added test 'cppcheck' to perform static code analysis on C / C++ code
[3.992s] -- Configured cppcheck include dirs: $<BUILD_INTERFACE:/home/ricardo22/capture/src/pegasus/pegasus_autopilot/box_geofencing/include>
[3.993s] -- Configured cppcheck exclude dirs and/or files: 
[3.995s] -- Added test 'lint_cmake' to check CMake code style
[3.999s] -- Added test 'uncrustify' to check C / C++ code style
[3.999s] -- Configured uncrustify additional arguments: 
[4.001s] -- Added test 'xmllint' to check XML markup files
[4.033s] -- Configuring done
[4.123s] -- Generating done
[4.141s] -- Build files have been written to: /home/ricardo22/capture/src/build/box_geofencing
[4.175s] Invoked command in '/home/ricardo22/capture/src/build/box_geofencing' returned '0': AMENT_PREFIX_PATH=/home/ricardo22/capture/src/install/autopilot:/home/ricardo22/capture/src/install/pegasus_msgs:${AMENT_PREFIX_PATH} CMAKE_PREFIX_PATH=/home/ricardo22/capture/src/install/autopilot:/home/ricardo22/capture/src/install/pegasus_msgs:/home/ricardo22/capture/install/capture:/home/ricardo22/capture/install/pegasus:/home/ricardo22/capture/install/mavlink_interface:/home/ricardo22/capture/install/autopilot_controllers:/home/ricardo22/capture/install/thrust_curves:/home/ricardo22/capture/install/static_trajectories:/home/ricardo22/capture/install/static_trajectory_manager:/home/ricardo22/capture/install/pid:/home/ricardo22/capture/install/pegasus_console:/home/ricardo22/capture/install/capture_modes:/home/ricardo22/capture/install/autopilot_modes:/home/ricardo22/capture/install/pegasus_utils:/home/ricardo22/capture/install/box_geofencing:/home/ricardo22/capture/install/autopilot:/home/ricardo22/capture/install/pegasus_msgs:/home/ricardo22/capture/install/pegasus_gazebo:/home/ricardo22/capture/install/mocap_interface:/home/ricardo22/pegasus_external/install/vrpn_vendor:/home/ricardo22/pegasus_external/install/micro_xrce_vendor:/home/ricardo22/pegasus_external/install/mavsdk_vendor:/home/ricardo22/pegasus_external/install/casadi_vendor:/home/ricardo22/capture/install/pegasus_demos:/home/ricardo22/capture/install/capture_missions:/opt/ros/humble LD_LIBRARY_PATH=/home/ricardo22/capture/src/install/pegasus_msgs/lib:${LD_LIBRARY_PATH} PYTHONPATH=/home/ricardo22/capture/src/install/pegasus_msgs/local/lib/python3.10/dist-packages:${PYTHONPATH} /usr/bin/cmake /home/ricardo22/capture/src/pegasus/pegasus_autopilot/box_geofencing -DAMENT_CMAKE_SYMLINK_INSTALL=1 -DCMAKE_INSTALL_PREFIX=/home/ricardo22/capture/src/install/box_geofencing
[4.176s] Invoking command in '/home/ricardo22/capture/src/build/box_geofencing': AMENT_PREFIX_PATH=/home/ricardo22/capture/src/install/autopilot:/home/ricardo22/capture/src/install/pegasus_msgs:${AMENT_PREFIX_PATH} CMAKE_PREFIX_PATH=/home/ricardo22/capture/src/install/autopilot:/home/ricardo22/capture/src/install/pegasus_msgs:/home/ricardo22/capture/install/capture:/home/ricardo22/capture/install/pegasus:/home/ricardo22/capture/install/mavlink_interface:/home/ricardo22/capture/install/autopilot_controllers:/home/ricardo22/capture/install/thrust_curves:/home/ricardo22/capture/install/static_trajectories:/home/ricardo22/capture/install/static_trajectory_manager:/home/ricardo22/capture/install/pid:/home/ricardo22/capture/install/pegasus_console:/home/ricardo22/capture/install/capture_modes:/home/ricardo22/capture/install/autopilot_modes:/home/ricardo22/capture/install/pegasus_utils:/home/ricardo22/capture/install/box_geofencing:/home/ricardo22/capture/install/autopilot:/home/ricardo22/capture/install/pegasus_msgs:/home/ricardo22/capture/install/pegasus_gazebo:/home/ricardo22/capture/install/mocap_interface:/home/ricardo22/pegasus_external/install/vrpn_vendor:/home/ricardo22/pegasus_external/install/micro_xrce_vendor:/home/ricardo22/pegasus_external/install/mavsdk_vendor:/home/ricardo22/pegasus_external/install/casadi_vendor:/home/ricardo22/capture/install/pegasus_demos:/home/ricardo22/capture/install/capture_missions:/opt/ros/humble LD_LIBRARY_PATH=/home/ricardo22/capture/src/install/pegasus_msgs/lib:${LD_LIBRARY_PATH} PYTHONPATH=/home/ricardo22/capture/src/install/pegasus_msgs/local/lib/python3.10/dist-packages:${PYTHONPATH} /usr/bin/cmake --build /home/ricardo22/capture/src/build/box_geofencing -- -j8 -l8
[30.025s] [ 50%] [32mBuilding CXX object CMakeFiles/box_geofencing.dir/src/box_geofencing.cpp.o[0m
[30.035s] [100%] [32m[1mLinking CXX shared library libbox_geofencing.so[0m
[30.036s] [100%] Built target box_geofencing
[30.047s] Invoked command in '/home/ricardo22/capture/src/build/box_geofencing' returned '0': AMENT_PREFIX_PATH=/home/ricardo22/capture/src/install/autopilot:/home/ricardo22/capture/src/install/pegasus_msgs:${AMENT_PREFIX_PATH} CMAKE_PREFIX_PATH=/home/ricardo22/capture/src/install/autopilot:/home/ricardo22/capture/src/install/pegasus_msgs:/home/ricardo22/capture/install/capture:/home/ricardo22/capture/install/pegasus:/home/ricardo22/capture/install/mavlink_interface:/home/ricardo22/capture/install/autopilot_controllers:/home/ricardo22/capture/install/thrust_curves:/home/ricardo22/capture/install/static_trajectories:/home/ricardo22/capture/install/static_trajectory_manager:/home/ricardo22/capture/install/pid:/home/ricardo22/capture/install/pegasus_console:/home/ricardo22/capture/install/capture_modes:/home/ricardo22/capture/install/autopilot_modes:/home/ricardo22/capture/install/pegasus_utils:/home/ricardo22/capture/install/box_geofencing:/home/ricardo22/capture/install/autopilot:/home/ricardo22/capture/install/pegasus_msgs:/home/ricardo22/capture/install/pegasus_gazebo:/home/ricardo22/capture/install/mocap_interface:/home/ricardo22/pegasus_external/install/vrpn_vendor:/home/ricardo22/pegasus_external/install/micro_xrce_vendor:/home/ricardo22/pegasus_external/install/mavsdk_vendor:/home/ricardo22/pegasus_external/install/casadi_vendor:/home/ricardo22/capture/install/pegasus_demos:/home/ricardo22/capture/install/capture_missions:/opt/ros/humble LD_LIBRARY_PATH=/home/ricardo22/capture/src/install/pegasus_msgs/lib:${LD_LIBRARY_PATH} PYTHONPATH=/home/ricardo22/capture/src/install/pegasus_msgs/local/lib/python3.10/dist-packages:${PYTHONPATH} /usr/bin/cmake --build /home/ricardo22/capture/src/build/box_geofencing -- -j8 -l8
[30.479s] Invoking command in '/home/ricardo22/capture/src/build/box_geofencing': AMENT_PREFIX_PATH=/home/ricardo22/capture/src/install/autopilot:/home/ricardo22/capture/src/install/pegasus_msgs:${AMENT_PREFIX_PATH} CMAKE_PREFIX_PATH=/home/ricardo22/capture/src/install/autopilot:/home/ricardo22/capture/src/install/pegasus_msgs:/home/ricardo22/capture/install/capture:/home/ricardo22/capture/install/pegasus:/home/ricardo22/capture/install/mavlink_interface:/home/ricardo22/capture/install/autopilot_controllers:/home/ricardo22/capture/install/thrust_curves:/home/ricardo22/capture/install/static_trajectories:/home/ricardo22/capture/install/static_trajectory_manager:/home/ricardo22/capture/install/pid:/home/ricardo22/capture/install/pegasus_console:/home/ricardo22/capture/install/capture_modes:/home/ricardo22/capture/install/autopilot_modes:/home/ricardo22/capture/install/pegasus_utils:/home/ricardo22/capture/install/box_geofencing:/home/ricardo22/capture/install/autopilot:/home/ricardo22/capture/install/pegasus_msgs:/home/ricardo22/capture/install/pegasus_gazebo:/home/ricardo22/capture/install/mocap_interface:/home/ricardo22/pegasus_external/install/vrpn_vendor:/home/ricardo22/pegasus_external/install/micro_xrce_vendor:/home/ricardo22/pegasus_external/install/mavsdk_vendor:/home/ricardo22/pegasus_external/install/casadi_vendor:/home/ricardo22/capture/install/pegasus_demos:/home/ricardo22/capture/install/capture_missions:/opt/ros/humble LD_LIBRARY_PATH=/home/ricardo22/capture/src/install/pegasus_msgs/lib:${LD_LIBRARY_PATH} PYTHONPATH=/home/ricardo22/capture/src/install/pegasus_msgs/local/lib/python3.10/dist-packages:${PYTHONPATH} /usr/bin/cmake --install /home/ricardo22/capture/src/build/box_geofencing
[30.521s] -- Install configuration: ""
[30.531s] -- Execute custom install script
[30.532s] -- Symlinking: /home/ricardo22/capture/src/install/box_geofencing/share/box_geofencing//autopilot_geofencing_plugins.xml
[30.583s] -- Symlinking: /home/ricardo22/capture/src/install/box_geofencing/include/box_geofencing/box_geofencing.hpp
[30.621s] -- Symlinking: /home/ricardo22/capture/src/install/box_geofencing/share/box_geofencing/environment/library_path.sh
[30.645s] -- Symlinking: /home/ricardo22/capture/src/install/box_geofencing/share/box_geofencing/environment/library_path.dsv
[30.668s] -- Symlinking: /home/ricardo22/capture/src/install/box_geofencing/share/ament_index/resource_index/package_run_dependencies/box_geofencing
[30.695s] -- Symlinking: /home/ricardo22/capture/src/install/box_geofencing/share/ament_index/resource_index/parent_prefix_path/box_geofencing
[30.739s] -- Symlinking: /home/ricardo22/capture/src/install/box_geofencing/share/box_geofencing/environment/ament_prefix_path.sh
[30.762s] -- Symlinking: /home/ricardo22/capture/src/install/box_geofencing/share/box_geofencing/environment/ament_prefix_path.dsv
[30.786s] -- Symlinking: /home/ricardo22/capture/src/install/box_geofencing/share/box_geofencing/environment/path.sh
[30.808s] -- Symlinking: /home/ricardo22/capture/src/install/box_geofencing/share/box_geofencing/environment/path.dsv
[30.831s] -- Symlinking: /home/ricardo22/capture/src/install/box_geofencing/share/box_geofencing/local_setup.bash
[30.854s] -- Symlinking: /home/ricardo22/capture/src/install/box_geofencing/share/box_geofencing/local_setup.sh
[30.876s] -- Symlinking: /home/ricardo22/capture/src/install/box_geofencing/share/box_geofencing/local_setup.zsh
[30.898s] -- Symlinking: /home/ricardo22/capture/src/install/box_geofencing/share/box_geofencing/local_setup.dsv
[30.922s] -- Symlinking: /home/ricardo22/capture/src/install/box_geofencing/share/box_geofencing/package.dsv
[30.945s] -- Symlinking: /home/ricardo22/capture/src/install/box_geofencing/share/ament_index/resource_index/packages/box_geofencing
[30.967s] -- Symlinking: /home/ricardo22/capture/src/install/box_geofencing/share/ament_index/resource_index/autopilot__pluginlib__plugin/box_geofencing
[30.989s] -- Symlinking: /home/ricardo22/capture/src/install/box_geofencing/share/box_geofencing/cmake/ament_cmake_export_include_directories-extras.cmake
[31.011s] -- Symlinking: /home/ricardo22/capture/src/install/box_geofencing/share/box_geofencing/cmake/ament_cmake_export_libraries-extras.cmake
[31.035s] -- Symlinking: /home/ricardo22/capture/src/install/box_geofencing/share/box_geofencing/cmake/ament_cmake_export_dependencies-extras.cmake
[31.059s] -- Symlinking: /home/ricardo22/capture/src/install/box_geofencing/share/box_geofencing/cmake/ament_cmake_export_targets-extras.cmake
[31.084s] -- Symlinking: /home/ricardo22/capture/src/install/box_geofencing/share/box_geofencing/cmake/box_geofencingConfig.cmake
[31.109s] -- Symlinking: /home/ricardo22/capture/src/install/box_geofencing/share/box_geofencing/cmake/box_geofencingConfig-version.cmake
[31.132s] -- Symlinking: /home/ricardo22/capture/src/install/box_geofencing/share/box_geofencing/package.xml
[31.154s] -- Installing: /home/ricardo22/capture/src/install/box_geofencing/lib/libbox_geofencing.so
[31.160s] -- Set runtime path of "/home/ricardo22/capture/src/install/box_geofencing/lib/libbox_geofencing.so" to ""
[31.161s] -- Installing: /home/ricardo22/capture/src/install/box_geofencing/share/box_geofencing/cmake/export_box_geofencingExport.cmake
[31.166s] -- Installing: /home/ricardo22/capture/src/install/box_geofencing/share/box_geofencing/cmake/export_box_geofencingExport-noconfig.cmake
