[0.058s] Invoking command in '/home/ricardo22/capture/src/build/autopilot': AMENT_PREFIX_PATH=/home/ricardo22/capture/src/install/pegasus_msgs:${AMENT_PREFIX_PATH} CMAKE_PREFIX_PATH=/home/ricardo22/capture/src/install/pegasus_msgs:/home/ricardo22/capture/install/capture:/home/ricardo22/capture/install/pegasus:/home/ricardo22/capture/install/mavlink_interface:/home/ricardo22/capture/install/autopilot_controllers:/home/ricardo22/capture/install/thrust_curves:/home/ricardo22/capture/install/static_trajectories:/home/ricardo22/capture/install/static_trajectory_manager:/home/ricardo22/capture/install/pid:/home/ricardo22/capture/install/pegasus_console:/home/ricardo22/capture/install/capture_modes:/home/ricardo22/capture/install/autopilot_modes:/home/ricardo22/capture/install/pegasus_utils:/home/ricardo22/capture/install/box_geofencing:/home/ricardo22/capture/install/autopilot:/home/ricardo22/capture/install/pegasus_msgs:/home/ricardo22/capture/install/pegasus_gazebo:/home/ricardo22/capture/install/mocap_interface:/home/ricardo22/pegasus_external/install/vrpn_vendor:/home/ricardo22/pegasus_external/install/micro_xrce_vendor:/home/ricardo22/pegasus_external/install/mavsdk_vendor:/home/ricardo22/pegasus_external/install/casadi_vendor:/home/ricardo22/capture/install/pegasus_demos:/home/ricardo22/capture/install/capture_missions:/opt/ros/humble LD_LIBRARY_PATH=/home/ricardo22/capture/src/install/pegasus_msgs/lib:${LD_LIBRARY_PATH} PYTHONPATH=/home/ricardo22/capture/src/install/pegasus_msgs/local/lib/python3.10/dist-packages:${PYTHONPATH} /usr/bin/cmake --build /home/ricardo22/capture/src/build/autopilot -- -j8 -l8
[0.443s] [35m[1mConsolidate compiler generated dependencies of target autopilot[0m
[0.445s] [100%] Built target autopilot
[0.785s] Invoked command in '/home/ricardo22/capture/src/build/autopilot' returned '0': AMENT_PREFIX_PATH=/home/ricardo22/capture/src/install/pegasus_msgs:${AMENT_PREFIX_PATH} CMAKE_PREFIX_PATH=/home/ricardo22/capture/src/install/pegasus_msgs:/home/ricardo22/capture/install/capture:/home/ricardo22/capture/install/pegasus:/home/ricardo22/capture/install/mavlink_interface:/home/ricardo22/capture/install/autopilot_controllers:/home/ricardo22/capture/install/thrust_curves:/home/ricardo22/capture/install/static_trajectories:/home/ricardo22/capture/install/static_trajectory_manager:/home/ricardo22/capture/install/pid:/home/ricardo22/capture/install/pegasus_console:/home/ricardo22/capture/install/capture_modes:/home/ricardo22/capture/install/autopilot_modes:/home/ricardo22/capture/install/pegasus_utils:/home/ricardo22/capture/install/box_geofencing:/home/ricardo22/capture/install/autopilot:/home/ricardo22/capture/install/pegasus_msgs:/home/ricardo22/capture/install/pegasus_gazebo:/home/ricardo22/capture/install/mocap_interface:/home/ricardo22/pegasus_external/install/vrpn_vendor:/home/ricardo22/pegasus_external/install/micro_xrce_vendor:/home/ricardo22/pegasus_external/install/mavsdk_vendor:/home/ricardo22/pegasus_external/install/casadi_vendor:/home/ricardo22/capture/install/pegasus_demos:/home/ricardo22/capture/install/capture_missions:/opt/ros/humble LD_LIBRARY_PATH=/home/ricardo22/capture/src/install/pegasus_msgs/lib:${LD_LIBRARY_PATH} PYTHONPATH=/home/ricardo22/capture/src/install/pegasus_msgs/local/lib/python3.10/dist-packages:${PYTHONPATH} /usr/bin/cmake --build /home/ricardo22/capture/src/build/autopilot -- -j8 -l8
[0.849s] Invoking command in '/home/ricardo22/capture/src/build/autopilot': AMENT_PREFIX_PATH=/home/ricardo22/capture/src/install/pegasus_msgs:${AMENT_PREFIX_PATH} CMAKE_PREFIX_PATH=/home/ricardo22/capture/src/install/pegasus_msgs:/home/ricardo22/capture/install/capture:/home/ricardo22/capture/install/pegasus:/home/ricardo22/capture/install/mavlink_interface:/home/ricardo22/capture/install/autopilot_controllers:/home/ricardo22/capture/install/thrust_curves:/home/ricardo22/capture/install/static_trajectories:/home/ricardo22/capture/install/static_trajectory_manager:/home/ricardo22/capture/install/pid:/home/ricardo22/capture/install/pegasus_console:/home/ricardo22/capture/install/capture_modes:/home/ricardo22/capture/install/autopilot_modes:/home/ricardo22/capture/install/pegasus_utils:/home/ricardo22/capture/install/box_geofencing:/home/ricardo22/capture/install/autopilot:/home/ricardo22/capture/install/pegasus_msgs:/home/ricardo22/capture/install/pegasus_gazebo:/home/ricardo22/capture/install/mocap_interface:/home/ricardo22/pegasus_external/install/vrpn_vendor:/home/ricardo22/pegasus_external/install/micro_xrce_vendor:/home/ricardo22/pegasus_external/install/mavsdk_vendor:/home/ricardo22/pegasus_external/install/casadi_vendor:/home/ricardo22/capture/install/pegasus_demos:/home/ricardo22/capture/install/capture_missions:/opt/ros/humble LD_LIBRARY_PATH=/home/ricardo22/capture/src/install/pegasus_msgs/lib:${LD_LIBRARY_PATH} PYTHONPATH=/home/ricardo22/capture/src/install/pegasus_msgs/local/lib/python3.10/dist-packages:${PYTHONPATH} /usr/bin/cmake --install /home/ricardo22/capture/src/build/autopilot
[0.868s] -- Install configuration: ""
[0.868s] -- Execute custom install script
[0.868s] -- Up-to-date symlink: /home/ricardo22/capture/src/install/autopilot/include/autopilot/autopilot.hpp
[0.869s] -- Up-to-date symlink: /home/ricardo22/capture/src/install/autopilot/include/autopilot/controller.hpp
[0.869s] -- Up-to-date symlink: /home/ricardo22/capture/src/install/autopilot/include/autopilot/geofencing.hpp
[0.869s] -- Up-to-date symlink: /home/ricardo22/capture/src/install/autopilot/include/autopilot/mode.hpp
[0.869s] -- Up-to-date symlink: /home/ricardo22/capture/src/install/autopilot/include/autopilot/state.hpp
[0.869s] -- Up-to-date symlink: /home/ricardo22/capture/src/install/autopilot/include/autopilot/trajectory_manager.hpp
[0.869s] -- Up-to-date symlink: /home/ricardo22/capture/src/install/autopilot/lib/autopilot/autopilot
[0.870s] -- Up-to-date symlink: /home/ricardo22/capture/src/install/autopilot/share/autopilot/config/autopilot.yaml
[0.870s] -- Up-to-date symlink: /home/ricardo22/capture/src/install/autopilot/share/autopilot/launch/autopilot.launch.py
[0.870s] -- Up-to-date symlink: /home/ricardo22/capture/src/install/autopilot/share/ament_index/resource_index/package_run_dependencies/autopilot
[0.870s] -- Up-to-date symlink: /home/ricardo22/capture/src/install/autopilot/share/ament_index/resource_index/parent_prefix_path/autopilot
[0.871s] -- Up-to-date symlink: /home/ricardo22/capture/src/install/autopilot/share/autopilot/environment/ament_prefix_path.sh
[0.871s] -- Up-to-date symlink: /home/ricardo22/capture/src/install/autopilot/share/autopilot/environment/ament_prefix_path.dsv
[0.872s] -- Up-to-date symlink: /home/ricardo22/capture/src/install/autopilot/share/autopilot/environment/path.sh
[0.872s] -- Up-to-date symlink: /home/ricardo22/capture/src/install/autopilot/share/autopilot/environment/path.dsv
[0.872s] -- Up-to-date symlink: /home/ricardo22/capture/src/install/autopilot/share/autopilot/local_setup.bash
[0.872s] -- Up-to-date symlink: /home/ricardo22/capture/src/install/autopilot/share/autopilot/local_setup.sh
[0.873s] -- Up-to-date symlink: /home/ricardo22/capture/src/install/autopilot/share/autopilot/local_setup.zsh
[0.873s] -- Up-to-date symlink: /home/ricardo22/capture/src/install/autopilot/share/autopilot/local_setup.dsv
[0.873s] -- Symlinking: /home/ricardo22/capture/src/install/autopilot/share/autopilot/package.dsv
[0.894s] -- Up-to-date symlink: /home/ricardo22/capture/src/install/autopilot/share/ament_index/resource_index/packages/autopilot
[0.895s] -- Up-to-date symlink: /home/ricardo22/capture/src/install/autopilot/share/autopilot/cmake/ament_cmake_export_dependencies-extras.cmake
[0.895s] -- Up-to-date symlink: /home/ricardo22/capture/src/install/autopilot/share/autopilot/cmake/ament_cmake_export_include_directories-extras.cmake
[0.895s] -- Up-to-date symlink: /home/ricardo22/capture/src/install/autopilot/share/autopilot/cmake/autopilotConfig.cmake
[0.896s] -- Up-to-date symlink: /home/ricardo22/capture/src/install/autopilot/share/autopilot/cmake/autopilotConfig-version.cmake
[0.899s] -- Up-to-date symlink: /home/ricardo22/capture/src/install/autopilot/share/autopilot/package.xml
[0.901s] Invoked command in '/home/ricardo22/capture/src/build/autopilot' returned '0': AMENT_PREFIX_PATH=/home/ricardo22/capture/src/install/pegasus_msgs:${AMENT_PREFIX_PATH} CMAKE_PREFIX_PATH=/home/ricardo22/capture/src/install/pegasus_msgs:/home/ricardo22/capture/install/capture:/home/ricardo22/capture/install/pegasus:/home/ricardo22/capture/install/mavlink_interface:/home/ricardo22/capture/install/autopilot_controllers:/home/ricardo22/capture/install/thrust_curves:/home/ricardo22/capture/install/static_trajectories:/home/ricardo22/capture/install/static_trajectory_manager:/home/ricardo22/capture/install/pid:/home/ricardo22/capture/install/pegasus_console:/home/ricardo22/capture/install/capture_modes:/home/ricardo22/capture/install/autopilot_modes:/home/ricardo22/capture/install/pegasus_utils:/home/ricardo22/capture/install/box_geofencing:/home/ricardo22/capture/install/autopilot:/home/ricardo22/capture/install/pegasus_msgs:/home/ricardo22/capture/install/pegasus_gazebo:/home/ricardo22/capture/install/mocap_interface:/home/ricardo22/pegasus_external/install/vrpn_vendor:/home/ricardo22/pegasus_external/install/micro_xrce_vendor:/home/ricardo22/pegasus_external/install/mavsdk_vendor:/home/ricardo22/pegasus_external/install/casadi_vendor:/home/ricardo22/capture/install/pegasus_demos:/home/ricardo22/capture/install/capture_missions:/opt/ros/humble LD_LIBRARY_PATH=/home/ricardo22/capture/src/install/pegasus_msgs/lib:${LD_LIBRARY_PATH} PYTHONPATH=/home/ricardo22/capture/src/install/pegasus_msgs/local/lib/python3.10/dist-packages:${PYTHONPATH} /usr/bin/cmake --install /home/ricardo22/capture/src/build/autopilot
