[100%] Built target autopilot_controllers
-- Install configuration: ""
-- Execute custom install script
-- Up-to-date symlink: /home/ricardo22/capture/src/install/autopilot_controllers/share/autopilot_controllers//autopilot_controller_plugins.xml
-- Up-to-date symlink: /home/ricardo22/capture/src/install/autopilot_controllers/include/autopilot_controllers/mellinger_controller.hpp
-- Up-to-date symlink: /home/ricardo22/capture/src/install/autopilot_controllers/include/autopilot_controllers/onboard_controller.hpp
-- Up-to-date symlink: /home/ricardo22/capture/src/install/autopilot_controllers/include/autopilot_controllers/pid.hpp
-- Up-to-date symlink: /home/ricardo22/capture/src/install/autopilot_controllers/include/autopilot_controllers/pid_controller.hpp
-- Up-to-date symlink: /home/ricardo22/capture/src/install/autopilot_controllers/share/autopilot_controllers/environment/library_path.sh
-- Up-to-date symlink: /home/ricardo22/capture/src/install/autopilot_controllers/share/autopilot_controllers/environment/library_path.dsv
-- Up-to-date symlink: /home/ricardo22/capture/src/install/autopilot_controllers/share/ament_index/resource_index/package_run_dependencies/autopilot_controllers
-- Up-to-date symlink: /home/ricardo22/capture/src/install/autopilot_controllers/share/ament_index/resource_index/parent_prefix_path/autopilot_controllers
-- Up-to-date symlink: /home/ricardo22/capture/src/install/autopilot_controllers/share/autopilot_controllers/environment/ament_prefix_path.sh
-- Up-to-date symlink: /home/ricardo22/capture/src/install/autopilot_controllers/share/autopilot_controllers/environment/ament_prefix_path.dsv
-- Up-to-date symlink: /home/ricardo22/capture/src/install/autopilot_controllers/share/autopilot_controllers/environment/path.sh
-- Up-to-date symlink: /home/ricardo22/capture/src/install/autopilot_controllers/share/autopilot_controllers/environment/path.dsv
-- Up-to-date symlink: /home/ricardo22/capture/src/install/autopilot_controllers/share/autopilot_controllers/local_setup.bash
-- Up-to-date symlink: /home/ricardo22/capture/src/install/autopilot_controllers/share/autopilot_controllers/local_setup.sh
-- Up-to-date symlink: /home/ricardo22/capture/src/install/autopilot_controllers/share/autopilot_controllers/local_setup.zsh
-- Up-to-date symlink: /home/ricardo22/capture/src/install/autopilot_controllers/share/autopilot_controllers/local_setup.dsv
-- Symlinking: /home/ricardo22/capture/src/install/autopilot_controllers/share/autopilot_controllers/package.dsv
-- Up-to-date symlink: /home/ricardo22/capture/src/install/autopilot_controllers/share/ament_index/resource_index/packages/autopilot_controllers
-- Up-to-date symlink: /home/ricardo22/capture/src/install/autopilot_controllers/share/ament_index/resource_index/autopilot__pluginlib__plugin/autopilot_controllers
-- Up-to-date symlink: /home/ricardo22/capture/src/install/autopilot_controllers/share/autopilot_controllers/cmake/ament_cmake_export_include_directories-extras.cmake
-- Up-to-date symlink: /home/ricardo22/capture/src/install/autopilot_controllers/share/autopilot_controllers/cmake/ament_cmake_export_libraries-extras.cmake
-- Up-to-date symlink: /home/ricardo22/capture/src/install/autopilot_controllers/share/autopilot_controllers/cmake/ament_cmake_export_dependencies-extras.cmake
-- Up-to-date symlink: /home/ricardo22/capture/src/install/autopilot_controllers/share/autopilot_controllers/cmake/ament_cmake_export_targets-extras.cmake
-- Up-to-date symlink: /home/ricardo22/capture/src/install/autopilot_controllers/share/autopilot_controllers/cmake/autopilot_controllersConfig.cmake
-- Up-to-date symlink: /home/ricardo22/capture/src/install/autopilot_controllers/share/autopilot_controllers/cmake/autopilot_controllersConfig-version.cmake
-- Up-to-date symlink: /home/ricardo22/capture/src/install/autopilot_controllers/share/autopilot_controllers/package.xml
-- Up-to-date: /home/ricardo22/capture/src/install/autopilot_controllers/lib/libautopilot_controllers.so
-- Up-to-date: /home/ricardo22/capture/src/install/autopilot_controllers/share/autopilot_controllers/cmake/export_autopilot_controllersExport.cmake
-- Up-to-date: /home/ricardo22/capture/src/install/autopilot_controllers/share/autopilot_controllers/cmake/export_autopilot_controllersExport-noconfig.cmake
