running develop
running egg_info
creating pegasus_demos.egg-info
writing pegasus_demos.egg-info/PKG-INFO
writing dependency_links to pegasus_demos.egg-info/dependency_links.txt
writing entry points to pegasus_demos.egg-info/entry_points.txt
writing requirements to pegasus_demos.egg-info/requires.txt
writing top-level names to pegasus_demos.egg-info/top_level.txt
writing manifest file 'pegasus_demos.egg-info/SOURCES.txt'
reading manifest file 'pegasus_demos.egg-info/SOURCES.txt'
writing manifest file 'pegasus_demos.egg-info/SOURCES.txt'
running build_ext
Creating /home/ricardo22/capture/src/install/pegasus_demos/lib/python3.10/site-packages/pegasus-demos.egg-link (link to .)
Installing pegasus_demos script to /home/ricardo22/capture/src/install/pegasus_demos/lib/pegasus_demos

Installed /home/ricardo22/capture/src/build/pegasus_demos
running symlink_data
creating /home/ricardo22/capture/src/install/pegasus_demos/share/ament_index
creating /home/ricardo22/capture/src/install/pegasus_demos/share/ament_index/resource_index
creating /home/ricardo22/capture/src/install/pegasus_demos/share/ament_index/resource_index/packages
symbolically linking /home/ricardo22/capture/src/build/pegasus_demos/resource/pegasus_demos -> /home/ricardo22/capture/src/install/pegasus_demos/share/ament_index/resource_index/packages
symbolically linking /home/ricardo22/capture/src/build/pegasus_demos/package.xml -> /home/ricardo22/capture/src/install/pegasus_demos/share/pegasus_demos
