[1.405s] Invoking command in '/home/ricardo22/capture/src/build/pegasus_demos': AMENT_PREFIX_PATH=/home/ricardo22/capture/src/install/pegasus_msgs:${AMENT_PREFIX_PATH} CMAKE_PREFIX_PATH=/home/ricardo22/capture/src/install/pegasus_msgs:${CMAKE_PREFIX_PATH} LD_LIBRARY_PATH=/home/ricardo22/capture/src/install/pegasus_msgs/lib:${LD_LIBRARY_PATH} PYTHONPATH=/home/ricardo22/capture/src/build/pegasus_demos/prefix_override:/usr/lib/python3/dist-packages/colcon_core/task/python/colcon_distutils_commands:/home/ricardo22/capture/src/install/pegasus_demos/lib/python3.10/site-packages:/home/ricardo22/capture/src/install/pegasus_msgs/local/lib/python3.10/dist-packages:${PYTHONPATH} /usr/bin/python3 -W ignore:setup.py install is deprecated setup.py develop --editable --build-directory /home/ricardo22/capture/src/build/pegasus_demos/build --no-deps symlink_data
[1.754s] running develop
[1.755s] /usr/lib/python3/dist-packages/setuptools/command/easy_install.py:158: EasyInstallDeprecationWarning: easy_install command is deprecated. Use build and pip and other standards-based tools.
[1.755s]   warnings.warn(
[1.984s] running egg_info
[1.984s] creating pegasus_demos.egg-info
[1.984s] writing pegasus_demos.egg-info/PKG-INFO
[1.985s] writing dependency_links to pegasus_demos.egg-info/dependency_links.txt
[1.985s] writing entry points to pegasus_demos.egg-info/entry_points.txt
[1.985s] writing requirements to pegasus_demos.egg-info/requires.txt
[1.985s] writing top-level names to pegasus_demos.egg-info/top_level.txt
[1.986s] writing manifest file 'pegasus_demos.egg-info/SOURCES.txt'
[1.988s] reading manifest file 'pegasus_demos.egg-info/SOURCES.txt'
[1.989s] writing manifest file 'pegasus_demos.egg-info/SOURCES.txt'
[1.991s] running build_ext
[1.991s] Creating /home/ricardo22/capture/src/install/pegasus_demos/lib/python3.10/site-packages/pegasus-demos.egg-link (link to .)
[1.992s] Installing pegasus_demos script to /home/ricardo22/capture/src/install/pegasus_demos/lib/pegasus_demos
[1.992s] 
[1.992s] Installed /home/ricardo22/capture/src/build/pegasus_demos
[1.992s] running symlink_data
[1.993s] creating /home/ricardo22/capture/src/install/pegasus_demos/share/ament_index
[1.993s] creating /home/ricardo22/capture/src/install/pegasus_demos/share/ament_index/resource_index
[1.993s] creating /home/ricardo22/capture/src/install/pegasus_demos/share/ament_index/resource_index/packages
[1.993s] symbolically linking /home/ricardo22/capture/src/build/pegasus_demos/resource/pegasus_demos -> /home/ricardo22/capture/src/install/pegasus_demos/share/ament_index/resource_index/packages
[1.993s] symbolically linking /home/ricardo22/capture/src/build/pegasus_demos/package.xml -> /home/ricardo22/capture/src/install/pegasus_demos/share/pegasus_demos
[2.046s] Invoked command in '/home/ricardo22/capture/src/build/pegasus_demos' returned '0': AMENT_PREFIX_PATH=/home/ricardo22/capture/src/install/pegasus_msgs:${AMENT_PREFIX_PATH} CMAKE_PREFIX_PATH=/home/ricardo22/capture/src/install/pegasus_msgs:${CMAKE_PREFIX_PATH} LD_LIBRARY_PATH=/home/ricardo22/capture/src/install/pegasus_msgs/lib:${LD_LIBRARY_PATH} PYTHONPATH=/home/ricardo22/capture/src/build/pegasus_demos/prefix_override:/usr/lib/python3/dist-packages/colcon_core/task/python/colcon_distutils_commands:/home/ricardo22/capture/src/install/pegasus_demos/lib/python3.10/site-packages:/home/ricardo22/capture/src/install/pegasus_msgs/local/lib/python3.10/dist-packages:${PYTHONPATH} /usr/bin/python3 -W ignore:setup.py install is deprecated setup.py develop --editable --build-directory /home/ricardo22/capture/src/build/pegasus_demos/build --no-deps symlink_data
