[0.036s] Invoking command in '/home/ricardo22/capture/src/build/mocap_interface': CMAKE_PREFIX_PATH=${CMAKE_PREFIX_PATH}:/home/ricardo22/capture/install/pegasus_demos:/home/ricardo22/capture/install/capture_missions:/opt/ros/humble /usr/bin/cmake /home/ricardo22/capture/src/pegasus/pegasus_interfaces/mocap_interface -DAMENT_CMAKE_SYMLINK_INSTALL=1 -DCMAKE_INSTALL_PREFIX=/home/ricardo22/capture/src/install/mocap_interface
[0.153s] -- The C compiler identification is GNU 11.4.0
[0.266s] -- The CXX compiler identification is GNU 11.4.0
[0.286s] -- Detecting C compiler ABI info
[0.458s] -- Detecting C compiler ABI info - done
[0.473s] -- Check for working C compiler: /usr/bin/cc - skipped
[0.473s] -- Detecting C compile features
[0.475s] -- Detecting C compile features - done
[0.481s] -- Detecting CXX compiler ABI info
[0.638s] -- Detecting CXX compiler ABI info - done
[0.652s] -- Check for working CXX compiler: /usr/bin/c++ - skipped
[0.652s] -- Detecting CXX compile features
[0.652s] -- Detecting CXX compile features - done
[0.660s] -- Found ament_cmake: 1.3.9 (/opt/ros/humble/share/ament_cmake/cmake)
[0.981s] -- Found Python3: /usr/bin/python3 (found version "3.10.12") found components: Interpreter 
[1.094s] -- Override CMake install command with custom implementation using symlinks instead of copying resources
[1.188s] -- Found rclcpp: 16.0.9 (/opt/ros/humble/share/rclcpp/cmake)
[1.329s] -- Found rosidl_generator_c: 3.1.5 (/opt/ros/humble/share/rosidl_generator_c/cmake)
[1.343s] -- Found rosidl_adapter: 3.1.5 (/opt/ros/humble/share/rosidl_adapter/cmake)
[1.359s] -- Found rosidl_generator_cpp: 3.1.5 (/opt/ros/humble/share/rosidl_generator_cpp/cmake)
[1.404s] -- Using all available rosidl_typesupport_c: rosidl_typesupport_fastrtps_c;rosidl_typesupport_introspection_c
[1.446s] -- Using all available rosidl_typesupport_cpp: rosidl_typesupport_fastrtps_cpp;rosidl_typesupport_introspection_cpp
[1.625s] -- Found rmw_implementation_cmake: 6.1.2 (/opt/ros/humble/share/rmw_implementation_cmake/cmake)
[1.638s] -- Found rmw_fastrtps_cpp: 6.2.6 (/opt/ros/humble/share/rmw_fastrtps_cpp/cmake)
[1.934s] -- Found OpenSSL: /usr/lib/x86_64-linux-gnu/libcrypto.so (found version "3.0.2")  
[2.004s] -- Found FastRTPS: /opt/ros/humble/include  
[2.104s] -- Using RMW implementation 'rmw_fastrtps_cpp' as default
[2.139s] -- Looking for pthread.h
[2.303s] -- Looking for pthread.h - found
[2.303s] -- Performing Test CMAKE_HAVE_LIBC_PTHREAD
[2.459s] -- Performing Test CMAKE_HAVE_LIBC_PTHREAD - Success
[2.461s] -- Found Threads: TRUE  
[2.703s] -- Found geometry_msgs: 4.2.4 (/opt/ros/humble/share/geometry_msgs/cmake)
[2.759s] -- Found vrpn_vendor: 1.0.0 (/home/ricardo22/pegasus_external/install/vrpn_vendor/share/vrpn_vendor/cmake)
[2.767s] -- Found ament_lint_auto: 0.12.11 (/opt/ros/humble/share/ament_lint_auto/cmake)
[2.932s] -- Added test 'copyright' to check source files copyright and LICENSE
[2.934s] -- Added test 'cppcheck' to perform static code analysis on C / C++ code
[2.934s] -- Configured cppcheck include dirs: /home/ricardo22/capture/src/pegasus/pegasus_interfaces/mocap_interface/include
[2.934s] -- Configured cppcheck exclude dirs and/or files: 
[2.936s] -- Added test 'cpplint' to check C / C++ code against the Google style
[2.936s] -- Configured cpplint exclude dirs and/or files: 
[2.938s] -- Added test 'flake8' to check Python code syntax and style conventions
[2.939s] -- Added test 'lint_cmake' to check CMake code style
[2.940s] -- Added test 'pep257' to check Python code against some of the docstring style conventions in PEP 257
[2.942s] -- Added test 'uncrustify' to check C / C++ code style
[2.942s] -- Configured uncrustify additional arguments: 
[2.943s] -- Added test 'xmllint' to check XML markup files
[2.946s] -- Configuring done
[2.960s] -- Generating done
[2.962s] -- Build files have been written to: /home/ricardo22/capture/src/build/mocap_interface
[2.979s] Invoked command in '/home/ricardo22/capture/src/build/mocap_interface' returned '0': CMAKE_PREFIX_PATH=${CMAKE_PREFIX_PATH}:/home/ricardo22/capture/install/pegasus_demos:/home/ricardo22/capture/install/capture_missions:/opt/ros/humble /usr/bin/cmake /home/ricardo22/capture/src/pegasus/pegasus_interfaces/mocap_interface -DAMENT_CMAKE_SYMLINK_INSTALL=1 -DCMAKE_INSTALL_PREFIX=/home/ricardo22/capture/src/install/mocap_interface
[2.982s] Invoking command in '/home/ricardo22/capture/src/build/mocap_interface': CMAKE_PREFIX_PATH=${CMAKE_PREFIX_PATH}:/home/ricardo22/capture/install/pegasus_demos:/home/ricardo22/capture/install/capture_missions:/opt/ros/humble /usr/bin/cmake --build /home/ricardo22/capture/src/build/mocap_interface -- -j8 -l8
[3.064s] [ 50%] [32mBuilding CXX object CMakeFiles/vrpn_client_node.dir/src/vrpn_client_node.cpp.o[0m
[12.716s] [100%] [32m[1mLinking CXX executable vrpn_client_node[0m
[13.070s] [100%] Built target vrpn_client_node
[13.100s] Invoked command in '/home/ricardo22/capture/src/build/mocap_interface' returned '0': CMAKE_PREFIX_PATH=${CMAKE_PREFIX_PATH}:/home/ricardo22/capture/install/pegasus_demos:/home/ricardo22/capture/install/capture_missions:/opt/ros/humble /usr/bin/cmake --build /home/ricardo22/capture/src/build/mocap_interface -- -j8 -l8
[13.167s] Invoking command in '/home/ricardo22/capture/src/build/mocap_interface': CMAKE_PREFIX_PATH=${CMAKE_PREFIX_PATH}:/home/ricardo22/capture/install/pegasus_demos:/home/ricardo22/capture/install/capture_missions:/opt/ros/humble /usr/bin/cmake --install /home/ricardo22/capture/src/build/mocap_interface
[13.182s] -- Install configuration: ""
[13.183s] -- Execute custom install script
[13.184s] -- Symlinking: /home/ricardo22/capture/src/install/mocap_interface/share/mocap_interface//launch/alameda.launch.py
[13.203s] -- Symlinking: /home/ricardo22/capture/src/install/mocap_interface/share/mocap_interface//launch/vrpn.launch.py
[13.222s] -- Symlinking: /home/ricardo22/capture/src/install/mocap_interface/share/mocap_interface//config/alameda.yaml
[13.242s] -- Symlinking: /home/ricardo22/capture/src/install/mocap_interface/share/mocap_interface//config/tagus.yaml
[13.262s] -- Symlinking: /home/ricardo22/capture/src/install/mocap_interface/lib/mocap_interface/vrpn_client_node
[13.281s] -- Symlinking: /home/ricardo22/capture/src/install/mocap_interface/share/ament_index/resource_index/package_run_dependencies/mocap_interface
[13.301s] -- Symlinking: /home/ricardo22/capture/src/install/mocap_interface/share/ament_index/resource_index/parent_prefix_path/mocap_interface
[13.320s] -- Symlinking: /home/ricardo22/capture/src/install/mocap_interface/share/mocap_interface/environment/ament_prefix_path.sh
[13.340s] -- Symlinking: /home/ricardo22/capture/src/install/mocap_interface/share/mocap_interface/environment/ament_prefix_path.dsv
[13.361s] -- Symlinking: /home/ricardo22/capture/src/install/mocap_interface/share/mocap_interface/environment/path.sh
[13.381s] -- Symlinking: /home/ricardo22/capture/src/install/mocap_interface/share/mocap_interface/environment/path.dsv
[13.400s] -- Symlinking: /home/ricardo22/capture/src/install/mocap_interface/share/mocap_interface/local_setup.bash
[13.419s] -- Symlinking: /home/ricardo22/capture/src/install/mocap_interface/share/mocap_interface/local_setup.sh
[13.441s] -- Symlinking: /home/ricardo22/capture/src/install/mocap_interface/share/mocap_interface/local_setup.zsh
[13.466s] -- Symlinking: /home/ricardo22/capture/src/install/mocap_interface/share/mocap_interface/local_setup.dsv
[13.486s] -- Symlinking: /home/ricardo22/capture/src/install/mocap_interface/share/mocap_interface/package.dsv
[13.505s] -- Symlinking: /home/ricardo22/capture/src/install/mocap_interface/share/ament_index/resource_index/packages/mocap_interface
[13.525s] -- Symlinking: /home/ricardo22/capture/src/install/mocap_interface/share/mocap_interface/cmake/mocap_interfaceConfig.cmake
[13.544s] -- Symlinking: /home/ricardo22/capture/src/install/mocap_interface/share/mocap_interface/cmake/mocap_interfaceConfig-version.cmake
[13.564s] -- Symlinking: /home/ricardo22/capture/src/install/mocap_interface/share/mocap_interface/package.xml
[13.597s] Invoked command in '/home/ricardo22/capture/src/build/mocap_interface' returned '0': CMAKE_PREFIX_PATH=${CMAKE_PREFIX_PATH}:/home/ricardo22/capture/install/pegasus_demos:/home/ricardo22/capture/install/capture_missions:/opt/ros/humble /usr/bin/cmake --install /home/ricardo22/capture/src/build/mocap_interface
