[01m[K/home/ricardo22/capture/src/pegasus/pegasus_autopilot/autopilot_modes/src/mode_waypoint.cpp:30:28:[m[K [01;35m[Kwarning: [m[Kcharacter constant too long for its type
   30 |     self.get_logger().info([01;35m[K'olaaaaa'[m[K)
      |                            [01;35m[K^~~~~~~~~[m[K
[01m[K/home/ricardo22/capture/src/pegasus/pegasus_autopilot/autopilot_modes/src/mode_waypoint.cpp:95:28:[m[K [01;35m[Kwarning: [m[Kcharacter constant too long for its type
   95 |     self.get_logger().info([01;35m[K'ESTOU NO CHECK FINISHED222'[m[K)
      |                            [01;35m[K^~~~~~~~~~~~~~~~~~~~~~~~~~~~[m[K
[01m[K/home/ricardo22/capture/src/pegasus/pegasus_autopilot/autopilot_modes/src/mode_waypoint.cpp:[m[K In member function ‘[01m[Kvirtual bool autopilot::WaypointMode::enter()[m[K’:
[01m[K/home/ricardo22/capture/src/pegasus/pegasus_autopilot/autopilot_modes/src/mode_waypoint.cpp:30:5:[m[K [01;31m[Kerror: [m[K‘[01m[Kself[m[K’ was not declared in this scope
   30 |     [01;31m[Kself[m[K.get_logger().info('olaaaaa')
      |     [01;31m[K^~~~[m[K
[01m[K/home/ricardo22/capture/src/pegasus/pegasus_autopilot/autopilot_modes/src/mode_waypoint.cpp:[m[K In member function ‘[01m[Kbool autopilot::WaypointMode::check_finished()[m[K’:
[01m[K/home/ricardo22/capture/src/pegasus/pegasus_autopilot/autopilot_modes/src/mode_waypoint.cpp:64:5:[m[K [01;31m[Kerror: [m[K‘[01m[Kprint[m[K’ was not declared in this scope; did you mean ‘[01m[KEigen::internal::print[m[K’?
   64 |     [01;31m[Kprint[m[K("Hello, World!")
      |     [01;31m[K^~~~~[m[K
      |     [32m[KEigen::internal::print[m[K
In file included from [01m[K/usr/include/eigen3/Eigen/Core:172[m[K,
                 from [01m[K/home/ricardo22/capture/src/install/autopilot/include/autopilot/mode.hpp:52[m[K,
                 from [01m[K/home/ricardo22/capture/src/pegasus/pegasus_autopilot/autopilot_modes/include/autopilot_modes/mode_waypoint.hpp:50[m[K,
                 from [01m[K/home/ricardo22/capture/src/pegasus/pegasus_autopilot/autopilot_modes/src/mode_waypoint.cpp:1[m[K:
[01m[K/usr/include/eigen3/Eigen/src/Core/GenericPacketMath.h:835:8:[m[K [01;36m[Knote: [m[K‘[01m[KEigen::internal::print[m[K’ declared here
  835 | Packet [01;36m[Kprint[m[K(const Packet& a) { using numext::rint; return rint(a); }
      |        [01;36m[K^~~~~[m[K
[01m[K/home/ricardo22/capture/src/pegasus/pegasus_autopilot/autopilot_modes/src/mode_waypoint.cpp:[m[K In member function ‘[01m[Kvoid autopilot::WaypointMode::waypoint_callback(pegasus_msgs::srv::Waypoint_Request_<std::allocator<void> >::SharedPtr, pegasus_msgs::srv::Waypoint_Response_<std::allocator<void> >::SharedPtr)[m[K’:
[01m[K/home/ricardo22/capture/src/pegasus/pegasus_autopilot/autopilot_modes/src/mode_waypoint.cpp:95:5:[m[K [01;31m[Kerror: [m[K‘[01m[Kself[m[K’ was not declared in this scope
   95 |     [01;31m[Kself[m[K.get_logger().info('ESTOU NO CHECK FINISHED222')
      |     [01;31m[K^~~~[m[K
[01m[K/home/ricardo22/capture/src/pegasus/pegasus_autopilot/autopilot_modes/src/mode_waypoint.cpp:[m[K In member function ‘[01m[Kvirtual bool autopilot::WaypointMode::enter()[m[K’:
[01m[K/home/ricardo22/capture/src/pegasus/pegasus_autopilot/autopilot_modes/src/mode_waypoint.cpp:27:25:[m[K [01;35m[Kwarning: [m[Kcontrol reaches end of non-void function [[01;35m[K]8;;https://gcc.gnu.org/onlinedocs/gcc/Warning-Options.html#index-Wreturn-type-Wreturn-type]8;;[m[K]
   27 |     [01;35m[Kthis->waypoint_set_ = false[m[K;
      |     [01;35m[K~~~~~~~~~~~~~~~~~~~~^~~~~~~[m[K
gmake[2]: *** [CMakeFiles/autopilot_modes.dir/build.make:174: CMakeFiles/autopilot_modes.dir/src/mode_waypoint.cpp.o] Error 1
gmake[2]: *** Waiting for unfinished jobs....
gmake[1]: *** [CMakeFiles/Makefile2:137: CMakeFiles/autopilot_modes.dir/all] Error 2
gmake: *** [Makefile:146: all] Error 2
