[0.040s] Invoking command in '/home/ricardo22/capture/src/build/thrust_curves': CMAKE_PREFIX_PATH=${CMAKE_PREFIX_PATH}:/home/ricardo22/capture/install/pegasus_demos:/home/ricardo22/capture/install/capture_missions:/opt/ros/humble /usr/bin/cmake /home/ricardo22/capture/src/pegasus/pegasus_addons/thrust_curves -DAMENT_CMAKE_SYMLINK_INSTALL=1 -DCMAKE_INSTALL_PREFIX=/home/ricardo22/capture/src/install/thrust_curves
[0.157s] -- The C compiler identification is GNU 11.4.0
[0.279s] -- The CXX compiler identification is GNU 11.4.0
[0.295s] -- Detecting C compiler ABI info
[0.469s] -- Detecting C compiler ABI info - done
[0.480s] -- Check for working C compiler: /usr/bin/cc - skipped
[0.480s] -- Detecting C compile features
[0.481s] -- Detecting C compile features - done
[0.485s] -- Detecting CXX compiler ABI info
[0.636s] -- Detecting CXX compiler ABI info - done
[0.649s] -- Check for working CXX compiler: /usr/bin/c++ - skipped
[0.649s] -- Detecting CXX compile features
[0.650s] -- Detecting CXX compile features - done
[0.674s] -- Found ament_cmake: 1.3.9 (/opt/ros/humble/share/ament_cmake/cmake)
[0.972s] -- Found Python3: /usr/bin/python3 (found version "3.10.12") found components: Interpreter 
[1.106s] -- Override CMake install command with custom implementation using symlinks instead of copying resources
[1.206s] -- Found ament_lint_auto: 0.12.11 (/opt/ros/humble/share/ament_lint_auto/cmake)
[1.411s] -- Added test 'copyright' to check source files copyright and LICENSE
[1.411s] -- Added test 'cppcheck' to perform static code analysis on C / C++ code
[1.411s] -- Configured cppcheck include dirs: $<BUILD_INTERFACE:/home/ricardo22/capture/src/pegasus/pegasus_addons/thrust_curves/include>
[1.411s] -- Configured cppcheck exclude dirs and/or files: 
[1.412s] -- Added test 'cpplint' to check C / C++ code against the Google style
[1.412s] -- Configured cpplint exclude dirs and/or files: 
[1.412s] -- Added test 'lint_cmake' to check CMake code style
[1.413s] -- Added test 'uncrustify' to check C / C++ code style
[1.413s] -- Configured uncrustify additional arguments: 
[1.413s] -- Added test 'xmllint' to check XML markup files
[1.418s] -- Configuring done
[1.427s] -- Generating done
[1.429s] -- Build files have been written to: /home/ricardo22/capture/src/build/thrust_curves
[1.439s] Invoked command in '/home/ricardo22/capture/src/build/thrust_curves' returned '0': CMAKE_PREFIX_PATH=${CMAKE_PREFIX_PATH}:/home/ricardo22/capture/install/pegasus_demos:/home/ricardo22/capture/install/capture_missions:/opt/ros/humble /usr/bin/cmake /home/ricardo22/capture/src/pegasus/pegasus_addons/thrust_curves -DAMENT_CMAKE_SYMLINK_INSTALL=1 -DCMAKE_INSTALL_PREFIX=/home/ricardo22/capture/src/install/thrust_curves
[1.442s] Invoking command in '/home/ricardo22/capture/src/build/thrust_curves': CMAKE_PREFIX_PATH=${CMAKE_PREFIX_PATH}:/home/ricardo22/capture/install/pegasus_demos:/home/ricardo22/capture/install/capture_missions:/opt/ros/humble /usr/bin/cmake --build /home/ricardo22/capture/src/build/thrust_curves -- -j8 -l8
[1.537s] [ 50%] [32mBuilding CXX object CMakeFiles/thrust_curves.dir/src/thrust_curves.cpp.o[0m
[3.139s] [100%] [32m[1mLinking CXX static library libthrust_curves.a[0m
[3.224s] [100%] Built target thrust_curves
[3.245s] Invoked command in '/home/ricardo22/capture/src/build/thrust_curves' returned '0': CMAKE_PREFIX_PATH=${CMAKE_PREFIX_PATH}:/home/ricardo22/capture/install/pegasus_demos:/home/ricardo22/capture/install/capture_missions:/opt/ros/humble /usr/bin/cmake --build /home/ricardo22/capture/src/build/thrust_curves -- -j8 -l8
[3.299s] Invoking command in '/home/ricardo22/capture/src/build/thrust_curves': CMAKE_PREFIX_PATH=${CMAKE_PREFIX_PATH}:/home/ricardo22/capture/install/pegasus_demos:/home/ricardo22/capture/install/capture_missions:/opt/ros/humble /usr/bin/cmake --install /home/ricardo22/capture/src/build/thrust_curves
[3.311s] -- Install configuration: ""
[3.312s] -- Execute custom install script
[3.312s] -- Symlinking: /home/ricardo22/capture/src/install/thrust_curves/include/thrust_curves/thrust_curves.hpp
[3.329s] -- Symlinking: /home/ricardo22/capture/src/install/thrust_curves/share/thrust_curves/environment/library_path.sh
[3.343s] -- Symlinking: /home/ricardo22/capture/src/install/thrust_curves/share/thrust_curves/environment/library_path.dsv
[3.361s] -- Symlinking: /home/ricardo22/capture/src/install/thrust_curves/share/ament_index/resource_index/package_run_dependencies/thrust_curves
[3.374s] -- Symlinking: /home/ricardo22/capture/src/install/thrust_curves/share/ament_index/resource_index/parent_prefix_path/thrust_curves
[3.388s] -- Symlinking: /home/ricardo22/capture/src/install/thrust_curves/share/thrust_curves/environment/ament_prefix_path.sh
[3.403s] -- Symlinking: /home/ricardo22/capture/src/install/thrust_curves/share/thrust_curves/environment/ament_prefix_path.dsv
[3.418s] -- Symlinking: /home/ricardo22/capture/src/install/thrust_curves/share/thrust_curves/environment/path.sh
[3.434s] -- Symlinking: /home/ricardo22/capture/src/install/thrust_curves/share/thrust_curves/environment/path.dsv
[3.448s] -- Symlinking: /home/ricardo22/capture/src/install/thrust_curves/share/thrust_curves/local_setup.bash
[3.463s] -- Symlinking: /home/ricardo22/capture/src/install/thrust_curves/share/thrust_curves/local_setup.sh
[3.477s] -- Symlinking: /home/ricardo22/capture/src/install/thrust_curves/share/thrust_curves/local_setup.zsh
[3.491s] -- Symlinking: /home/ricardo22/capture/src/install/thrust_curves/share/thrust_curves/local_setup.dsv
[3.507s] -- Symlinking: /home/ricardo22/capture/src/install/thrust_curves/share/thrust_curves/package.dsv
[3.523s] -- Symlinking: /home/ricardo22/capture/src/install/thrust_curves/share/ament_index/resource_index/packages/thrust_curves
[3.538s] -- Symlinking: /home/ricardo22/capture/src/install/thrust_curves/share/thrust_curves/cmake/ament_cmake_export_dependencies-extras.cmake
[3.553s] -- Symlinking: /home/ricardo22/capture/src/install/thrust_curves/share/thrust_curves/cmake/ament_cmake_export_targets-extras.cmake
[3.567s] -- Symlinking: /home/ricardo22/capture/src/install/thrust_curves/share/thrust_curves/cmake/thrust_curvesConfig.cmake
[3.581s] -- Symlinking: /home/ricardo22/capture/src/install/thrust_curves/share/thrust_curves/cmake/thrust_curvesConfig-version.cmake
[3.596s] -- Symlinking: /home/ricardo22/capture/src/install/thrust_curves/share/thrust_curves/package.xml
[3.611s] -- Installing: /home/ricardo22/capture/src/install/thrust_curves/lib/libthrust_curves.a
[3.612s] -- Installing: /home/ricardo22/capture/src/install/thrust_curves/share/thrust_curves/cmake/thrust_curvesTargetsExport.cmake
[3.612s] -- Installing: /home/ricardo22/capture/src/install/thrust_curves/share/thrust_curves/cmake/thrust_curvesTargetsExport-noconfig.cmake
[3.616s] Invoked command in '/home/ricardo22/capture/src/build/thrust_curves' returned '0': CMAKE_PREFIX_PATH=${CMAKE_PREFIX_PATH}:/home/ricardo22/capture/install/pegasus_demos:/home/ricardo22/capture/install/capture_missions:/opt/ros/humble /usr/bin/cmake --install /home/ricardo22/capture/src/build/thrust_curves
