[35m[1mConsolidate compiler generated dependencies of target mavlink_interface[0m
[100%] Built target mavlink_interface
-- Install configuration: ""
-- Execute custom install script
-- Symlinking: /home/ricardo22/capture/src/install/mavlink_interface/lib/mavlink_interface/mavlink_interface
-- Symlinking: /home/ricardo22/capture/src/install/mavlink_interface/share/mavlink_interface/config/topics.yaml
-- Symlinking: /home/ricardo22/capture/src/install/mavlink_interface/share/mavlink_interface/launch/mavlink_interface.launch.py
-- Symlinking: /home/ricardo22/capture/src/install/mavlink_interface/share/ament_index/resource_index/package_run_dependencies/mavlink_interface
-- Symlinking: /home/ricardo22/capture/src/install/mavlink_interface/share/ament_index/resource_index/parent_prefix_path/mavlink_interface
-- Symlinking: /home/ricardo22/capture/src/install/mavlink_interface/share/mavlink_interface/environment/ament_prefix_path.sh
-- Symlinking: /home/ricardo22/capture/src/install/mavlink_interface/share/mavlink_interface/environment/ament_prefix_path.dsv
-- Symlinking: /home/ricardo22/capture/src/install/mavlink_interface/share/mavlink_interface/environment/path.sh
-- Symlinking: /home/ricardo22/capture/src/install/mavlink_interface/share/mavlink_interface/environment/path.dsv
-- Symlinking: /home/ricardo22/capture/src/install/mavlink_interface/share/mavlink_interface/local_setup.bash
-- Symlinking: /home/ricardo22/capture/src/install/mavlink_interface/share/mavlink_interface/local_setup.sh
-- Symlinking: /home/ricardo22/capture/src/install/mavlink_interface/share/mavlink_interface/local_setup.zsh
-- Symlinking: /home/ricardo22/capture/src/install/mavlink_interface/share/mavlink_interface/local_setup.dsv
-- Symlinking: /home/ricardo22/capture/src/install/mavlink_interface/share/mavlink_interface/package.dsv
-- Symlinking: /home/ricardo22/capture/src/install/mavlink_interface/share/ament_index/resource_index/packages/mavlink_interface
-- Symlinking: /home/ricardo22/capture/src/install/mavlink_interface/share/mavlink_interface/cmake/mavlink_interfaceConfig.cmake
-- Symlinking: /home/ricardo22/capture/src/install/mavlink_interface/share/mavlink_interface/cmake/mavlink_interfaceConfig-version.cmake
-- Symlinking: /home/ricardo22/capture/src/install/mavlink_interface/share/mavlink_interface/package.xml
