running develop
running egg_info
creating capture_missions.egg-info
writing capture_missions.egg-info/PKG-INFO
writing dependency_links to capture_missions.egg-info/dependency_links.txt
writing entry points to capture_missions.egg-info/entry_points.txt
writing requirements to capture_missions.egg-info/requires.txt
writing top-level names to capture_missions.egg-info/top_level.txt
writing manifest file 'capture_missions.egg-info/SOURCES.txt'
reading manifest file 'capture_missions.egg-info/SOURCES.txt'
writing manifest file 'capture_missions.egg-info/SOURCES.txt'
running build_ext
Creating /home/ricardo22/capture/src/install/capture_missions/lib/python3.10/site-packages/capture-missions.egg-link (link to .)
Installing mission script to /home/ricardo22/capture/src/install/capture_missions/lib/capture_missions

Installed /home/ricardo22/capture/src/build/capture_missions
running symlink_data
creating /home/ricardo22/capture/src/install/capture_missions/share/ament_index
creating /home/ricardo22/capture/src/install/capture_missions/share/ament_index/resource_index
creating /home/ricardo22/capture/src/install/capture_missions/share/ament_index/resource_index/packages
symbolically linking /home/ricardo22/capture/src/build/capture_missions/resource/capture_missions -> /home/ricardo22/capture/src/install/capture_missions/share/ament_index/resource_index/packages
symbolically linking /home/ricardo22/capture/src/build/capture_missions/package.xml -> /home/ricardo22/capture/src/install/capture_missions/share/capture_missions
