[1.274s] Invoking command in '/home/ricardo22/capture/src/build/capture_missions': AMENT_PREFIX_PATH=/home/ricardo22/capture/src/install/pegasus_msgs:${AMENT_PREFIX_PATH} CMAKE_PREFIX_PATH=/home/ricardo22/capture/src/install/pegasus_msgs:${CMAKE_PREFIX_PATH} LD_LIBRARY_PATH=/home/ricardo22/capture/src/install/pegasus_msgs/lib:${LD_LIBRARY_PATH} PYTHONPATH=/home/ricardo22/capture/src/build/capture_missions/prefix_override:/usr/lib/python3/dist-packages/colcon_core/task/python/colcon_distutils_commands:/home/ricardo22/capture/src/install/capture_missions/lib/python3.10/site-packages:/home/ricardo22/capture/src/install/pegasus_msgs/local/lib/python3.10/dist-packages:${PYTHONPATH} /usr/bin/python3 -W ignore:setup.py install is deprecated setup.py develop --editable --build-directory /home/ricardo22/capture/src/build/capture_missions/build --no-deps symlink_data
[1.666s] running develop
[1.666s] /usr/lib/python3/dist-packages/setuptools/command/easy_install.py:158: EasyInstallDeprecationWarning: easy_install command is deprecated. Use build and pip and other standards-based tools.
[1.666s]   warnings.warn(
[1.903s] running egg_info
[1.903s] creating capture_missions.egg-info
[1.903s] writing capture_missions.egg-info/PKG-INFO
[1.904s] writing dependency_links to capture_missions.egg-info/dependency_links.txt
[1.904s] writing entry points to capture_missions.egg-info/entry_points.txt
[1.904s] writing requirements to capture_missions.egg-info/requires.txt
[1.904s] writing top-level names to capture_missions.egg-info/top_level.txt
[1.905s] writing manifest file 'capture_missions.egg-info/SOURCES.txt'
[1.908s] reading manifest file 'capture_missions.egg-info/SOURCES.txt'
[1.908s] writing manifest file 'capture_missions.egg-info/SOURCES.txt'
[1.912s] running build_ext
[1.912s] Creating /home/ricardo22/capture/src/install/capture_missions/lib/python3.10/site-packages/capture-missions.egg-link (link to .)
[1.913s] Installing mission script to /home/ricardo22/capture/src/install/capture_missions/lib/capture_missions
[1.913s] 
[1.913s] Installed /home/ricardo22/capture/src/build/capture_missions
[1.913s] running symlink_data
[1.913s] creating /home/ricardo22/capture/src/install/capture_missions/share/ament_index
[1.914s] creating /home/ricardo22/capture/src/install/capture_missions/share/ament_index/resource_index
[1.914s] creating /home/ricardo22/capture/src/install/capture_missions/share/ament_index/resource_index/packages
[1.914s] symbolically linking /home/ricardo22/capture/src/build/capture_missions/resource/capture_missions -> /home/ricardo22/capture/src/install/capture_missions/share/ament_index/resource_index/packages
[1.914s] symbolically linking /home/ricardo22/capture/src/build/capture_missions/package.xml -> /home/ricardo22/capture/src/install/capture_missions/share/capture_missions
[1.970s] Invoked command in '/home/ricardo22/capture/src/build/capture_missions' returned '0': AMENT_PREFIX_PATH=/home/ricardo22/capture/src/install/pegasus_msgs:${AMENT_PREFIX_PATH} CMAKE_PREFIX_PATH=/home/ricardo22/capture/src/install/pegasus_msgs:${CMAKE_PREFIX_PATH} LD_LIBRARY_PATH=/home/ricardo22/capture/src/install/pegasus_msgs/lib:${LD_LIBRARY_PATH} PYTHONPATH=/home/ricardo22/capture/src/build/capture_missions/prefix_override:/usr/lib/python3/dist-packages/colcon_core/task/python/colcon_distutils_commands:/home/ricardo22/capture/src/install/capture_missions/lib/python3.10/site-packages:/home/ricardo22/capture/src/install/pegasus_msgs/local/lib/python3.10/dist-packages:${PYTHONPATH} /usr/bin/python3 -W ignore:setup.py install is deprecated setup.py develop --editable --build-directory /home/ricardo22/capture/src/build/capture_missions/build --no-deps symlink_data
