[0.057s] Invoking command in '/home/ricardo22/capture/src/build/pegasus_utils': CMAKE_PREFIX_PATH=${CMAKE_PREFIX_PATH}:/home/ricardo22/capture/install/pegasus_demos:/home/ricardo22/capture/install/capture_missions:/opt/ros/humble /usr/bin/cmake --build /home/ricardo22/capture/src/build/pegasus_utils -- -j8 -l8
[0.169s] Invoked command in '/home/ricardo22/capture/src/build/pegasus_utils' returned '0': CMAKE_PREFIX_PATH=${CMAKE_PREFIX_PATH}:/home/ricardo22/capture/install/pegasus_demos:/home/ricardo22/capture/install/capture_missions:/opt/ros/humble /usr/bin/cmake --build /home/ricardo22/capture/src/build/pegasus_utils -- -j8 -l8
[0.321s] Invoking command in '/home/ricardo22/capture/src/build/pegasus_utils': CMAKE_PREFIX_PATH=${CMAKE_PREFIX_PATH}:/home/ricardo22/capture/install/pegasus_demos:/home/ricardo22/capture/install/capture_missions:/opt/ros/humble /usr/bin/cmake --install /home/ricardo22/capture/src/build/pegasus_utils
[0.348s] -- Install configuration: ""
[0.349s] -- Execute custom install script
[0.349s] -- Up-to-date symlink: /home/ricardo22/capture/src/install/pegasus_utils/include/pegasus_utils/frames.hpp
[0.351s] -- Up-to-date symlink: /home/ricardo22/capture/src/install/pegasus_utils/include/pegasus_utils/rotations.hpp
[0.353s] -- Up-to-date symlink: /home/ricardo22/capture/src/install/pegasus_utils/share/ament_index/resource_index/package_run_dependencies/pegasus_utils
[0.355s] -- Up-to-date symlink: /home/ricardo22/capture/src/install/pegasus_utils/share/ament_index/resource_index/parent_prefix_path/pegasus_utils
[0.358s] -- Up-to-date symlink: /home/ricardo22/capture/src/install/pegasus_utils/share/pegasus_utils/environment/ament_prefix_path.sh
[0.360s] -- Up-to-date symlink: /home/ricardo22/capture/src/install/pegasus_utils/share/pegasus_utils/environment/ament_prefix_path.dsv
[0.362s] -- Up-to-date symlink: /home/ricardo22/capture/src/install/pegasus_utils/share/pegasus_utils/environment/path.sh
[0.363s] -- Up-to-date symlink: /home/ricardo22/capture/src/install/pegasus_utils/share/pegasus_utils/environment/path.dsv
[0.365s] -- Up-to-date symlink: /home/ricardo22/capture/src/install/pegasus_utils/share/pegasus_utils/local_setup.bash
[0.368s] -- Up-to-date symlink: /home/ricardo22/capture/src/install/pegasus_utils/share/pegasus_utils/local_setup.sh
[0.382s] -- Up-to-date symlink: /home/ricardo22/capture/src/install/pegasus_utils/share/pegasus_utils/local_setup.zsh
[0.382s] -- Up-to-date symlink: /home/ricardo22/capture/src/install/pegasus_utils/share/pegasus_utils/local_setup.dsv
[0.382s] -- Symlinking: /home/ricardo22/capture/src/install/pegasus_utils/share/pegasus_utils/package.dsv
[0.419s] -- Up-to-date symlink: /home/ricardo22/capture/src/install/pegasus_utils/share/ament_index/resource_index/packages/pegasus_utils
[0.421s] -- Up-to-date symlink: /home/ricardo22/capture/src/install/pegasus_utils/share/pegasus_utils/cmake/ament_cmake_export_dependencies-extras.cmake
[0.425s] -- Up-to-date symlink: /home/ricardo22/capture/src/install/pegasus_utils/share/pegasus_utils/cmake/ament_cmake_export_targets-extras.cmake
[0.425s] -- Up-to-date symlink: /home/ricardo22/capture/src/install/pegasus_utils/share/pegasus_utils/cmake/pegasus_utilsConfig.cmake
[0.425s] -- Up-to-date symlink: /home/ricardo22/capture/src/install/pegasus_utils/share/pegasus_utils/cmake/pegasus_utilsConfig-version.cmake
[0.428s] -- Up-to-date symlink: /home/ricardo22/capture/src/install/pegasus_utils/share/pegasus_utils/package.xml
[0.428s] -- Up-to-date: /home/ricardo22/capture/src/install/pegasus_utils/share/pegasus_utils/cmake/export_pegasus_utilsExport.cmake
[0.433s] Invoked command in '/home/ricardo22/capture/src/build/pegasus_utils' returned '0': CMAKE_PREFIX_PATH=${CMAKE_PREFIX_PATH}:/home/ricardo22/capture/install/pegasus_demos:/home/ricardo22/capture/install/capture_missions:/opt/ros/humble /usr/bin/cmake --install /home/ricardo22/capture/src/build/pegasus_utils
