[0.049s] Invoking command in '/home/ricardo22/capture/src/build/mocap_interface': CMAKE_PREFIX_PATH=${CMAKE_PREFIX_PATH}:/home/ricardo22/capture/install/pegasus_demos:/home/ricardo22/capture/install/capture_missions:/opt/ros/humble /usr/bin/cmake --build /home/ricardo22/capture/src/build/mocap_interface -- -j8 -l8
[0.248s] [100%] Built target vrpn_client_node
[0.301s] Invoked command in '/home/ricardo22/capture/src/build/mocap_interface' returned '0': CMAKE_PREFIX_PATH=${CMAKE_PREFIX_PATH}:/home/ricardo22/capture/install/pegasus_demos:/home/ricardo22/capture/install/capture_missions:/opt/ros/humble /usr/bin/cmake --build /home/ricardo22/capture/src/build/mocap_interface -- -j8 -l8
[0.438s] Invoking command in '/home/ricardo22/capture/src/build/mocap_interface': CMAKE_PREFIX_PATH=${CMAKE_PREFIX_PATH}:/home/ricardo22/capture/install/pegasus_demos:/home/ricardo22/capture/install/capture_missions:/opt/ros/humble /usr/bin/cmake --install /home/ricardo22/capture/src/build/mocap_interface
[0.449s] -- Install configuration: ""
[0.450s] -- Execute custom install script
[0.451s] -- Up-to-date symlink: /home/ricardo22/capture/src/install/mocap_interface/share/mocap_interface//launch/alameda.launch.py
[0.451s] -- Up-to-date symlink: /home/ricardo22/capture/src/install/mocap_interface/share/mocap_interface//launch/vrpn.launch.py
[0.452s] -- Up-to-date symlink: /home/ricardo22/capture/src/install/mocap_interface/share/mocap_interface//config/alameda.yaml
[0.452s] -- Up-to-date symlink: /home/ricardo22/capture/src/install/mocap_interface/share/mocap_interface//config/tagus.yaml
[0.455s] -- Up-to-date symlink: /home/ricardo22/capture/src/install/mocap_interface/lib/mocap_interface/vrpn_client_node
[0.456s] -- Up-to-date symlink: /home/ricardo22/capture/src/install/mocap_interface/share/ament_index/resource_index/package_run_dependencies/mocap_interface
[0.456s] -- Up-to-date symlink: /home/ricardo22/capture/src/install/mocap_interface/share/ament_index/resource_index/parent_prefix_path/mocap_interface
[0.457s] -- Up-to-date symlink: /home/ricardo22/capture/src/install/mocap_interface/share/mocap_interface/environment/ament_prefix_path.sh
[0.458s] -- Up-to-date symlink: /home/ricardo22/capture/src/install/mocap_interface/share/mocap_interface/environment/ament_prefix_path.dsv
[0.459s] -- Up-to-date symlink: /home/ricardo22/capture/src/install/mocap_interface/share/mocap_interface/environment/path.sh
[0.460s] -- Up-to-date symlink: /home/ricardo22/capture/src/install/mocap_interface/share/mocap_interface/environment/path.dsv
[0.463s] -- Up-to-date symlink: /home/ricardo22/capture/src/install/mocap_interface/share/mocap_interface/local_setup.bash
[0.463s] -- Up-to-date symlink: /home/ricardo22/capture/src/install/mocap_interface/share/mocap_interface/local_setup.sh
[0.464s] -- Up-to-date symlink: /home/ricardo22/capture/src/install/mocap_interface/share/mocap_interface/local_setup.zsh
[0.464s] -- Up-to-date symlink: /home/ricardo22/capture/src/install/mocap_interface/share/mocap_interface/local_setup.dsv
[0.467s] -- Symlinking: /home/ricardo22/capture/src/install/mocap_interface/share/mocap_interface/package.dsv
[0.487s] -- Up-to-date symlink: /home/ricardo22/capture/src/install/mocap_interface/share/ament_index/resource_index/packages/mocap_interface
[0.488s] -- Up-to-date symlink: /home/ricardo22/capture/src/install/mocap_interface/share/mocap_interface/cmake/mocap_interfaceConfig.cmake
[0.489s] -- Up-to-date symlink: /home/ricardo22/capture/src/install/mocap_interface/share/mocap_interface/cmake/mocap_interfaceConfig-version.cmake
[0.489s] -- Up-to-date symlink: /home/ricardo22/capture/src/install/mocap_interface/share/mocap_interface/package.xml
[0.521s] Invoked command in '/home/ricardo22/capture/src/build/mocap_interface' returned '0': CMAKE_PREFIX_PATH=${CMAKE_PREFIX_PATH}:/home/ricardo22/capture/install/pegasus_demos:/home/ricardo22/capture/install/capture_missions:/opt/ros/humble /usr/bin/cmake --install /home/ricardo22/capture/src/build/mocap_interface
