[0.041s] Invoking command in '/home/ricardo22/capture/src/build/pegasus_utils': CMAKE_PREFIX_PATH=${CMAKE_PREFIX_PATH}:/home/ricardo22/capture/install/pegasus_demos:/home/ricardo22/capture/install/capture_missions:/opt/ros/humble /usr/bin/cmake /home/ricardo22/capture/src/pegasus/pegasus_addons/pegasus_utils -DAMENT_CMAKE_SYMLINK_INSTALL=1 -DCMAKE_INSTALL_PREFIX=/home/ricardo22/capture/src/install/pegasus_utils
[0.167s] -- The C compiler identification is GNU 11.4.0
[0.281s] -- The CXX compiler identification is GNU 11.4.0
[0.300s] -- Detecting C compiler ABI info
[0.459s] -- Detecting C compiler ABI info - done
[0.472s] -- Check for working C compiler: /usr/bin/cc - skipped
[0.475s] -- Detecting C compile features
[0.476s] -- Detecting C compile features - done
[0.479s] -- Detecting CXX compiler ABI info
[0.628s] -- Detecting CXX compiler ABI info - done
[0.641s] -- Check for working CXX compiler: /usr/bin/c++ - skipped
[0.642s] -- Detecting CXX compile features
[0.643s] -- Detecting CXX compile features - done
[0.651s] -- Found ament_cmake: 1.3.9 (/opt/ros/humble/share/ament_cmake/cmake)
[0.970s] -- Found Python3: /usr/bin/python3 (found version "3.10.12") found components: Interpreter 
[1.102s] -- Override CMake install command with custom implementation using symlinks instead of copying resources
[1.216s] -- Found ament_lint_auto: 0.12.11 (/opt/ros/humble/share/ament_lint_auto/cmake)
[1.417s] -- Added test 'copyright' to check source files copyright and LICENSE
[1.418s] -- Added test 'cppcheck' to perform static code analysis on C / C++ code
[1.418s] -- Configured cppcheck include dirs: $<BUILD_INTERFACE:/home/ricardo22/capture/src/pegasus/pegasus_addons/pegasus_utils/include>
[1.418s] -- Configured cppcheck exclude dirs and/or files: 
[1.418s] -- Added test 'cpplint' to check C / C++ code against the Google style
[1.418s] -- Configured cpplint exclude dirs and/or files: 
[1.419s] -- Added test 'lint_cmake' to check CMake code style
[1.419s] -- Added test 'uncrustify' to check C / C++ code style
[1.419s] -- Configured uncrustify additional arguments: 
[1.419s] -- Added test 'xmllint' to check XML markup files
[1.426s] -- Configuring done
[1.432s] -- Generating done
[1.434s] -- Build files have been written to: /home/ricardo22/capture/src/build/pegasus_utils
[1.443s] Invoked command in '/home/ricardo22/capture/src/build/pegasus_utils' returned '0': CMAKE_PREFIX_PATH=${CMAKE_PREFIX_PATH}:/home/ricardo22/capture/install/pegasus_demos:/home/ricardo22/capture/install/capture_missions:/opt/ros/humble /usr/bin/cmake /home/ricardo22/capture/src/pegasus/pegasus_addons/pegasus_utils -DAMENT_CMAKE_SYMLINK_INSTALL=1 -DCMAKE_INSTALL_PREFIX=/home/ricardo22/capture/src/install/pegasus_utils
[1.444s] Invoking command in '/home/ricardo22/capture/src/build/pegasus_utils': CMAKE_PREFIX_PATH=${CMAKE_PREFIX_PATH}:/home/ricardo22/capture/install/pegasus_demos:/home/ricardo22/capture/install/capture_missions:/opt/ros/humble /usr/bin/cmake --build /home/ricardo22/capture/src/build/pegasus_utils -- -j8 -l8
[1.517s] Invoked command in '/home/ricardo22/capture/src/build/pegasus_utils' returned '0': CMAKE_PREFIX_PATH=${CMAKE_PREFIX_PATH}:/home/ricardo22/capture/install/pegasus_demos:/home/ricardo22/capture/install/capture_missions:/opt/ros/humble /usr/bin/cmake --build /home/ricardo22/capture/src/build/pegasus_utils -- -j8 -l8
[1.581s] Invoking command in '/home/ricardo22/capture/src/build/pegasus_utils': CMAKE_PREFIX_PATH=${CMAKE_PREFIX_PATH}:/home/ricardo22/capture/install/pegasus_demos:/home/ricardo22/capture/install/capture_missions:/opt/ros/humble /usr/bin/cmake --install /home/ricardo22/capture/src/build/pegasus_utils
[1.594s] -- Install configuration: ""
[1.595s] -- Execute custom install script
[1.595s] -- Symlinking: /home/ricardo22/capture/src/install/pegasus_utils/include/pegasus_utils/frames.hpp
[1.610s] -- Symlinking: /home/ricardo22/capture/src/install/pegasus_utils/include/pegasus_utils/rotations.hpp
[1.629s] -- Symlinking: /home/ricardo22/capture/src/install/pegasus_utils/share/ament_index/resource_index/package_run_dependencies/pegasus_utils
[1.645s] -- Symlinking: /home/ricardo22/capture/src/install/pegasus_utils/share/ament_index/resource_index/parent_prefix_path/pegasus_utils
[1.660s] -- Symlinking: /home/ricardo22/capture/src/install/pegasus_utils/share/pegasus_utils/environment/ament_prefix_path.sh
[1.679s] -- Symlinking: /home/ricardo22/capture/src/install/pegasus_utils/share/pegasus_utils/environment/ament_prefix_path.dsv
[1.697s] -- Symlinking: /home/ricardo22/capture/src/install/pegasus_utils/share/pegasus_utils/environment/path.sh
[1.715s] -- Symlinking: /home/ricardo22/capture/src/install/pegasus_utils/share/pegasus_utils/environment/path.dsv
[1.734s] -- Symlinking: /home/ricardo22/capture/src/install/pegasus_utils/share/pegasus_utils/local_setup.bash
[1.751s] -- Symlinking: /home/ricardo22/capture/src/install/pegasus_utils/share/pegasus_utils/local_setup.sh
[1.769s] -- Symlinking: /home/ricardo22/capture/src/install/pegasus_utils/share/pegasus_utils/local_setup.zsh
[1.786s] -- Symlinking: /home/ricardo22/capture/src/install/pegasus_utils/share/pegasus_utils/local_setup.dsv
[1.804s] -- Symlinking: /home/ricardo22/capture/src/install/pegasus_utils/share/pegasus_utils/package.dsv
[1.824s] -- Symlinking: /home/ricardo22/capture/src/install/pegasus_utils/share/ament_index/resource_index/packages/pegasus_utils
[1.844s] -- Symlinking: /home/ricardo22/capture/src/install/pegasus_utils/share/pegasus_utils/cmake/ament_cmake_export_dependencies-extras.cmake
[1.864s] -- Symlinking: /home/ricardo22/capture/src/install/pegasus_utils/share/pegasus_utils/cmake/ament_cmake_export_targets-extras.cmake
[1.884s] -- Symlinking: /home/ricardo22/capture/src/install/pegasus_utils/share/pegasus_utils/cmake/pegasus_utilsConfig.cmake
[1.904s] -- Symlinking: /home/ricardo22/capture/src/install/pegasus_utils/share/pegasus_utils/cmake/pegasus_utilsConfig-version.cmake
[1.924s] -- Symlinking: /home/ricardo22/capture/src/install/pegasus_utils/share/pegasus_utils/package.xml
[1.946s] -- Installing: /home/ricardo22/capture/src/install/pegasus_utils/share/pegasus_utils/cmake/export_pegasus_utilsExport.cmake
[1.950s] Invoked command in '/home/ricardo22/capture/src/build/pegasus_utils' returned '0': CMAKE_PREFIX_PATH=${CMAKE_PREFIX_PATH}:/home/ricardo22/capture/install/pegasus_demos:/home/ricardo22/capture/install/capture_missions:/opt/ros/humble /usr/bin/cmake --install /home/ricardo22/capture/src/build/pegasus_utils
