[0.044s] Invoking command in '/home/ricardo22/capture/src/build/mocap_interface': CMAKE_PREFIX_PATH=${CMAKE_PREFIX_PATH}:/home/ricardo22/capture/install/pegasus_demos:/home/ricardo22/capture/install/capture_missions:/opt/ros/humble /usr/bin/cmake --build /home/ricardo22/capture/src/build/mocap_interface -- -j8 -l8
[0.165s] [100%] Built target vrpn_client_node
[0.201s] Invoked command in '/home/ricardo22/capture/src/build/mocap_interface' returned '0': CMAKE_PREFIX_PATH=${CMAKE_PREFIX_PATH}:/home/ricardo22/capture/install/pegasus_demos:/home/ricardo22/capture/install/capture_missions:/opt/ros/humble /usr/bin/cmake --build /home/ricardo22/capture/src/build/mocap_interface -- -j8 -l8
[0.354s] Invoking command in '/home/ricardo22/capture/src/build/mocap_interface': CMAKE_PREFIX_PATH=${CMAKE_PREFIX_PATH}:/home/ricardo22/capture/install/pegasus_demos:/home/ricardo22/capture/install/capture_missions:/opt/ros/humble /usr/bin/cmake --install /home/ricardo22/capture/src/build/mocap_interface
[0.372s] -- Install configuration: ""
[0.372s] -- Execute custom install script
[0.372s] -- Up-to-date symlink: /home/ricardo22/capture/src/install/mocap_interface/share/mocap_interface//launch/alameda.launch.py
[0.373s] -- Up-to-date symlink: /home/ricardo22/capture/src/install/mocap_interface/share/mocap_interface//launch/vrpn.launch.py
[0.374s] -- Up-to-date symlink: /home/ricardo22/capture/src/install/mocap_interface/share/mocap_interface//config/alameda.yaml
[0.374s] -- Up-to-date symlink: /home/ricardo22/capture/src/install/mocap_interface/share/mocap_interface//config/tagus.yaml
[0.375s] -- Up-to-date symlink: /home/ricardo22/capture/src/install/mocap_interface/lib/mocap_interface/vrpn_client_node
[0.375s] -- Up-to-date symlink: /home/ricardo22/capture/src/install/mocap_interface/share/ament_index/resource_index/package_run_dependencies/mocap_interface
[0.375s] -- Up-to-date symlink: /home/ricardo22/capture/src/install/mocap_interface/share/ament_index/resource_index/parent_prefix_path/mocap_interface
[0.375s] -- Up-to-date symlink: /home/ricardo22/capture/src/install/mocap_interface/share/mocap_interface/environment/ament_prefix_path.sh
[0.375s] -- Up-to-date symlink: /home/ricardo22/capture/src/install/mocap_interface/share/mocap_interface/environment/ament_prefix_path.dsv
[0.377s] -- Up-to-date symlink: /home/ricardo22/capture/src/install/mocap_interface/share/mocap_interface/environment/path.sh
[0.377s] -- Up-to-date symlink: /home/ricardo22/capture/src/install/mocap_interface/share/mocap_interface/environment/path.dsv
[0.378s] -- Up-to-date symlink: /home/ricardo22/capture/src/install/mocap_interface/share/mocap_interface/local_setup.bash
[0.378s] -- Up-to-date symlink: /home/ricardo22/capture/src/install/mocap_interface/share/mocap_interface/local_setup.sh
[0.378s] -- Up-to-date symlink: /home/ricardo22/capture/src/install/mocap_interface/share/mocap_interface/local_setup.zsh
[0.378s] -- Up-to-date symlink: /home/ricardo22/capture/src/install/mocap_interface/share/mocap_interface/local_setup.dsv
[0.378s] -- Symlinking: /home/ricardo22/capture/src/install/mocap_interface/share/mocap_interface/package.dsv
[0.399s] -- Up-to-date symlink: /home/ricardo22/capture/src/install/mocap_interface/share/ament_index/resource_index/packages/mocap_interface
[0.399s] -- Up-to-date symlink: /home/ricardo22/capture/src/install/mocap_interface/share/mocap_interface/cmake/mocap_interfaceConfig.cmake
[0.399s] -- Up-to-date symlink: /home/ricardo22/capture/src/install/mocap_interface/share/mocap_interface/cmake/mocap_interfaceConfig-version.cmake
[0.400s] -- Up-to-date symlink: /home/ricardo22/capture/src/install/mocap_interface/share/mocap_interface/package.xml
[0.443s] Invoked command in '/home/ricardo22/capture/src/build/mocap_interface' returned '0': CMAKE_PREFIX_PATH=${CMAKE_PREFIX_PATH}:/home/ricardo22/capture/install/pegasus_demos:/home/ricardo22/capture/install/capture_missions:/opt/ros/humble /usr/bin/cmake --install /home/ricardo22/capture/src/build/mocap_interface
