[0.053s] Invoking command in '/home/ricardo22/capture/src/build/pegasus_utils': CMAKE_PREFIX_PATH=${CMAKE_PREFIX_PATH}:/home/ricardo22/capture/install/pegasus_demos:/home/ricardo22/capture/install/capture_missions:/opt/ros/humble /usr/bin/cmake --build /home/ricardo22/capture/src/build/pegasus_utils -- -j8 -l8
[0.175s] Invoked command in '/home/ricardo22/capture/src/build/pegasus_utils' returned '0': CMAKE_PREFIX_PATH=${CMAKE_PREFIX_PATH}:/home/ricardo22/capture/install/pegasus_demos:/home/ricardo22/capture/install/capture_missions:/opt/ros/humble /usr/bin/cmake --build /home/ricardo22/capture/src/build/pegasus_utils -- -j8 -l8
[0.278s] Invoking command in '/home/ricardo22/capture/src/build/pegasus_utils': CMAKE_PREFIX_PATH=${CMAKE_PREFIX_PATH}:/home/ricardo22/capture/install/pegasus_demos:/home/ricardo22/capture/install/capture_missions:/opt/ros/humble /usr/bin/cmake --install /home/ricardo22/capture/src/build/pegasus_utils
[0.316s] -- Install configuration: ""
[0.316s] -- Execute custom install script
[0.316s] -- Up-to-date symlink: /home/ricardo22/capture/src/install/pegasus_utils/include/pegasus_utils/frames.hpp
[0.316s] -- Up-to-date symlink: /home/ricardo22/capture/src/install/pegasus_utils/include/pegasus_utils/rotations.hpp
[0.317s] -- Up-to-date symlink: /home/ricardo22/capture/src/install/pegasus_utils/share/ament_index/resource_index/package_run_dependencies/pegasus_utils
[0.317s] -- Up-to-date symlink: /home/ricardo22/capture/src/install/pegasus_utils/share/ament_index/resource_index/parent_prefix_path/pegasus_utils
[0.320s] -- Up-to-date symlink: /home/ricardo22/capture/src/install/pegasus_utils/share/pegasus_utils/environment/ament_prefix_path.sh
[0.322s] -- Up-to-date symlink: /home/ricardo22/capture/src/install/pegasus_utils/share/pegasus_utils/environment/ament_prefix_path.dsv
[0.323s] -- Up-to-date symlink: /home/ricardo22/capture/src/install/pegasus_utils/share/pegasus_utils/environment/path.sh
[0.324s] -- Up-to-date symlink: /home/ricardo22/capture/src/install/pegasus_utils/share/pegasus_utils/environment/path.dsv
[0.325s] -- Up-to-date symlink: /home/ricardo22/capture/src/install/pegasus_utils/share/pegasus_utils/local_setup.bash
[0.326s] -- Up-to-date symlink: /home/ricardo22/capture/src/install/pegasus_utils/share/pegasus_utils/local_setup.sh
[0.327s] -- Up-to-date symlink: /home/ricardo22/capture/src/install/pegasus_utils/share/pegasus_utils/local_setup.zsh
[0.328s] -- Up-to-date symlink: /home/ricardo22/capture/src/install/pegasus_utils/share/pegasus_utils/local_setup.dsv
[0.329s] -- Symlinking: /home/ricardo22/capture/src/install/pegasus_utils/share/pegasus_utils/package.dsv
[0.373s] -- Up-to-date symlink: /home/ricardo22/capture/src/install/pegasus_utils/share/ament_index/resource_index/packages/pegasus_utils
[0.374s] -- Up-to-date symlink: /home/ricardo22/capture/src/install/pegasus_utils/share/pegasus_utils/cmake/ament_cmake_export_dependencies-extras.cmake
[0.375s] -- Up-to-date symlink: /home/ricardo22/capture/src/install/pegasus_utils/share/pegasus_utils/cmake/ament_cmake_export_targets-extras.cmake
[0.375s] -- Up-to-date symlink: /home/ricardo22/capture/src/install/pegasus_utils/share/pegasus_utils/cmake/pegasus_utilsConfig.cmake
[0.376s] -- Up-to-date symlink: /home/ricardo22/capture/src/install/pegasus_utils/share/pegasus_utils/cmake/pegasus_utilsConfig-version.cmake
[0.376s] -- Up-to-date symlink: /home/ricardo22/capture/src/install/pegasus_utils/share/pegasus_utils/package.xml
[0.377s] -- Up-to-date: /home/ricardo22/capture/src/install/pegasus_utils/share/pegasus_utils/cmake/export_pegasus_utilsExport.cmake
[0.380s] Invoked command in '/home/ricardo22/capture/src/build/pegasus_utils' returned '0': CMAKE_PREFIX_PATH=${CMAKE_PREFIX_PATH}:/home/ricardo22/capture/install/pegasus_demos:/home/ricardo22/capture/install/capture_missions:/opt/ros/humble /usr/bin/cmake --install /home/ricardo22/capture/src/build/pegasus_utils
